# JRE version: Java(TM) SE Runtime Environment (8.0_191-b12) (build 1.8.0_191-b12)
# Java VM: Java HotSpot(TM) 64-Bit Server VM (25.191-b12 interpreted mode linux-amd64 compressed oops)
Heap:
 PSYoungGen      total 74752K, used 31539K [0x00000000f5580000, 0x00000000fa880000, 0x0000000100000000)
  eden space 64512K, 47% used [0x00000000f5580000,0x00000000f73776d8,0x00000000f9480000)
  from space 10240K, 8% used [0x00000000f9480000,0x00000000f9555570,0x00000000f9e80000)
  to   space 10240K, 0% used [0x00000000f9e80000,0x00000000f9e80000,0x00000000fa880000)
 ParOldGen       total 171008K, used 4556K [0x00000000e0000000, 0x00000000ea700000, 0x00000000f5580000)
  object space 171008K, 2% used [0x00000000e0000000,0x00000000e0473388,0x00000000ea700000)
 Metaspace       used 22137K, capacity 22474K, committed 22912K, reserved 1069056K
  class space    used 3262K, capacity 3380K, committed 3456K, reserved 1048576K
GC Heap History (8 events):
Event: 86.541 GC heap before
{Heap before GC invocations=1 (full 0):
 PSYoungGen      total 74752K, used 64512K [0x00000000f5580000, 0x00000000fa880000, 0x0000000100000000)
  eden space 64512K, 100% used [0x00000000f5580000,0x00000000f9480000,0x00000000f9480000)
  from space 10240K, 0% used [0x00000000f9e80000,0x00000000f9e80000,0x00000000fa880000)
  to   space 10240K, 0% used [0x00000000f9480000,0x00000000f9480000,0x00000000f9e80000)
 ParOldGen       total 171008K, used 0K [0x00000000e0000000, 0x00000000ea700000, 0x00000000f5580000)
  object space 171008K, 0% used [0x00000000e0000000,0x00000000e0000000,0x00000000ea700000)
 Metaspace       used 19301K, capacity 19462K, committed 19840K, reserved 1067008K
  class space    used 2780K, capacity 2862K, committed 2944K, reserved 1048576K
Event: 86.547 GC heap after
Heap after GC invocations=1 (full 0):
 PSYoungGen      total 74752K, used 4905K [0x00000000f5580000, 0x00000000fa880000, 0x0000000100000000)
  eden space 64512K, 0% used [0x00000000f5580000,0x00000000f5580000,0x00000000f9480000)
  from space 10240K, 47% used [0x00000000f9480000,0x00000000f994a680,0x00000000f9e80000)
  to   space 10240K, 0% used [0x00000000f9e80000,0x00000000f9e80000,0x00000000fa880000)
 ParOldGen       total 171008K, used 0K [0x00000000e0000000, 0x00000000ea700000, 0x00000000f5580000)
  object space 171008K, 0% used [0x00000000e0000000,0x00000000e0000000,0x00000000ea700000)
 Metaspace       used 19301K, capacity 19462K, committed 19840K, reserved 1067008K
  class space    used 2780K, capacity 2862K, committed 2944K, reserved 1048576K
}
Event: 90.168 GC heap before
{Heap before GC invocations=2 (full 0):
 PSYoungGen      total 74752K, used 11614K [0x00000000f5580000, 0x00000000fa880000, 0x0000000100000000)
  eden space 64512K, 10% used [0x00000000f5580000,0x00000000f5c0d328,0x00000000f9480000)
  from space 10240K, 47% used [0x00000000f9480000,0x00000000f994a680,0x00000000f9e80000)
  to   space 10240K, 0% used [0x00000000f9e80000,0x00000000f9e80000,0x00000000fa880000)
 ParOldGen       total 171008K, used 0K [0x00000000e0000000, 0x00000000ea700000, 0x00000000f5580000)
  object space 171008K, 0% used [0x00000000e0000000,0x00000000e0000000,0x00000000ea700000)
 Metaspace       used 19931K, capacity 20198K, committed 20480K, reserved 1067008K
  class space    used 2856K, capacity 2958K, committed 3072K, reserved 1048576K
Event: 90.171 GC heap after
Heap after GC invocations=2 (full 0):
 PSYoungGen      total 74752K, used 4779K [0x00000000f5580000, 0x00000000fa880000, 0x0000000100000000)
  eden space 64512K, 0% used [0x00000000f5580000,0x00000000f5580000,0x00000000f9480000)
  from space 10240K, 46% used [0x00000000f9e80000,0x00000000fa32add0,0x00000000fa880000)
  to   space 10240K, 0% used [0x00000000f9480000,0x00000000f9480000,0x00000000f9e80000)
 ParOldGen       total 171008K, used 0K [0x00000000e0000000, 0x00000000ea700000, 0x00000000f5580000)
  object space 171008K, 0% used [0x00000000e0000000,0x00000000e0000000,0x00000000ea700000)
 Metaspace       used 19931K, capacity 20198K, committed 20480K, reserved 1067008K
  class space    used 2856K, capacity 2958K, committed 3072K, reserved 1048576K
}
Event: 90.171 GC heap before
{Heap before GC invocations=3 (full 1):
 PSYoungGen      total 74752K, used 4779K [0x00000000f5580000, 0x00000000fa880000, 0x0000000100000000)
  eden space 64512K, 0% used [0x00000000f5580000,0x00000000f5580000,0x00000000f9480000)
  from space 10240K, 46% used [0x00000000f9e80000,0x00000000fa32add0,0x00000000fa880000)
  to   space 10240K, 0% used [0x00000000f9480000,0x00000000f9480000,0x00000000f9e80000)
 ParOldGen       total 171008K, used 0K [0x00000000e0000000, 0x00000000ea700000, 0x00000000f5580000)
  object space 171008K, 0% used [0x00000000e0000000,0x00000000e0000000,0x00000000ea700000)
 Metaspace       used 19931K, capacity 20198K, committed 20480K, reserved 1067008K
  class space    used 2856K, capacity 2958K, committed 3072K, reserved 1048576K
Event: 90.186 GC heap after
Heap after GC invocations=3 (full 1):
 PSYoungGen      total 74752K, used 0K [0x00000000f5580000, 0x00000000fa880000, 0x0000000100000000)
  eden space 64512K, 0% used [0x00000000f5580000,0x00000000f5580000,0x00000000f9480000)
  from space 10240K, 0% used [0x00000000f9e80000,0x00000000f9e80000,0x00000000fa880000)
  to   space 10240K, 0% used [0x00000000f9480000,0x00000000f9480000,0x00000000f9e80000)
 ParOldGen       total 171008K, used 4556K [0x00000000e0000000, 0x00000000ea700000, 0x00000000f5580000)
  object space 171008K, 2% used [0x00000000e0000000,0x00000000e0473388,0x00000000ea700000)
 Metaspace       used 19931K, capacity 20198K, committed 20480K, reserved 1067008K
  class space    used 2856K, capacity 2958K, committed 3072K, reserved 1048576K
}
Event: 96.010 GC heap before
{Heap before GC invocations=4 (full 1):
 PSYoungGen      total 74752K, used 64512K [0x00000000f5580000, 0x00000000fa880000, 0x0000000100000000)
  eden space 64512K, 100% used [0x00000000f5580000,0x00000000f9480000,0x00000000f9480000)
  from space 10240K, 0% used [0x00000000f9e80000,0x00000000f9e80000,0x00000000fa880000)
  to   space 10240K, 0% used [0x00000000f9480000,0x00000000f9480000,0x00000000f9e80000)
 ParOldGen       total 171008K, used 4556K [0x00000000e0000000, 0x00000000ea700000, 0x00000000f5580000)
  object space 171008K, 2% used [0x00000000e0000000,0x00000000e0473388,0x00000000ea700000)
 Metaspace       used 20411K, capacity 20692K, committed 20992K, reserved 1067008K
  class space    used 2939K, capacity 3033K, committed 3072K, reserved 1048576K
Event: 96.011 GC heap after
Heap after GC invocations=4 (full 1):
 PSYoungGen      total 74752K, used 853K [0x00000000f5580000, 0x00000000fa880000, 0x0000000100000000)
  eden space 64512K, 0% used [0x00000000f5580000,0x00000000f5580000,0x00000000f9480000)
  from space 10240K, 8% used [0x00000000f9480000,0x00000000f9555570,0x00000000f9e80000)
  to   space 10240K, 0% used [0x00000000f9e80000,0x00000000f9e80000,0x00000000fa880000)
 ParOldGen       total 171008K, used 4556K [0x00000000e0000000, 0x00000000ea700000, 0x00000000f5580000)
  object space 171008K, 2% used [0x00000000e0000000,0x00000000e0473388,0x00000000ea700000)
 Metaspace       used 20411K, capacity 20692K, committed 20992K, reserved 1067008K
  class space    used 2939K, capacity 3033K, committed 3072K, reserved 1048576K
}

