# JRE version: Java(TM) SE Runtime Environment (8.0_191-b12) (build 1.8.0_191-b12)
# Java VM: Java HotSpot(TM) 64-Bit Server VM (25.191-b12 interpreted mode linux-amd64 compressed oops)
Heap:
 PSYoungGen      total 74752K, used 32936K [0x00000000f5580000, 0x00000000fa880000, 0x0000000100000000)
  eden space 64512K, 49% used [0x00000000f5580000,0x00000000f74d0d20,0x00000000f9480000)
  from space 10240K, 8% used [0x00000000f9e80000,0x00000000f9f59320,0x00000000fa880000)
  to   space 10240K, 0% used [0x00000000f9480000,0x00000000f9480000,0x00000000f9e80000)
 ParOldGen       total 171008K, used 4738K [0x00000000e0000000, 0x00000000ea700000, 0x00000000f5580000)
  object space 171008K, 2% used [0x00000000e0000000,0x00000000e04a0a78,0x00000000ea700000)
 Metaspace       used 20903K, capacity 21258K, committed 21376K, reserved 1067008K
  class space    used 3067K, capacity 3188K, committed 3200K, reserved 1048576K
GC Heap History (6 events):
Event: 7.493 GC heap before
{Heap before GC invocations=1 (full 0):
 PSYoungGen      total 74752K, used 23253K [0x00000000f5580000, 0x00000000fa880000, 0x0000000100000000)
  eden space 64512K, 36% used [0x00000000f5580000,0x00000000f6c35618,0x00000000f9480000)
  from space 10240K, 0% used [0x00000000f9e80000,0x00000000f9e80000,0x00000000fa880000)
  to   space 10240K, 0% used [0x00000000f9480000,0x00000000f9480000,0x00000000f9e80000)
 ParOldGen       total 171008K, used 0K [0x00000000e0000000, 0x00000000ea700000, 0x00000000f5580000)
  object space 171008K, 0% used [0x00000000e0000000,0x00000000e0000000,0x00000000ea700000)
 Metaspace       used 18431K, capacity 18662K, committed 18944K, reserved 1064960K
  class space    used 2612K, capacity 2702K, committed 2816K, reserved 1048576K
Event: 7.497 GC heap after
Heap after GC invocations=1 (full 0):
 PSYoungGen      total 74752K, used 4908K [0x00000000f5580000, 0x00000000fa880000, 0x0000000100000000)
  eden space 64512K, 0% used [0x00000000f5580000,0x00000000f5580000,0x00000000f9480000)
  from space 10240K, 47% used [0x00000000f9480000,0x00000000f994b3e0,0x00000000f9e80000)
  to   space 10240K, 0% used [0x00000000f9e80000,0x00000000f9e80000,0x00000000fa880000)
 ParOldGen       total 171008K, used 0K [0x00000000e0000000, 0x00000000ea700000, 0x00000000f5580000)
  object space 171008K, 0% used [0x00000000e0000000,0x00000000e0000000,0x00000000ea700000)
 Metaspace       used 18431K, capacity 18662K, committed 18944K, reserved 1064960K
  class space    used 2612K, capacity 2702K, committed 2816K, reserved 1048576K
}
Event: 7.497 GC heap before
{Heap before GC invocations=2 (full 1):
 PSYoungGen      total 74752K, used 4908K [0x00000000f5580000, 0x00000000fa880000, 0x0000000100000000)
  eden space 64512K, 0% used [0x00000000f5580000,0x00000000f5580000,0x00000000f9480000)
  from space 10240K, 47% used [0x00000000f9480000,0x00000000f994b3e0,0x00000000f9e80000)
  to   space 10240K, 0% used [0x00000000f9e80000,0x00000000f9e80000,0x00000000fa880000)
 ParOldGen       total 171008K, used 0K [0x00000000e0000000, 0x00000000ea700000, 0x00000000f5580000)
  object space 171008K, 0% used [0x00000000e0000000,0x00000000e0000000,0x00000000ea700000)
 Metaspace       used 18431K, capacity 18662K, committed 18944K, reserved 1064960K
  class space    used 2612K, capacity 2702K, committed 2816K, reserved 1048576K
Event: 7.512 GC heap after
Heap after GC invocations=2 (full 1):
 PSYoungGen      total 74752K, used 0K [0x00000000f5580000, 0x00000000fa880000, 0x0000000100000000)
  eden space 64512K, 0% used [0x00000000f5580000,0x00000000f5580000,0x00000000f9480000)
  from space 10240K, 0% used [0x00000000f9480000,0x00000000f9480000,0x00000000f9e80000)
  to   space 10240K, 0% used [0x00000000f9e80000,0x00000000f9e80000,0x00000000fa880000)
 ParOldGen       total 171008K, used 4738K [0x00000000e0000000, 0x00000000ea700000, 0x00000000f5580000)
  object space 171008K, 2% used [0x00000000e0000000,0x00000000e04a0a78,0x00000000ea700000)
 Metaspace       used 18431K, capacity 18662K, committed 18944K, reserved 1064960K
  class space    used 2612K, capacity 2702K, committed 2816K, reserved 1048576K
}
Event: 12.374 GC heap before
{Heap before GC invocations=3 (full 1):
 PSYoungGen      total 74752K, used 64512K [0x00000000f5580000, 0x00000000fa880000, 0x0000000100000000)
  eden space 64512K, 100% used [0x00000000f5580000,0x00000000f9480000,0x00000000f9480000)
  from space 10240K, 0% used [0x00000000f9480000,0x00000000f9480000,0x00000000f9e80000)
  to   space 10240K, 0% used [0x00000000f9e80000,0x00000000f9e80000,0x00000000fa880000)
 ParOldGen       total 171008K, used 4738K [0x00000000e0000000, 0x00000000ea700000, 0x00000000f5580000)
  object space 171008K, 2% used [0x00000000e0000000,0x00000000e04a0a78,0x00000000ea700000)
 Metaspace       used 19047K, capacity 19316K, committed 19712K, reserved 1067008K
  class space    used 2719K, capacity 2809K, committed 2816K, reserved 1048576K
Event: 12.375 GC heap after
Heap after GC invocations=3 (full 1):
 PSYoungGen      total 74752K, used 868K [0x00000000f5580000, 0x00000000fa880000, 0x0000000100000000)
  eden space 64512K, 0% used [0x00000000f5580000,0x00000000f5580000,0x00000000f9480000)
  from space 10240K, 8% used [0x00000000f9e80000,0x00000000f9f59320,0x00000000fa880000)
  to   space 10240K, 0% used [0x00000000f9480000,0x00000000f9480000,0x00000000f9e80000)
 ParOldGen       total 171008K, used 4738K [0x00000000e0000000, 0x00000000ea700000, 0x00000000f5580000)
  object space 171008K, 2% used [0x00000000e0000000,0x00000000e04a0a78,0x00000000ea700000)
 Metaspace       used 19047K, capacity 19316K, committed 19712K, reserved 1067008K
  class space    used 2719K, capacity 2809K, committed 2816K, reserved 1048576K
}

