# JRE version: OpenJDK Runtime Environment (8.0_222-b10) (build 1.8.0_222-8u222-b10-1ubuntu1~18.04.1-b10)
# Java VM: OpenJDK 64-Bit Server VM (25.222-b10 mixed mode linux-amd64 compressed oops)
Heap:
 PSYoungGen      total 28160K, used 26408K [0x00000000e0000000, 0x00000000e2080000, 0x0000000100000000)
  eden space 26112K, 97% used [0x00000000e0000000,0x00000000e18f8348,0x00000000e1980000)
  from space 2048K, 41% used [0x00000000e1980000,0x00000000e1a51fd0,0x00000000e1b80000)
  to   space 2048K, 0% used [0x00000000e1e80000,0x00000000e1e80000,0x00000000e2080000)
 ParOldGen       total 36352K, used 6105K [0x00000000a0000000, 0x00000000a2380000, 0x00000000e0000000)
  object space 36352K, 16% used [0x00000000a0000000,0x00000000a05f6480,0x00000000a2380000)
 Metaspace       used 27608K, capacity 27942K, committed 28160K, reserved 1073152K
  class space    used 3397K, capacity 3527K, committed 3584K, reserved 1048576K
GC Heap History (10 events):
Event: 80453.272 GC heap before
{Heap before GC invocations=59 (full 2):
 PSYoungGen      total 25600K, used 516K [0x00000000e0000000, 0x00000000e1b00000, 0x0000000100000000)
  eden space 23552K, 0% used [0x00000000e0000000,0x00000000e0000000,0x00000000e1700000)
  from space 2048K, 25% used [0x00000000e1700000,0x00000000e1781278,0x00000000e1900000)
  to   space 2048K, 0% used [0x00000000e1900000,0x00000000e1900000,0x00000000e1b00000)
 ParOldGen       total 36352K, used 8294K [0x00000000a0000000, 0x00000000a2380000, 0x00000000e0000000)
  object space 36352K, 22% used [0x00000000a0000000,0x00000000a08198b0,0x00000000a2380000)
 Metaspace       used 27414K, capacity 27774K, committed 28160K, reserved 1073152K
  class space    used 3390K, capacity 3535K, committed 3584K, reserved 1048576K
Event: 80453.325 GC heap after
Heap after GC invocations=59 (full 2):
 PSYoungGen      total 25600K, used 0K [0x00000000e0000000, 0x00000000e1b00000, 0x0000000100000000)
  eden space 23552K, 0% used [0x00000000e0000000,0x00000000e0000000,0x00000000e1700000)
  from space 2048K, 0% used [0x00000000e1700000,0x00000000e1700000,0x00000000e1900000)
  to   space 2048K, 0% used [0x00000000e1900000,0x00000000e1900000,0x00000000e1b00000)
 ParOldGen       total 36352K, used 6097K [0x00000000a0000000, 0x00000000a2380000, 0x00000000e0000000)
  object space 36352K, 16% used [0x00000000a0000000,0x00000000a05f4480,0x00000000a2380000)
 Metaspace       used 27399K, capacity 27750K, committed 28160K, reserved 1073152K
  class space    used 3386K, capacity 3527K, committed 3584K, reserved 1048576K
}
Event: 80453.894 GC heap before
{Heap before GC invocations=60 (full 2):
 PSYoungGen      total 25600K, used 23552K [0x00000000e0000000, 0x00000000e1b00000, 0x0000000100000000)
  eden space 23552K, 100% used [0x00000000e0000000,0x00000000e1700000,0x00000000e1700000)
  from space 2048K, 0% used [0x00000000e1700000,0x00000000e1700000,0x00000000e1900000)
  to   space 2048K, 0% used [0x00000000e1900000,0x00000000e1900000,0x00000000e1b00000)
 ParOldGen       total 36352K, used 6097K [0x00000000a0000000, 0x00000000a2380000, 0x00000000e0000000)
  object space 36352K, 16% used [0x00000000a0000000,0x00000000a05f4480,0x00000000a2380000)
 Metaspace       used 27430K, capacity 27750K, committed 28160K, reserved 1073152K
  class space    used 3387K, capacity 3527K, committed 3584K, reserved 1048576K
Event: 80453.895 GC heap after
Heap after GC invocations=60 (full 2):
 PSYoungGen      total 25600K, used 576K [0x00000000e0000000, 0x00000000e1b00000, 0x0000000100000000)
  eden space 23552K, 0% used [0x00000000e0000000,0x00000000e0000000,0x00000000e1700000)
  from space 2048K, 28% used [0x00000000e1900000,0x00000000e1990000,0x00000000e1b00000)
  to   space 2048K, 0% used [0x00000000e1700000,0x00000000e1700000,0x00000000e1900000)
 ParOldGen       total 36352K, used 6097K [0x00000000a0000000, 0x00000000a2380000, 0x00000000e0000000)
  object space 36352K, 16% used [0x00000000a0000000,0x00000000a05f4480,0x00000000a2380000)
 Metaspace       used 27430K, capacity 27750K, committed 28160K, reserved 1073152K
  class space    used 3387K, capacity 3527K, committed 3584K, reserved 1048576K
}
Event: 80453.963 GC heap before
{Heap before GC invocations=61 (full 2):
 PSYoungGen      total 25600K, used 24128K [0x00000000e0000000, 0x00000000e1b00000, 0x0000000100000000)
  eden space 23552K, 100% used [0x00000000e0000000,0x00000000e1700000,0x00000000e1700000)
  from space 2048K, 28% used [0x00000000e1900000,0x00000000e1990000,0x00000000e1b00000)
  to   space 2048K, 0% used [0x00000000e1700000,0x00000000e1700000,0x00000000e1900000)
 ParOldGen       total 36352K, used 6097K [0x00000000a0000000, 0x00000000a2380000, 0x00000000e0000000)
  object space 36352K, 16% used [0x00000000a0000000,0x00000000a05f4480,0x00000000a2380000)
 Metaspace       used 27432K, capacity 27750K, committed 28160K, reserved 1073152K
  class space    used 3387K, capacity 3527K, committed 3584K, reserved 1048576K
Event: 80453.965 GC heap after
Heap after GC invocations=61 (full 2):
 PSYoungGen      total 25600K, used 324K [0x00000000e0000000, 0x00000000e1d80000, 0x0000000100000000)
  eden space 23552K, 0% used [0x00000000e0000000,0x00000000e0000000,0x00000000e1700000)
  from space 2048K, 15% used [0x00000000e1700000,0x00000000e1751300,0x00000000e1900000)
  to   space 2048K, 0% used [0x00000000e1b80000,0x00000000e1b80000,0x00000000e1d80000)
 ParOldGen       total 36352K, used 6097K [0x00000000a0000000, 0x00000000a2380000, 0x00000000e0000000)
  object space 36352K, 16% used [0x00000000a0000000,0x00000000a05f4480,0x00000000a2380000)
 Metaspace       used 27432K, capacity 27750K, committed 28160K, reserved 1073152K
  class space    used 3387K, capacity 3527K, committed 3584K, reserved 1048576K
}
Event: 80454.510 GC heap before
{Heap before GC invocations=62 (full 2):
 PSYoungGen      total 25600K, used 23876K [0x00000000e0000000, 0x00000000e1d80000, 0x0000000100000000)
  eden space 23552K, 100% used [0x00000000e0000000,0x00000000e1700000,0x00000000e1700000)
  from space 2048K, 15% used [0x00000000e1700000,0x00000000e1751300,0x00000000e1900000)
  to   space 2048K, 0% used [0x00000000e1b80000,0x00000000e1b80000,0x00000000e1d80000)
 ParOldGen       total 36352K, used 6097K [0x00000000a0000000, 0x00000000a2380000, 0x00000000e0000000)
  object space 36352K, 16% used [0x00000000a0000000,0x00000000a05f4480,0x00000000a2380000)
 Metaspace       used 27438K, capacity 27750K, committed 28160K, reserved 1073152K
  class space    used 3387K, capacity 3527K, committed 3584K, reserved 1048576K
Event: 80454.511 GC heap after
Heap after GC invocations=62 (full 2):
 PSYoungGen      total 28160K, used 724K [0x00000000e0000000, 0x00000000e1d80000, 0x0000000100000000)
  eden space 26112K, 0% used [0x00000000e0000000,0x00000000e0000000,0x00000000e1980000)
  from space 2048K, 35% used [0x00000000e1b80000,0x00000000e1c35310,0x00000000e1d80000)
  to   space 2048K, 0% used [0x00000000e1980000,0x00000000e1980000,0x00000000e1b80000)
 ParOldGen       total 36352K, used 6097K [0x00000000a0000000, 0x00000000a2380000, 0x00000000e0000000)
  object space 36352K, 16% used [0x00000000a0000000,0x00000000a05f4480,0x00000000a2380000)
 Metaspace       used 27438K, capacity 27750K, committed 28160K, reserved 1073152K
  class space    used 3387K, capacity 3527K, committed 3584K, reserved 1048576K
}
Event: 80454.627 GC heap before
{Heap before GC invocations=63 (full 2):
 PSYoungGen      total 28160K, used 26836K [0x00000000e0000000, 0x00000000e1d80000, 0x0000000100000000)
  eden space 26112K, 100% used [0x00000000e0000000,0x00000000e1980000,0x00000000e1980000)
  from space 2048K, 35% used [0x00000000e1b80000,0x00000000e1c35310,0x00000000e1d80000)
  to   space 2048K, 0% used [0x00000000e1980000,0x00000000e1980000,0x00000000e1b80000)
 ParOldGen       total 36352K, used 6097K [0x00000000a0000000, 0x00000000a2380000, 0x00000000e0000000)
  object space 36352K, 16% used [0x00000000a0000000,0x00000000a05f4480,0x00000000a2380000)
 Metaspace       used 27487K, capacity 27814K, committed 28160K, reserved 1073152K
  class space    used 3388K, capacity 3527K, committed 3584K, reserved 1048576K
Event: 80454.628 GC heap after
Heap after GC invocations=63 (full 2):
 PSYoungGen      total 28160K, used 839K [0x00000000e0000000, 0x00000000e2080000, 0x0000000100000000)
  eden space 26112K, 0% used [0x00000000e0000000,0x00000000e0000000,0x00000000e1980000)
  from space 2048K, 41% used [0x00000000e1980000,0x00000000e1a51fd0,0x00000000e1b80000)
  to   space 2048K, 0% used [0x00000000e1e80000,0x00000000e1e80000,0x00000000e2080000)
 ParOldGen       total 36352K, used 6105K [0x00000000a0000000, 0x00000000a2380000, 0x00000000e0000000)
  object space 36352K, 16% used [0x00000000a0000000,0x00000000a05f6480,0x00000000a2380000)
 Metaspace       used 27487K, capacity 27814K, committed 28160K, reserved 1073152K
  class space    used 3388K, capacity 3527K, committed 3584K, reserved 1048576K
}

