# JRE version: OpenJDK Runtime Environment (8.0_222-b10) (build 1.8.0_222-8u222-b10-1ubuntu1~18.04.1-b10)
# Java VM: OpenJDK 64-Bit Server VM (25.222-b10 interpreted mode linux-amd64 compressed oops)
Heap:
 PSYoungGen      total 130048K, used 17118K [0x00000000f5580000, 0x00000000fdb80000, 0x0000000100000000)
  eden space 123904K, 12% used [0x00000000f5580000,0x00000000f6459b80,0x00000000fce80000)
  from space 6144K, 31% used [0x00000000fd580000,0x00000000fd75dfc0,0x00000000fdb80000)
  to   space 6656K, 0% used [0x00000000fce80000,0x00000000fce80000,0x00000000fd500000)
 ParOldGen       total 37376K, used 4700K [0x00000000e0000000, 0x00000000e2480000, 0x00000000f5580000)
  object space 37376K, 12% used [0x00000000e0000000,0x00000000e0497060,0x00000000e2480000)
 Metaspace       used 22702K, capacity 23090K, committed 23472K, reserved 1069056K
  class space    used 3286K, capacity 3405K, committed 3504K, reserved 1048576K
GC Heap History (10 events):
Event: 6.607 GC heap before
{Heap before GC invocations=3 (full 1):
 PSYoungGen      total 36864K, used 4940K [0x00000000f5580000, 0x00000000f9d80000, 0x0000000100000000)
  eden space 31744K, 0% used [0x00000000f5580000,0x00000000f5580000,0x00000000f7480000)
  from space 5120K, 96% used [0x00000000f7980000,0x00000000f7e53150,0x00000000f7e80000)
  to   space 5120K, 0% used [0x00000000f7480000,0x00000000f7480000,0x00000000f7980000)
 ParOldGen       total 84992K, used 509K [0x00000000e0000000, 0x00000000e5300000, 0x00000000f5580000)
  object space 84992K, 0% used [0x00000000e0000000,0x00000000e007f4d0,0x00000000e5300000)
 Metaspace       used 20823K, capacity 21114K, committed 21296K, reserved 1067008K
  class space    used 2992K, capacity 3113K, committed 3120K, reserved 1048576K
Event: 6.620 GC heap after
Heap after GC invocations=3 (full 1):
 PSYoungGen      total 36864K, used 0K [0x00000000f5580000, 0x00000000f9d80000, 0x0000000100000000)
  eden space 31744K, 0% used [0x00000000f5580000,0x00000000f5580000,0x00000000f7480000)
  from space 5120K, 0% used [0x00000000f7980000,0x00000000f7980000,0x00000000f7e80000)
  to   space 5120K, 0% used [0x00000000f7480000,0x00000000f7480000,0x00000000f7980000)
 ParOldGen       total 37376K, used 4700K [0x00000000e0000000, 0x00000000e2480000, 0x00000000f5580000)
  object space 37376K, 12% used [0x00000000e0000000,0x00000000e0497060,0x00000000e2480000)
 Metaspace       used 20823K, capacity 21114K, committed 21296K, reserved 1067008K
  class space    used 2992K, capacity 3113K, committed 3120K, reserved 1048576K
}
Event: 17.238 GC heap before
{Heap before GC invocations=4 (full 1):
 PSYoungGen      total 36864K, used 31744K [0x00000000f5580000, 0x00000000f9d80000, 0x0000000100000000)
  eden space 31744K, 100% used [0x00000000f5580000,0x00000000f7480000,0x00000000f7480000)
  from space 5120K, 0% used [0x00000000f7980000,0x00000000f7980000,0x00000000f7e80000)
  to   space 5120K, 0% used [0x00000000f7480000,0x00000000f7480000,0x00000000f7980000)
 ParOldGen       total 37376K, used 4700K [0x00000000e0000000, 0x00000000e2480000, 0x00000000f5580000)
  object space 37376K, 12% used [0x00000000e0000000,0x00000000e0497060,0x00000000e2480000)
 Metaspace       used 22221K, capacity 22566K, committed 22832K, reserved 1069056K
  class space    used 3214K, capacity 3339K, committed 3376K, reserved 1048576K
Event: 17.240 GC heap after
Heap after GC invocations=4 (full 1):
 PSYoungGen      total 36864K, used 1296K [0x00000000f5580000, 0x00000000f9d00000, 0x0000000100000000)
  eden space 31744K, 0% used [0x00000000f5580000,0x00000000f5580000,0x00000000f7480000)
  from space 5120K, 25% used [0x00000000f7480000,0x00000000f75c4248,0x00000000f7980000)
  to   space 5120K, 0% used [0x00000000f9800000,0x00000000f9800000,0x00000000f9d00000)
 ParOldGen       total 37376K, used 4700K [0x00000000e0000000, 0x00000000e2480000, 0x00000000f5580000)
  object space 37376K, 12% used [0x00000000e0000000,0x00000000e0497060,0x00000000e2480000)
 Metaspace       used 22221K, capacity 22566K, committed 22832K, reserved 1069056K
  class space    used 3214K, capacity 3339K, committed 3376K, reserved 1048576K
}
Event: 21.107 GC heap before
{Heap before GC invocations=5 (full 1):
 PSYoungGen      total 36864K, used 33040K [0x00000000f5580000, 0x00000000f9d00000, 0x0000000100000000)
  eden space 31744K, 100% used [0x00000000f5580000,0x00000000f7480000,0x00000000f7480000)
  from space 5120K, 25% used [0x00000000f7480000,0x00000000f75c4248,0x00000000f7980000)
  to   space 5120K, 0% used [0x00000000f9800000,0x00000000f9800000,0x00000000f9d00000)
 ParOldGen       total 37376K, used 4700K [0x00000000e0000000, 0x00000000e2480000, 0x00000000f5580000)
  object space 37376K, 12% used [0x00000000e0000000,0x00000000e0497060,0x00000000e2480000)
 Metaspace       used 22517K, capacity 22892K, committed 23216K, reserved 1069056K
  class space    used 3254K, capacity 3404K, committed 3504K, reserved 1048576K
Event: 21.109 GC heap after
Heap after GC invocations=5 (full 1):
 PSYoungGen      total 68096K, used 1609K [0x00000000f5580000, 0x00000000f9d00000, 0x0000000100000000)
  eden space 62976K, 0% used [0x00000000f5580000,0x00000000f5580000,0x00000000f9300000)
  from space 5120K, 31% used [0x00000000f9800000,0x00000000f9992600,0x00000000f9d00000)
  to   space 5120K, 0% used [0x00000000f9300000,0x00000000f9300000,0x00000000f9800000)
 ParOldGen       total 37376K, used 4700K [0x00000000e0000000, 0x00000000e2480000, 0x00000000f5580000)
  object space 37376K, 12% used [0x00000000e0000000,0x00000000e0497060,0x00000000e2480000)
 Metaspace       used 22517K, capacity 22892K, committed 23216K, reserved 1069056K
  class space    used 3254K, capacity 3404K, committed 3504K, reserved 1048576K
}
Event: 68.215 GC heap before
{Heap before GC invocations=6 (full 1):
 PSYoungGen      total 68096K, used 64585K [0x00000000f5580000, 0x00000000f9d00000, 0x0000000100000000)
  eden space 62976K, 100% used [0x00000000f5580000,0x00000000f9300000,0x00000000f9300000)
  from space 5120K, 31% used [0x00000000f9800000,0x00000000f9992600,0x00000000f9d00000)
  to   space 5120K, 0% used [0x00000000f9300000,0x00000000f9300000,0x00000000f9800000)
 ParOldGen       total 37376K, used 4700K [0x00000000e0000000, 0x00000000e2480000, 0x00000000f5580000)
  object space 37376K, 12% used [0x00000000e0000000,0x00000000e0497060,0x00000000e2480000)
 Metaspace       used 22636K, capacity 22962K, committed 23472K, reserved 1069056K
  class space    used 3264K, capacity 3405K, committed 3504K, reserved 1048576K
Event: 68.216 GC heap after
Heap after GC invocations=6 (full 1):
 PSYoungGen      total 68096K, used 2072K [0x00000000f5580000, 0x00000000fdc00000, 0x0000000100000000)
  eden space 62976K, 0% used [0x00000000f5580000,0x00000000f5580000,0x00000000f9300000)
  from space 5120K, 40% used [0x00000000f9300000,0x00000000f9506240,0x00000000f9800000)
  to   space 6656K, 0% used [0x00000000fd580000,0x00000000fd580000,0x00000000fdc00000)
 ParOldGen       total 37376K, used 4700K [0x00000000e0000000, 0x00000000e2480000, 0x00000000f5580000)
  object space 37376K, 12% used [0x00000000e0000000,0x00000000e0497060,0x00000000e2480000)
 Metaspace       used 22636K, capacity 22962K, committed 23472K, reserved 1069056K
  class space    used 3264K, capacity 3405K, committed 3504K, reserved 1048576K
}
Event: 85.177 GC heap before
{Heap before GC invocations=7 (full 1):
 PSYoungGen      total 68096K, used 65048K [0x00000000f5580000, 0x00000000fdc00000, 0x0000000100000000)
  eden space 62976K, 100% used [0x00000000f5580000,0x00000000f9300000,0x00000000f9300000)
  from space 5120K, 40% used [0x00000000f9300000,0x00000000f9506240,0x00000000f9800000)
  to   space 6656K, 0% used [0x00000000fd580000,0x00000000fd580000,0x00000000fdc00000)
 ParOldGen       total 37376K, used 4700K [0x00000000e0000000, 0x00000000e2480000, 0x00000000f5580000)
  object space 37376K, 12% used [0x00000000e0000000,0x00000000e0497060,0x00000000e2480000)
 Metaspace       used 22636K, capacity 22962K, committed 23472K, reserved 1069056K
  class space    used 3264K, capacity 3405K, committed 3504K, reserved 1048576K
Event: 85.179 GC heap after
Heap after GC invocations=7 (full 1):
 PSYoungGen      total 130048K, used 1911K [0x00000000f5580000, 0x00000000fdb80000, 0x0000000100000000)
  eden space 123904K, 0% used [0x00000000f5580000,0x00000000f5580000,0x00000000fce80000)
  from space 6144K, 31% used [0x00000000fd580000,0x00000000fd75dfc0,0x00000000fdb80000)
  to   space 6656K, 0% used [0x00000000fce80000,0x00000000fce80000,0x00000000fd500000)
 ParOldGen       total 37376K, used 4700K [0x00000000e0000000, 0x00000000e2480000, 0x00000000f5580000)
  object space 37376K, 12% used [0x00000000e0000000,0x00000000e0497060,0x00000000e2480000)
 Metaspace       used 22636K, capacity 22962K, committed 23472K, reserved 1069056K
  class space    used 3264K, capacity 3405K, committed 3504K, reserved 1048576K
}

