# JRE version: OpenJDK Runtime Environment (8.0_222-b10) (build 1.8.0_222-8u222-b10-1ubuntu1~18.04.1-b10)
# Java VM: OpenJDK 64-Bit Server VM (25.222-b10 interpreted mode linux-amd64 compressed oops)
Heap:
 PSYoungGen      total 28160K, used 1059K [0x00000000f5580000, 0x00000000f7780000, 0x0000000100000000)
  eden space 27648K, 3% used [0x00000000f5580000,0x00000000f5650c18,0x00000000f7080000)
  from space 512K, 43% used [0x00000000f7100000,0x00000000f7138000,0x00000000f7180000)
  to   space 3584K, 0% used [0x00000000f7400000,0x00000000f7400000,0x00000000f7780000)
 ParOldGen       total 84992K, used 7161K [0x00000000e0000000, 0x00000000e5300000, 0x00000000f5580000)
  object space 84992K, 8% used [0x00000000e0000000,0x00000000e06fe7d8,0x00000000e5300000)
 Metaspace       used 21756K, capacity 22144K, committed 22272K, reserved 1069056K
  class space    used 3152K, capacity 3290K, committed 3328K, reserved 1048576K
GC Heap History (10 events):
Event: 17.959 GC heap before
{Heap before GC invocations=10 (full 1):
 PSYoungGen      total 33280K, used 31721K [0x00000000f5580000, 0x00000000f7b00000, 0x0000000100000000)
  eden space 30208K, 100% used [0x00000000f5580000,0x00000000f7300000,0x00000000f7300000)
  from space 3072K, 49% used [0x00000000f7800000,0x00000000f797a690,0x00000000f7b00000)
  to   space 4096K, 0% used [0x00000000f7300000,0x00000000f7300000,0x00000000f7700000)
 ParOldGen       total 84992K, used 5008K [0x00000000e0000000, 0x00000000e5300000, 0x00000000f5580000)
  object space 84992K, 5% used [0x00000000e0000000,0x00000000e04e4078,0x00000000e5300000)
 Metaspace       used 21437K, capacity 21760K, committed 22016K, reserved 1069056K
  class space    used 3089K, capacity 3226K, committed 3328K, reserved 1048576K
Event: 17.961 GC heap after
Heap after GC invocations=10 (full 1):
 PSYoungGen      total 31744K, used 1748K [0x00000000f5580000, 0x00000000f7a80000, 0x0000000100000000)
  eden space 29696K, 0% used [0x00000000f5580000,0x00000000f5580000,0x00000000f7280000)
  from space 2048K, 85% used [0x00000000f7300000,0x00000000f74b5380,0x00000000f7500000)
  to   space 4096K, 0% used [0x00000000f7680000,0x00000000f7680000,0x00000000f7a80000)
 ParOldGen       total 84992K, used 5164K [0x00000000e0000000, 0x00000000e5300000, 0x00000000f5580000)
  object space 84992K, 6% used [0x00000000e0000000,0x00000000e050b3b8,0x00000000e5300000)
 Metaspace       used 21437K, capacity 21760K, committed 22016K, reserved 1069056K
  class space    used 3089K, capacity 3226K, committed 3328K, reserved 1048576K
}
Event: 19.768 GC heap before
{Heap before GC invocations=11 (full 1):
 PSYoungGen      total 31744K, used 31444K [0x00000000f5580000, 0x00000000f7a80000, 0x0000000100000000)
  eden space 29696K, 100% used [0x00000000f5580000,0x00000000f7280000,0x00000000f7280000)
  from space 2048K, 85% used [0x00000000f7300000,0x00000000f74b5380,0x00000000f7500000)
  to   space 4096K, 0% used [0x00000000f7680000,0x00000000f7680000,0x00000000f7a80000)
 ParOldGen       total 84992K, used 5164K [0x00000000e0000000, 0x00000000e5300000, 0x00000000f5580000)
  object space 84992K, 6% used [0x00000000e0000000,0x00000000e050b3b8,0x00000000e5300000)
 Metaspace       used 21461K, capacity 21760K, committed 22016K, reserved 1069056K
  class space    used 3094K, capacity 3226K, committed 3328K, reserved 1048576K
Event: 19.769 GC heap after
Heap after GC invocations=11 (full 1):
 PSYoungGen      total 31744K, used 1056K [0x00000000f5580000, 0x00000000f7900000, 0x0000000100000000)
  eden space 29184K, 0% used [0x00000000f5580000,0x00000000f5580000,0x00000000f7200000)
  from space 2560K, 41% used [0x00000000f7680000,0x00000000f7788000,0x00000000f7900000)
  to   space 3584K, 0% used [0x00000000f7200000,0x00000000f7200000,0x00000000f7580000)
 ParOldGen       total 84992K, used 5889K [0x00000000e0000000, 0x00000000e5300000, 0x00000000f5580000)
  object space 84992K, 6% used [0x00000000e0000000,0x00000000e05c0738,0x00000000e5300000)
 Metaspace       used 21461K, capacity 21760K, committed 22016K, reserved 1069056K
  class space    used 3094K, capacity 3226K, committed 3328K, reserved 1048576K
}
Event: 21.646 GC heap before
{Heap before GC invocations=12 (full 1):
 PSYoungGen      total 31744K, used 30240K [0x00000000f5580000, 0x00000000f7900000, 0x0000000100000000)
  eden space 29184K, 100% used [0x00000000f5580000,0x00000000f7200000,0x00000000f7200000)
  from space 2560K, 41% used [0x00000000f7680000,0x00000000f7788000,0x00000000f7900000)
  to   space 3584K, 0% used [0x00000000f7200000,0x00000000f7200000,0x00000000f7580000)
 ParOldGen       total 84992K, used 5889K [0x00000000e0000000, 0x00000000e5300000, 0x00000000f5580000)
  object space 84992K, 6% used [0x00000000e0000000,0x00000000e05c0738,0x00000000e5300000)
 Metaspace       used 21654K, capacity 22016K, committed 22272K, reserved 1069056K
  class space    used 3124K, capacity 3226K, committed 3328K, reserved 1048576K
Event: 21.648 GC heap after
Heap after GC invocations=12 (full 1):
 PSYoungGen      total 29696K, used 515K [0x00000000f5580000, 0x00000000f7880000, 0x0000000100000000)
  eden space 28672K, 0% used [0x00000000f5580000,0x00000000f5580000,0x00000000f7180000)
  from space 1024K, 50% used [0x00000000f7200000,0x00000000f7280d88,0x00000000f7300000)
  to   space 3584K, 0% used [0x00000000f7500000,0x00000000f7500000,0x00000000f7880000)
 ParOldGen       total 84992K, used 6721K [0x00000000e0000000, 0x00000000e5300000, 0x00000000f5580000)
  object space 84992K, 7% used [0x00000000e0000000,0x00000000e0690758,0x00000000e5300000)
 Metaspace       used 21654K, capacity 22016K, committed 22272K, reserved 1069056K
  class space    used 3124K, capacity 3226K, committed 3328K, reserved 1048576K
}
Event: 23.756 GC heap before
{Heap before GC invocations=13 (full 1):
 PSYoungGen      total 29696K, used 29187K [0x00000000f5580000, 0x00000000f7880000, 0x0000000100000000)
  eden space 28672K, 100% used [0x00000000f5580000,0x00000000f7180000,0x00000000f7180000)
  from space 1024K, 50% used [0x00000000f7200000,0x00000000f7280d88,0x00000000f7300000)
  to   space 3584K, 0% used [0x00000000f7500000,0x00000000f7500000,0x00000000f7880000)
 ParOldGen       total 84992K, used 6721K [0x00000000e0000000, 0x00000000e5300000, 0x00000000f5580000)
  object space 84992K, 7% used [0x00000000e0000000,0x00000000e0690758,0x00000000e5300000)
 Metaspace       used 21686K, capacity 22048K, committed 22272K, reserved 1069056K
  class space    used 3130K, capacity 3258K, committed 3328K, reserved 1048576K
Event: 23.758 GC heap after
Heap after GC invocations=13 (full 1):
 PSYoungGen      total 31232K, used 256K [0x00000000f5580000, 0x00000000f7800000, 0x0000000100000000)
  eden space 28160K, 0% used [0x00000000f5580000,0x00000000f5580000,0x00000000f7100000)
  from space 3072K, 8% used [0x00000000f7500000,0x00000000f7540000,0x00000000f7800000)
  to   space 3584K, 0% used [0x00000000f7100000,0x00000000f7100000,0x00000000f7480000)
 ParOldGen       total 84992K, used 7073K [0x00000000e0000000, 0x00000000e5300000, 0x00000000f5580000)
  object space 84992K, 8% used [0x00000000e0000000,0x00000000e06e87d8,0x00000000e5300000)
 Metaspace       used 21686K, capacity 22048K, committed 22272K, reserved 1069056K
  class space    used 3130K, capacity 3258K, committed 3328K, reserved 1048576K
}
Event: 25.685 GC heap before
{Heap before GC invocations=14 (full 1):
 PSYoungGen      total 31232K, used 28416K [0x00000000f5580000, 0x00000000f7800000, 0x0000000100000000)
  eden space 28160K, 100% used [0x00000000f5580000,0x00000000f7100000,0x00000000f7100000)
  from space 3072K, 8% used [0x00000000f7500000,0x00000000f7540000,0x00000000f7800000)
  to   space 3584K, 0% used [0x00000000f7100000,0x00000000f7100000,0x00000000f7480000)
 ParOldGen       total 84992K, used 7073K [0x00000000e0000000, 0x00000000e5300000, 0x00000000f5580000)
  object space 84992K, 8% used [0x00000000e0000000,0x00000000e06e87d8,0x00000000e5300000)
 Metaspace       used 21742K, capacity 22144K, committed 22272K, reserved 1069056K
  class space    used 3149K, capacity 3290K, committed 3328K, reserved 1048576K
Event: 25.686 GC heap after
Heap after GC invocations=14 (full 1):
 PSYoungGen      total 28160K, used 224K [0x00000000f5580000, 0x00000000f7780000, 0x0000000100000000)
  eden space 27648K, 0% used [0x00000000f5580000,0x00000000f5580000,0x00000000f7080000)
  from space 512K, 43% used [0x00000000f7100000,0x00000000f7138000,0x00000000f7180000)
  to   space 3584K, 0% used [0x00000000f7400000,0x00000000f7400000,0x00000000f7780000)
 ParOldGen       total 84992K, used 7161K [0x00000000e0000000, 0x00000000e5300000, 0x00000000f5580000)
  object space 84992K, 8% used [0x00000000e0000000,0x00000000e06fe7d8,0x00000000e5300000)
 Metaspace       used 21742K, capacity 22144K, committed 22272K, reserved 1069056K
  class space    used 3149K, capacity 3290K, committed 3328K, reserved 1048576K
}

