# JRE version: OpenJDK Runtime Environment (8.0_222-b10) (build 1.8.0_222-8u222-b10-1ubuntu1~18.04.1-b10)
# Java VM: OpenJDK 64-Bit Server VM (25.222-b10 mixed mode, sharing linux-amd64 compressed oops)
Heap:
 PSYoungGen      total 34816K, used 23385K [0x00000000f5580000, 0x00000000f7d00000, 0x0000000100000000)
  eden space 31232K, 67% used [0x00000000f5580000,0x00000000f69f5b90,0x00000000f7400000)
  from space 3584K, 67% used [0x00000000f7980000,0x00000000f7be0978,0x00000000f7d00000)
  to   space 4608K, 0% used [0x00000000f7400000,0x00000000f7400000,0x00000000f7880000)
 ParOldGen       total 84992K, used 4796K [0x00000000e0000000, 0x00000000e5300000, 0x00000000f5580000)
  object space 84992K, 5% used [0x00000000e0000000,0x00000000e04af2e0,0x00000000e5300000)
 Metaspace       used 12167K, capacity 12530K, committed 12928K, reserved 1060864K
  class space    used 1669K, capacity 1812K, committed 1920K, reserved 1048576K
GC Heap History (10 events):
Event: 4.170 GC heap before
{Heap before GC invocations=3 (full 1):
 PSYoungGen      total 36864K, used 31744K [0x00000000f5580000, 0x00000000f7e80000, 0x0000000100000000)
  eden space 31744K, 100% used [0x00000000f5580000,0x00000000f7480000,0x00000000f7480000)
  from space 5120K, 0% used [0x00000000f7480000,0x00000000f7480000,0x00000000f7980000)
  to   space 5120K, 0% used [0x00000000f7980000,0x00000000f7980000,0x00000000f7e80000)
 ParOldGen       total 84992K, used 4756K [0x00000000e0000000, 0x00000000e5300000, 0x00000000f5580000)
  object space 84992K, 5% used [0x00000000e0000000,0x00000000e04a52e0,0x00000000e5300000)
 Metaspace       used 9416K, capacity 9652K, committed 9984K, reserved 1058816K
  class space    used 1343K, capacity 1449K, committed 1536K, reserved 1048576K
Event: 4.171 GC heap after
Heap after GC invocations=3 (full 1):
 PSYoungGen      total 36864K, used 736K [0x00000000f5580000, 0x00000000f7e80000, 0x0000000100000000)
  eden space 31744K, 0% used [0x00000000f5580000,0x00000000f5580000,0x00000000f7480000)
  from space 5120K, 14% used [0x00000000f7980000,0x00000000f7a38000,0x00000000f7e80000)
  to   space 5120K, 0% used [0x00000000f7480000,0x00000000f7480000,0x00000000f7980000)
 ParOldGen       total 84992K, used 4764K [0x00000000e0000000, 0x00000000e5300000, 0x00000000f5580000)
  object space 84992K, 5% used [0x00000000e0000000,0x00000000e04a72e0,0x00000000e5300000)
 Metaspace       used 9416K, capacity 9652K, committed 9984K, reserved 1058816K
  class space    used 1343K, capacity 1449K, committed 1536K, reserved 1048576K
}
Event: 4.476 GC heap before
{Heap before GC invocations=4 (full 1):
 PSYoungGen      total 36864K, used 32480K [0x00000000f5580000, 0x00000000f7e80000, 0x0000000100000000)
  eden space 31744K, 100% used [0x00000000f5580000,0x00000000f7480000,0x00000000f7480000)
  from space 5120K, 14% used [0x00000000f7980000,0x00000000f7a38000,0x00000000f7e80000)
  to   space 5120K, 0% used [0x00000000f7480000,0x00000000f7480000,0x00000000f7980000)
 ParOldGen       total 84992K, used 4764K [0x00000000e0000000, 0x00000000e5300000, 0x00000000f5580000)
  object space 84992K, 5% used [0x00000000e0000000,0x00000000e04a72e0,0x00000000e5300000)
 Metaspace       used 9527K, capacity 9844K, committed 9984K, reserved 1058816K
  class space    used 1344K, capacity 1449K, committed 1536K, reserved 1048576K
Event: 4.477 GC heap after
Heap after GC invocations=4 (full 1):
 PSYoungGen      total 36864K, used 709K [0x00000000f5580000, 0x00000000f7e80000, 0x0000000100000000)
  eden space 31744K, 0% used [0x00000000f5580000,0x00000000f5580000,0x00000000f7480000)
  from space 5120K, 13% used [0x00000000f7480000,0x00000000f7531580,0x00000000f7980000)
  to   space 5120K, 0% used [0x00000000f7980000,0x00000000f7980000,0x00000000f7e80000)
 ParOldGen       total 84992K, used 4772K [0x00000000e0000000, 0x00000000e5300000, 0x00000000f5580000)
  object space 84992K, 5% used [0x00000000e0000000,0x00000000e04a92e0,0x00000000e5300000)
 Metaspace       used 9527K, capacity 9844K, committed 9984K, reserved 1058816K
  class space    used 1344K, capacity 1449K, committed 1536K, reserved 1048576K
}
Event: 4.811 GC heap before
{Heap before GC invocations=5 (full 1):
 PSYoungGen      total 36864K, used 32453K [0x00000000f5580000, 0x00000000f7e80000, 0x0000000100000000)
  eden space 31744K, 100% used [0x00000000f5580000,0x00000000f7480000,0x00000000f7480000)
  from space 5120K, 13% used [0x00000000f7480000,0x00000000f7531580,0x00000000f7980000)
  to   space 5120K, 0% used [0x00000000f7980000,0x00000000f7980000,0x00000000f7e80000)
 ParOldGen       total 84992K, used 4772K [0x00000000e0000000, 0x00000000e5300000, 0x00000000f5580000)
  object space 84992K, 5% used [0x00000000e0000000,0x00000000e04a92e0,0x00000000e5300000)
 Metaspace       used 9551K, capacity 9844K, committed 9984K, reserved 1058816K
  class space    used 1344K, capacity 1449K, committed 1536K, reserved 1048576K
Event: 4.812 GC heap after
Heap after GC invocations=5 (full 1):
 PSYoungGen      total 36864K, used 981K [0x00000000f5580000, 0x00000000f7e80000, 0x0000000100000000)
  eden space 31744K, 0% used [0x00000000f5580000,0x00000000f5580000,0x00000000f7480000)
  from space 5120K, 19% used [0x00000000f7980000,0x00000000f7a75570,0x00000000f7e80000)
  to   space 5120K, 0% used [0x00000000f7480000,0x00000000f7480000,0x00000000f7980000)
 ParOldGen       total 84992K, used 4780K [0x00000000e0000000, 0x00000000e5300000, 0x00000000f5580000)
  object space 84992K, 5% used [0x00000000e0000000,0x00000000e04ab2e0,0x00000000e5300000)
 Metaspace       used 9551K, capacity 9844K, committed 9984K, reserved 1058816K
  class space    used 1344K, capacity 1449K, committed 1536K, reserved 1048576K
}
Event: 5.521 GC heap before
{Heap before GC invocations=6 (full 1):
 PSYoungGen      total 36864K, used 32725K [0x00000000f5580000, 0x00000000f7e80000, 0x0000000100000000)
  eden space 31744K, 100% used [0x00000000f5580000,0x00000000f7480000,0x00000000f7480000)
  from space 5120K, 19% used [0x00000000f7980000,0x00000000f7a75570,0x00000000f7e80000)
  to   space 5120K, 0% used [0x00000000f7480000,0x00000000f7480000,0x00000000f7980000)
 ParOldGen       total 84992K, used 4780K [0x00000000e0000000, 0x00000000e5300000, 0x00000000f5580000)
  object space 84992K, 5% used [0x00000000e0000000,0x00000000e04ab2e0,0x00000000e5300000)
 Metaspace       used 11472K, capacity 11722K, committed 12032K, reserved 1058816K
  class space    used 1618K, capacity 1716K, committed 1792K, reserved 1048576K
Event: 5.523 GC heap after
Heap after GC invocations=6 (full 1):
 PSYoungGen      total 36864K, used 2155K [0x00000000f5580000, 0x00000000f7e80000, 0x0000000100000000)
  eden space 31744K, 0% used [0x00000000f5580000,0x00000000f5580000,0x00000000f7480000)
  from space 5120K, 42% used [0x00000000f7480000,0x00000000f769af40,0x00000000f7980000)
  to   space 5120K, 0% used [0x00000000f7980000,0x00000000f7980000,0x00000000f7e80000)
 ParOldGen       total 84992K, used 4788K [0x00000000e0000000, 0x00000000e5300000, 0x00000000f5580000)
  object space 84992K, 5% used [0x00000000e0000000,0x00000000e04ad2e0,0x00000000e5300000)
 Metaspace       used 11472K, capacity 11722K, committed 12032K, reserved 1058816K
  class space    used 1618K, capacity 1716K, committed 1792K, reserved 1048576K
}
Event: 6.550 GC heap before
{Heap before GC invocations=7 (full 1):
 PSYoungGen      total 36864K, used 33899K [0x00000000f5580000, 0x00000000f7e80000, 0x0000000100000000)
  eden space 31744K, 100% used [0x00000000f5580000,0x00000000f7480000,0x00000000f7480000)
  from space 5120K, 42% used [0x00000000f7480000,0x00000000f769af40,0x00000000f7980000)
  to   space 5120K, 0% used [0x00000000f7980000,0x00000000f7980000,0x00000000f7e80000)
 ParOldGen       total 84992K, used 4788K [0x00000000e0000000, 0x00000000e5300000, 0x00000000f5580000)
  object space 84992K, 5% used [0x00000000e0000000,0x00000000e04ad2e0,0x00000000e5300000)
 Metaspace       used 11929K, capacity 12242K, committed 12544K, reserved 1060864K
  class space    used 1646K, capacity 1780K, committed 1792K, reserved 1048576K
Event: 6.555 GC heap after
Heap after GC invocations=7 (full 1):
 PSYoungGen      total 34816K, used 2434K [0x00000000f5580000, 0x00000000f7d00000, 0x0000000100000000)
  eden space 31232K, 0% used [0x00000000f5580000,0x00000000f5580000,0x00000000f7400000)
  from space 3584K, 67% used [0x00000000f7980000,0x00000000f7be0978,0x00000000f7d00000)
  to   space 4608K, 0% used [0x00000000f7400000,0x00000000f7400000,0x00000000f7880000)
 ParOldGen       total 84992K, used 4796K [0x00000000e0000000, 0x00000000e5300000, 0x00000000f5580000)
  object space 84992K, 5% used [0x00000000e0000000,0x00000000e04af2e0,0x00000000e5300000)
 Metaspace       used 11929K, capacity 12242K, committed 12544K, reserved 1060864K
  class space    used 1646K, capacity 1780K, committed 1792K, reserved 1048576K
}

