# JRE version: OpenJDK Runtime Environment (11.0.4+11) (build 11.0.4+11-post-Ubuntu-1ubuntu218.04.3)
# Java VM: OpenJDK 64-Bit Server VM (11.0.4+11-post-Ubuntu-1ubuntu218.04.3, interpreted mode, sharing, compressed oops, g1 gc, linux-amd64)
Heap:
 garbage-first heap   total 37888K, used 16897K [0x00000000e0000000, 0x0000000100000000)
  region size 1024K, 10 young (10240K), 1 survivors (1024K)
 Metaspace       used 20089K, capacity 20827K, committed 21120K, reserved 1067008K
  class space    used 3044K, capacity 3363K, committed 3456K, reserved 1048576K
GC Heap History (10 events):
Event: 46.452 GC heap before
{Heap before GC invocations=6 (full 1):
 garbage-first heap   total 37888K, used 19284K [0x00000000e0000000, 0x0000000100000000)
  region size 1024K, 13 young (13312K), 1 survivors (1024K)
 Metaspace       used 18187K, capacity 18944K, committed 19200K, reserved 1064960K
  class space    used 2688K, capacity 3002K, committed 3072K, reserved 1048576K
}
Event: 46.453 GC heap after
{Heap after GC invocations=7 (full 1):
 garbage-first heap   total 37888K, used 7113K [0x00000000e0000000, 0x0000000100000000)
  region size 1024K, 1 young (1024K), 1 survivors (1024K)
 Metaspace       used 18187K, capacity 18944K, committed 19200K, reserved 1064960K
  class space    used 2688K, capacity 3002K, committed 3072K, reserved 1048576K
}
Event: 47.796 GC heap before
{Heap before GC invocations=7 (full 1):
 garbage-first heap   total 37888K, used 20425K [0x00000000e0000000, 0x0000000100000000)
  region size 1024K, 14 young (14336K), 1 survivors (1024K)
 Metaspace       used 18187K, capacity 18944K, committed 19200K, reserved 1064960K
  class space    used 2688K, capacity 3002K, committed 3072K, reserved 1048576K
}
Event: 47.797 GC heap after
{Heap after GC invocations=8 (full 1):
 garbage-first heap   total 37888K, used 7131K [0x00000000e0000000, 0x0000000100000000)
  region size 1024K, 1 young (1024K), 1 survivors (1024K)
 Metaspace       used 18187K, capacity 18944K, committed 19200K, reserved 1064960K
  class space    used 2688K, capacity 3002K, committed 3072K, reserved 1048576K
}
Event: 49.156 GC heap before
{Heap before GC invocations=8 (full 1):
 garbage-first heap   total 37888K, used 20443K [0x00000000e0000000, 0x0000000100000000)
  region size 1024K, 14 young (14336K), 1 survivors (1024K)
 Metaspace       used 18187K, capacity 18944K, committed 19200K, reserved 1064960K
  class space    used 2688K, capacity 3002K, committed 3072K, reserved 1048576K
}
Event: 49.157 GC heap after
{Heap after GC invocations=9 (full 1):
 garbage-first heap   total 37888K, used 7126K [0x00000000e0000000, 0x0000000100000000)
  region size 1024K, 1 young (1024K), 1 survivors (1024K)
 Metaspace       used 18187K, capacity 18944K, committed 19200K, reserved 1064960K
  class space    used 2688K, capacity 3002K, committed 3072K, reserved 1048576K
}
Event: 58.903 GC heap before
{Heap before GC invocations=9 (full 1):
 garbage-first heap   total 37888K, used 21462K [0x00000000e0000000, 0x0000000100000000)
  region size 1024K, 15 young (15360K), 1 survivors (1024K)
 Metaspace       used 19333K, capacity 20088K, committed 20480K, reserved 1067008K
  class space    used 2881K, capacity 3202K, committed 3328K, reserved 1048576K
}
Event: 58.904 GC heap after
{Heap after GC invocations=10 (full 1):
 garbage-first heap   total 37888K, used 8194K [0x00000000e0000000, 0x0000000100000000)
  region size 1024K, 2 young (2048K), 2 survivors (2048K)
 Metaspace       used 19333K, capacity 20088K, committed 20480K, reserved 1067008K
  class space    used 2881K, capacity 3202K, committed 3328K, reserved 1048576K
}
Event: 70.678 GC heap before
{Heap before GC invocations=10 (full 1):
 garbage-first heap   total 37888K, used 21506K [0x00000000e0000000, 0x0000000100000000)
  region size 1024K, 15 young (15360K), 2 survivors (2048K)
 Metaspace       used 19847K, capacity 20600K, committed 20864K, reserved 1067008K
  class space    used 3003K, capacity 3330K, committed 3456K, reserved 1048576K
}
Event: 70.680 GC heap after
{Heap after GC invocations=11 (full 1):
 garbage-first heap   total 37888K, used 8705K [0x00000000e0000000, 0x0000000100000000)
  region size 1024K, 1 young (1024K), 1 survivors (1024K)
 Metaspace       used 19847K, capacity 20600K, committed 20864K, reserved 1067008K
  class space    used 3003K, capacity 3330K, committed 3456K, reserved 1048576K
}

