# JRE version: OpenJDK Runtime Environment (8.0_222-b10) (build 1.8.0_222-8u222-b10-1ubuntu1~18.04.1-b10)
# Java VM: OpenJDK 64-Bit Server VM (25.222-b10 interpreted mode linux-amd64 compressed oops)
Heap:
 PSYoungGen      total 67584K, used 52190K [0x00000000f5580000, 0x00000000fda00000, 0x0000000100000000)
  eden space 62464K, 80% used [0x00000000f5580000,0x00000000f86c5010,0x00000000f9280000)
  from space 5120K, 33% used [0x00000000f9280000,0x00000000f9432860,0x00000000f9780000)
  to   space 6656K, 0% used [0x00000000fd380000,0x00000000fd380000,0x00000000fda00000)
 ParOldGen       total 37888K, used 4757K [0x00000000e0000000, 0x00000000e2500000, 0x00000000f5580000)
  object space 37888K, 12% used [0x00000000e0000000,0x00000000e04a5408,0x00000000e2500000)
 Metaspace       used 22764K, capacity 23090K, committed 23472K, reserved 1069056K
  class space    used 3298K, capacity 3405K, committed 3504K, reserved 1048576K
GC Heap History (10 events):
Event: 8.630 GC heap before
{Heap before GC invocations=2 (full 0):
 PSYoungGen      total 36864K, used 6914K [0x00000000f5580000, 0x00000000f7e80000, 0x0000000100000000)
  eden space 31744K, 5% used [0x00000000f5580000,0x00000000f5741168,0x00000000f7480000)
  from space 5120K, 99% used [0x00000000f7480000,0x00000000f797f7d8,0x00000000f7980000)
  to   space 5120K, 0% used [0x00000000f7980000,0x00000000f7980000,0x00000000f7e80000)
 ParOldGen       total 84992K, used 455K [0x00000000e0000000, 0x00000000e5300000, 0x00000000f5580000)
  object space 84992K, 0% used [0x00000000e0000000,0x00000000e0071c78,0x00000000e5300000)
 Metaspace       used 20824K, capacity 21114K, committed 21296K, reserved 1067008K
  class space    used 2992K, capacity 3113K, committed 3120K, reserved 1048576K
Event: 8.634 GC heap after
Heap after GC invocations=2 (full 0):
 PSYoungGen      total 36864K, used 4988K [0x00000000f5580000, 0x00000000f9d80000, 0x0000000100000000)
  eden space 31744K, 0% used [0x00000000f5580000,0x00000000f5580000,0x00000000f7480000)
  from space 5120K, 97% used [0x00000000f7980000,0x00000000f7e5f160,0x00000000f7e80000)
  to   space 5120K, 0% used [0x00000000f7480000,0x00000000f7480000,0x00000000f7980000)
 ParOldGen       total 84992K, used 455K [0x00000000e0000000, 0x00000000e5300000, 0x00000000f5580000)
  object space 84992K, 0% used [0x00000000e0000000,0x00000000e0071c78,0x00000000e5300000)
 Metaspace       used 20824K, capacity 21114K, committed 21296K, reserved 1067008K
  class space    used 2992K, capacity 3113K, committed 3120K, reserved 1048576K
}
Event: 8.634 GC heap before
{Heap before GC invocations=3 (full 1):
 PSYoungGen      total 36864K, used 4988K [0x00000000f5580000, 0x00000000f9d80000, 0x0000000100000000)
  eden space 31744K, 0% used [0x00000000f5580000,0x00000000f5580000,0x00000000f7480000)
  from space 5120K, 97% used [0x00000000f7980000,0x00000000f7e5f160,0x00000000f7e80000)
  to   space 5120K, 0% used [0x00000000f7480000,0x00000000f7480000,0x00000000f7980000)
 ParOldGen       total 84992K, used 455K [0x00000000e0000000, 0x00000000e5300000, 0x00000000f5580000)
  object space 84992K, 0% used [0x00000000e0000000,0x00000000e0071c78,0x00000000e5300000)
 Metaspace       used 20824K, capacity 21114K, committed 21296K, reserved 1067008K
  class space    used 2992K, capacity 3113K, committed 3120K, reserved 1048576K
Event: 8.647 GC heap after
Heap after GC invocations=3 (full 1):
 PSYoungGen      total 36864K, used 0K [0x00000000f5580000, 0x00000000f9d80000, 0x0000000100000000)
  eden space 31744K, 0% used [0x00000000f5580000,0x00000000f5580000,0x00000000f7480000)
  from space 5120K, 0% used [0x00000000f7980000,0x00000000f7980000,0x00000000f7e80000)
  to   space 5120K, 0% used [0x00000000f7480000,0x00000000f7480000,0x00000000f7980000)
 ParOldGen       total 37888K, used 4757K [0x00000000e0000000, 0x00000000e2500000, 0x00000000f5580000)
  object space 37888K, 12% used [0x00000000e0000000,0x00000000e04a5408,0x00000000e2500000)
 Metaspace       used 20824K, capacity 21114K, committed 21296K, reserved 1067008K
  class space    used 2992K, capacity 3113K, committed 3120K, reserved 1048576K
}
Event: 20.856 GC heap before
{Heap before GC invocations=4 (full 1):
 PSYoungGen      total 36864K, used 31744K [0x00000000f5580000, 0x00000000f9d80000, 0x0000000100000000)
  eden space 31744K, 100% used [0x00000000f5580000,0x00000000f7480000,0x00000000f7480000)
  from space 5120K, 0% used [0x00000000f7980000,0x00000000f7980000,0x00000000f7e80000)
  to   space 5120K, 0% used [0x00000000f7480000,0x00000000f7480000,0x00000000f7980000)
 ParOldGen       total 37888K, used 4757K [0x00000000e0000000, 0x00000000e2500000, 0x00000000f5580000)
  object space 37888K, 12% used [0x00000000e0000000,0x00000000e04a5408,0x00000000e2500000)
 Metaspace       used 21601K, capacity 21926K, committed 22192K, reserved 1069056K
  class space    used 3104K, capacity 3211K, committed 3248K, reserved 1048576K
Event: 20.860 GC heap after
Heap after GC invocations=4 (full 1):
 PSYoungGen      total 36864K, used 832K [0x00000000f5580000, 0x00000000f9d00000, 0x0000000100000000)
  eden space 31744K, 0% used [0x00000000f5580000,0x00000000f5580000,0x00000000f7480000)
  from space 5120K, 16% used [0x00000000f7480000,0x00000000f7550000,0x00000000f7980000)
  to   space 5120K, 0% used [0x00000000f9800000,0x00000000f9800000,0x00000000f9d00000)
 ParOldGen       total 37888K, used 4757K [0x00000000e0000000, 0x00000000e2500000, 0x00000000f5580000)
  object space 37888K, 12% used [0x00000000e0000000,0x00000000e04a5408,0x00000000e2500000)
 Metaspace       used 21601K, capacity 21926K, committed 22192K, reserved 1069056K
  class space    used 3104K, capacity 3211K, committed 3248K, reserved 1048576K
}
Event: 30.485 GC heap before
{Heap before GC invocations=5 (full 1):
 PSYoungGen      total 36864K, used 32576K [0x00000000f5580000, 0x00000000f9d00000, 0x0000000100000000)
  eden space 31744K, 100% used [0x00000000f5580000,0x00000000f7480000,0x00000000f7480000)
  from space 5120K, 16% used [0x00000000f7480000,0x00000000f7550000,0x00000000f7980000)
  to   space 5120K, 0% used [0x00000000f9800000,0x00000000f9800000,0x00000000f9d00000)
 ParOldGen       total 37888K, used 4757K [0x00000000e0000000, 0x00000000e2500000, 0x00000000f5580000)
  object space 37888K, 12% used [0x00000000e0000000,0x00000000e04a5408,0x00000000e2500000)
 Metaspace       used 22302K, capacity 22636K, committed 22832K, reserved 1069056K
  class space    used 3229K, capacity 3340K, committed 3376K, reserved 1048576K
Event: 30.486 GC heap after
Heap after GC invocations=5 (full 1):
 PSYoungGen      total 67072K, used 1552K [0x00000000f5580000, 0x00000000f9c80000, 0x0000000100000000)
  eden space 62464K, 0% used [0x00000000f5580000,0x00000000f5580000,0x00000000f9280000)
  from space 4608K, 33% used [0x00000000f9800000,0x00000000f9984010,0x00000000f9c80000)
  to   space 5120K, 0% used [0x00000000f9280000,0x00000000f9280000,0x00000000f9780000)
 ParOldGen       total 37888K, used 4757K [0x00000000e0000000, 0x00000000e2500000, 0x00000000f5580000)
  object space 37888K, 12% used [0x00000000e0000000,0x00000000e04a5408,0x00000000e2500000)
 Metaspace       used 22302K, capacity 22636K, committed 22832K, reserved 1069056K
  class space    used 3229K, capacity 3340K, committed 3376K, reserved 1048576K
}
Event: 47.619 GC heap before
{Heap before GC invocations=6 (full 1):
 PSYoungGen      total 67072K, used 63986K [0x00000000f5580000, 0x00000000f9c80000, 0x0000000100000000)
  eden space 62464K, 99% used [0x00000000f5580000,0x00000000f92787f8,0x00000000f9280000)
  from space 4608K, 33% used [0x00000000f9800000,0x00000000f9984010,0x00000000f9c80000)
  to   space 5120K, 0% used [0x00000000f9280000,0x00000000f9280000,0x00000000f9780000)
 ParOldGen       total 37888K, used 4757K [0x00000000e0000000, 0x00000000e2500000, 0x00000000f5580000)
  object space 37888K, 12% used [0x00000000e0000000,0x00000000e04a5408,0x00000000e2500000)
 Metaspace       used 22595K, capacity 22962K, committed 23472K, reserved 1069056K
  class space    used 3269K, capacity 3405K, committed 3504K, reserved 1048576K
Event: 47.620 GC heap after
Heap after GC invocations=6 (full 1):
 PSYoungGen      total 67584K, used 1738K [0x00000000f5580000, 0x00000000fda00000, 0x0000000100000000)
  eden space 62464K, 0% used [0x00000000f5580000,0x00000000f5580000,0x00000000f9280000)
  from space 5120K, 33% used [0x00000000f9280000,0x00000000f9432860,0x00000000f9780000)
  to   space 6656K, 0% used [0x00000000fd380000,0x00000000fd380000,0x00000000fda00000)
 ParOldGen       total 37888K, used 4757K [0x00000000e0000000, 0x00000000e2500000, 0x00000000f5580000)
  object space 37888K, 12% used [0x00000000e0000000,0x00000000e04a5408,0x00000000e2500000)
 Metaspace       used 22595K, capacity 22962K, committed 23472K, reserved 1069056K
  class space    used 3269K, capacity 3405K, committed 3504K, reserved 1048576K
}

