# JRE version: OpenJDK Runtime Environment (8.0_222-b10) (build 1.8.0_222-8u222-b10-1ubuntu1~18.04.1-b10)
# Java VM: OpenJDK 64-Bit Server VM (25.222-b10 interpreted mode linux-amd64 compressed oops)
Heap:
 PSYoungGen      total 29184K, used 4594K [0x00000000f5580000, 0x00000000f7600000, 0x0000000100000000)
  eden space 26112K, 16% used [0x00000000f5580000,0x00000000f59bc830,0x00000000f6f00000)
  from space 3072K, 8% used [0x00000000f7300000,0x00000000f7340000,0x00000000f7600000)
  to   space 3584K, 0% used [0x00000000f6f00000,0x00000000f6f00000,0x00000000f7280000)
 ParOldGen       total 84992K, used 7705K [0x00000000e0000000, 0x00000000e5300000, 0x00000000f5580000)
  object space 84992K, 9% used [0x00000000e0000000,0x00000000e0786790,0x00000000e5300000)
 Metaspace       used 22055K, capacity 22432K, committed 22784K, reserved 1069056K
  class space    used 3185K, capacity 3322K, committed 3328K, reserved 1048576K
GC Heap History (10 events):
Event: 28.131 GC heap before
{Heap before GC invocations=13 (full 1):
 PSYoungGen      total 29696K, used 29248K [0x00000000f5580000, 0x00000000f7980000, 0x0000000100000000)
  eden space 28672K, 100% used [0x00000000f5580000,0x00000000f7180000,0x00000000f7180000)
  from space 1024K, 56% used [0x00000000f7200000,0x00000000f7290000,0x00000000f7300000)
  to   space 4096K, 0% used [0x00000000f7580000,0x00000000f7580000,0x00000000f7980000)
 ParOldGen       total 84992K, used 6689K [0x00000000e0000000, 0x00000000e5300000, 0x00000000f5580000)
  object space 84992K, 7% used [0x00000000e0000000,0x00000000e06886f0,0x00000000e5300000)
 Metaspace       used 21793K, capacity 22112K, committed 22528K, reserved 1069056K
  class space    used 3131K, capacity 3258K, committed 3328K, reserved 1048576K
Event: 28.132 GC heap after
Heap after GC invocations=13 (full 1):
 PSYoungGen      total 30720K, used 288K [0x00000000f5580000, 0x00000000f7800000, 0x0000000100000000)
  eden space 28160K, 0% used [0x00000000f5580000,0x00000000f5580000,0x00000000f7100000)
  from space 2560K, 11% used [0x00000000f7580000,0x00000000f75c8000,0x00000000f7800000)
  to   space 3584K, 0% used [0x00000000f7100000,0x00000000f7100000,0x00000000f7480000)
 ParOldGen       total 84992K, used 7153K [0x00000000e0000000, 0x00000000e5300000, 0x00000000f5580000)
  object space 84992K, 8% used [0x00000000e0000000,0x00000000e06fc6f0,0x00000000e5300000)
 Metaspace       used 21793K, capacity 22112K, committed 22528K, reserved 1069056K
  class space    used 3131K, capacity 3258K, committed 3328K, reserved 1048576K
}
Event: 30.083 GC heap before
{Heap before GC invocations=14 (full 1):
 PSYoungGen      total 30720K, used 28448K [0x00000000f5580000, 0x00000000f7800000, 0x0000000100000000)
  eden space 28160K, 100% used [0x00000000f5580000,0x00000000f7100000,0x00000000f7100000)
  from space 2560K, 11% used [0x00000000f7580000,0x00000000f75c8000,0x00000000f7800000)
  to   space 3584K, 0% used [0x00000000f7100000,0x00000000f7100000,0x00000000f7480000)
 ParOldGen       total 84992K, used 7153K [0x00000000e0000000, 0x00000000e5300000, 0x00000000f5580000)
  object space 84992K, 8% used [0x00000000e0000000,0x00000000e06fc6f0,0x00000000e5300000)
 Metaspace       used 21912K, capacity 22240K, committed 22528K, reserved 1069056K
  class space    used 3152K, capacity 3258K, committed 3328K, reserved 1048576K
Event: 30.085 GC heap after
Heap after GC invocations=14 (full 1):
 PSYoungGen      total 28160K, used 288K [0x00000000f5580000, 0x00000000f7780000, 0x0000000100000000)
  eden space 27648K, 0% used [0x00000000f5580000,0x00000000f5580000,0x00000000f7080000)
  from space 512K, 56% used [0x00000000f7100000,0x00000000f7148000,0x00000000f7180000)
  to   space 3584K, 0% used [0x00000000f7400000,0x00000000f7400000,0x00000000f7780000)
 ParOldGen       total 84992K, used 7241K [0x00000000e0000000, 0x00000000e5300000, 0x00000000f5580000)
  object space 84992K, 8% used [0x00000000e0000000,0x00000000e07126f0,0x00000000e5300000)
 Metaspace       used 21912K, capacity 22240K, committed 22528K, reserved 1069056K
  class space    used 3152K, capacity 3258K, committed 3328K, reserved 1048576K
}
Event: 32.231 GC heap before
{Heap before GC invocations=15 (full 1):
 PSYoungGen      total 28160K, used 27936K [0x00000000f5580000, 0x00000000f7780000, 0x0000000100000000)
  eden space 27648K, 100% used [0x00000000f5580000,0x00000000f7080000,0x00000000f7080000)
  from space 512K, 56% used [0x00000000f7100000,0x00000000f7148000,0x00000000f7180000)
  to   space 3584K, 0% used [0x00000000f7400000,0x00000000f7400000,0x00000000f7780000)
 ParOldGen       total 84992K, used 7241K [0x00000000e0000000, 0x00000000e5300000, 0x00000000f5580000)
  object space 84992K, 8% used [0x00000000e0000000,0x00000000e07126f0,0x00000000e5300000)
 Metaspace       used 21981K, capacity 22336K, committed 22528K, reserved 1069056K
  class space    used 3162K, capacity 3290K, committed 3328K, reserved 1048576K
Event: 32.232 GC heap after
Heap after GC invocations=15 (full 1):
 PSYoungGen      total 30208K, used 448K [0x00000000f5580000, 0x00000000f7700000, 0x0000000100000000)
  eden space 27136K, 0% used [0x00000000f5580000,0x00000000f5580000,0x00000000f7000000)
  from space 3072K, 14% used [0x00000000f7400000,0x00000000f7470000,0x00000000f7700000)
  to   space 3584K, 0% used [0x00000000f7000000,0x00000000f7000000,0x00000000f7380000)
 ParOldGen       total 84992K, used 7361K [0x00000000e0000000, 0x00000000e5300000, 0x00000000f5580000)
  object space 84992K, 8% used [0x00000000e0000000,0x00000000e0730700,0x00000000e5300000)
 Metaspace       used 21981K, capacity 22336K, committed 22528K, reserved 1069056K
  class space    used 3162K, capacity 3290K, committed 3328K, reserved 1048576K
}
Event: 34.356 GC heap before
{Heap before GC invocations=16 (full 1):
 PSYoungGen      total 30208K, used 27584K [0x00000000f5580000, 0x00000000f7700000, 0x0000000100000000)
  eden space 27136K, 100% used [0x00000000f5580000,0x00000000f7000000,0x00000000f7000000)
  from space 3072K, 14% used [0x00000000f7400000,0x00000000f7470000,0x00000000f7700000)
  to   space 3584K, 0% used [0x00000000f7000000,0x00000000f7000000,0x00000000f7380000)
 ParOldGen       total 84992K, used 7361K [0x00000000e0000000, 0x00000000e5300000, 0x00000000f5580000)
  object space 84992K, 8% used [0x00000000e0000000,0x00000000e0730700,0x00000000e5300000)
 Metaspace       used 21982K, capacity 22336K, committed 22528K, reserved 1069056K
  class space    used 3162K, capacity 3290K, committed 3328K, reserved 1048576K
Event: 34.357 GC heap after
Heap after GC invocations=16 (full 1):
 PSYoungGen      total 27136K, used 256K [0x00000000f5580000, 0x00000000f7680000, 0x0000000100000000)
  eden space 26624K, 0% used [0x00000000f5580000,0x00000000f5580000,0x00000000f6f80000)
  from space 512K, 50% used [0x00000000f7000000,0x00000000f7040000,0x00000000f7080000)
  to   space 3584K, 0% used [0x00000000f7300000,0x00000000f7300000,0x00000000f7680000)
 ParOldGen       total 84992K, used 7649K [0x00000000e0000000, 0x00000000e5300000, 0x00000000f5580000)
  object space 84992K, 9% used [0x00000000e0000000,0x00000000e0778790,0x00000000e5300000)
 Metaspace       used 21982K, capacity 22336K, committed 22528K, reserved 1069056K
  class space    used 3162K, capacity 3290K, committed 3328K, reserved 1048576K
}
Event: 36.396 GC heap before
{Heap before GC invocations=17 (full 1):
 PSYoungGen      total 27136K, used 26880K [0x00000000f5580000, 0x00000000f7680000, 0x0000000100000000)
  eden space 26624K, 100% used [0x00000000f5580000,0x00000000f6f80000,0x00000000f6f80000)
  from space 512K, 50% used [0x00000000f7000000,0x00000000f7040000,0x00000000f7080000)
  to   space 3584K, 0% used [0x00000000f7300000,0x00000000f7300000,0x00000000f7680000)
 ParOldGen       total 84992K, used 7649K [0x00000000e0000000, 0x00000000e5300000, 0x00000000f5580000)
  object space 84992K, 9% used [0x00000000e0000000,0x00000000e0778790,0x00000000e5300000)
 Metaspace       used 21982K, capacity 22336K, committed 22528K, reserved 1069056K
  class space    used 3162K, capacity 3290K, committed 3328K, reserved 1048576K
Event: 36.397 GC heap after
Heap after GC invocations=17 (full 1):
 PSYoungGen      total 29184K, used 256K [0x00000000f5580000, 0x00000000f7600000, 0x0000000100000000)
  eden space 26112K, 0% used [0x00000000f5580000,0x00000000f5580000,0x00000000f6f00000)
  from space 3072K, 8% used [0x00000000f7300000,0x00000000f7340000,0x00000000f7600000)
  to   space 3584K, 0% used [0x00000000f6f00000,0x00000000f6f00000,0x00000000f7280000)
 ParOldGen       total 84992K, used 7705K [0x00000000e0000000, 0x00000000e5300000, 0x00000000f5580000)
  object space 84992K, 9% used [0x00000000e0000000,0x00000000e0786790,0x00000000e5300000)
 Metaspace       used 21982K, capacity 22336K, committed 22528K, reserved 1069056K
  class space    used 3162K, capacity 3290K, committed 3328K, reserved 1048576K
}

