# JRE version: OpenJDK Runtime Environment (8.0_222-b10) (build 1.8.0_222-8u222-b10-1ubuntu1~18.04.1-b10)
# Java VM: OpenJDK 64-Bit Server VM (25.222-b10 mixed mode, sharing linux-amd64 compressed oops)
Heap:
 PSYoungGen      total 33280K, used 3811K [0x00000000f5580000, 0x00000000f7c80000, 0x0000000100000000)
  eden space 30720K, 4% used [0x00000000f5580000,0x00000000f56d9200,0x00000000f7380000)
  from space 2560K, 94% used [0x00000000f7400000,0x00000000f765faa8,0x00000000f7680000)
  to   space 4608K, 0% used [0x00000000f7800000,0x00000000f7800000,0x00000000f7c80000)
 ParOldGen       total 84992K, used 4812K [0x00000000e0000000, 0x00000000e5300000, 0x00000000f5580000)
  object space 84992K, 5% used [0x00000000e0000000,0x00000000e04b3358,0x00000000e5300000)
 Metaspace       used 12291K, capacity 12662K, committed 12928K, reserved 1060864K
  class space    used 1670K, capacity 1812K, committed 1920K, reserved 1048576K
GC Heap History (10 events):
Event: 13.293 GC heap before
{Heap before GC invocations=4 (full 1):
 PSYoungGen      total 36864K, used 32576K [0x00000000f5580000, 0x00000000f7e80000, 0x0000000100000000)
  eden space 31744K, 100% used [0x00000000f5580000,0x00000000f7480000,0x00000000f7480000)
  from space 5120K, 16% used [0x00000000f7980000,0x00000000f7a50000,0x00000000f7e80000)
  to   space 5120K, 0% used [0x00000000f7480000,0x00000000f7480000,0x00000000f7980000)
 ParOldGen       total 84992K, used 4780K [0x00000000e0000000, 0x00000000e5300000, 0x00000000f5580000)
  object space 84992K, 5% used [0x00000000e0000000,0x00000000e04ab358,0x00000000e5300000)
 Metaspace       used 9728K, capacity 9976K, committed 10240K, reserved 1058816K
  class space    used 1344K, capacity 1449K, committed 1536K, reserved 1048576K
Event: 13.295 GC heap after
Heap after GC invocations=4 (full 1):
 PSYoungGen      total 36864K, used 612K [0x00000000f5580000, 0x00000000f7e80000, 0x0000000100000000)
  eden space 31744K, 0% used [0x00000000f5580000,0x00000000f5580000,0x00000000f7480000)
  from space 5120K, 11% used [0x00000000f7480000,0x00000000f7519320,0x00000000f7980000)
  to   space 5120K, 0% used [0x00000000f7980000,0x00000000f7980000,0x00000000f7e80000)
 ParOldGen       total 84992K, used 4780K [0x00000000e0000000, 0x00000000e5300000, 0x00000000f5580000)
  object space 84992K, 5% used [0x00000000e0000000,0x00000000e04ab358,0x00000000e5300000)
 Metaspace       used 9728K, capacity 9976K, committed 10240K, reserved 1058816K
  class space    used 1344K, capacity 1449K, committed 1536K, reserved 1048576K
}
Event: 13.681 GC heap before
{Heap before GC invocations=5 (full 1):
 PSYoungGen      total 36864K, used 32356K [0x00000000f5580000, 0x00000000f7e80000, 0x0000000100000000)
  eden space 31744K, 100% used [0x00000000f5580000,0x00000000f7480000,0x00000000f7480000)
  from space 5120K, 11% used [0x00000000f7480000,0x00000000f7519320,0x00000000f7980000)
  to   space 5120K, 0% used [0x00000000f7980000,0x00000000f7980000,0x00000000f7e80000)
 ParOldGen       total 84992K, used 4780K [0x00000000e0000000, 0x00000000e5300000, 0x00000000f5580000)
  object space 84992K, 5% used [0x00000000e0000000,0x00000000e04ab358,0x00000000e5300000)
 Metaspace       used 9786K, capacity 10104K, committed 10240K, reserved 1058816K
  class space    used 1344K, capacity 1449K, committed 1536K, reserved 1048576K
Event: 13.683 GC heap after
Heap after GC invocations=5 (full 1):
 PSYoungGen      total 36864K, used 965K [0x00000000f5580000, 0x00000000f7e80000, 0x0000000100000000)
  eden space 31744K, 0% used [0x00000000f5580000,0x00000000f5580000,0x00000000f7480000)
  from space 5120K, 18% used [0x00000000f7980000,0x00000000f7a71560,0x00000000f7e80000)
  to   space 5120K, 0% used [0x00000000f7480000,0x00000000f7480000,0x00000000f7980000)
 ParOldGen       total 84992K, used 4788K [0x00000000e0000000, 0x00000000e5300000, 0x00000000f5580000)
  object space 84992K, 5% used [0x00000000e0000000,0x00000000e04ad358,0x00000000e5300000)
 Metaspace       used 9786K, capacity 10104K, committed 10240K, reserved 1058816K
  class space    used 1344K, capacity 1449K, committed 1536K, reserved 1048576K
}
Event: 14.314 GC heap before
{Heap before GC invocations=6 (full 1):
 PSYoungGen      total 36864K, used 32709K [0x00000000f5580000, 0x00000000f7e80000, 0x0000000100000000)
  eden space 31744K, 100% used [0x00000000f5580000,0x00000000f7480000,0x00000000f7480000)
  from space 5120K, 18% used [0x00000000f7980000,0x00000000f7a71560,0x00000000f7e80000)
  to   space 5120K, 0% used [0x00000000f7480000,0x00000000f7480000,0x00000000f7980000)
 ParOldGen       total 84992K, used 4788K [0x00000000e0000000, 0x00000000e5300000, 0x00000000f5580000)
  object space 84992K, 5% used [0x00000000e0000000,0x00000000e04ad358,0x00000000e5300000)
 Metaspace       used 11486K, capacity 11726K, committed 12032K, reserved 1058816K
  class space    used 1607K, capacity 1716K, committed 1792K, reserved 1048576K
Event: 14.316 GC heap after
Heap after GC invocations=6 (full 1):
 PSYoungGen      total 36864K, used 2059K [0x00000000f5580000, 0x00000000f7e80000, 0x0000000100000000)
  eden space 31744K, 0% used [0x00000000f5580000,0x00000000f5580000,0x00000000f7480000)
  from space 5120K, 40% used [0x00000000f7480000,0x00000000f7682ce0,0x00000000f7980000)
  to   space 5120K, 0% used [0x00000000f7980000,0x00000000f7980000,0x00000000f7e80000)
 ParOldGen       total 84992K, used 4796K [0x00000000e0000000, 0x00000000e5300000, 0x00000000f5580000)
  object space 84992K, 5% used [0x00000000e0000000,0x00000000e04af358,0x00000000e5300000)
 Metaspace       used 11486K, capacity 11726K, committed 12032K, reserved 1058816K
  class space    used 1607K, capacity 1716K, committed 1792K, reserved 1048576K
}
Event: 15.421 GC heap before
{Heap before GC invocations=7 (full 1):
 PSYoungGen      total 36864K, used 33803K [0x00000000f5580000, 0x00000000f7e80000, 0x0000000100000000)
  eden space 31744K, 100% used [0x00000000f5580000,0x00000000f7480000,0x00000000f7480000)
  from space 5120K, 40% used [0x00000000f7480000,0x00000000f7682ce0,0x00000000f7980000)
  to   space 5120K, 0% used [0x00000000f7980000,0x00000000f7980000,0x00000000f7e80000)
 ParOldGen       total 84992K, used 4796K [0x00000000e0000000, 0x00000000e5300000, 0x00000000f5580000)
  object space 84992K, 5% used [0x00000000e0000000,0x00000000e04af358,0x00000000e5300000)
 Metaspace       used 12068K, capacity 12374K, committed 12544K, reserved 1060864K
  class space    used 1646K, capacity 1780K, committed 1792K, reserved 1048576K
Event: 15.425 GC heap after
Heap after GC invocations=7 (full 1):
 PSYoungGen      total 34816K, used 2461K [0x00000000f5580000, 0x00000000f7d00000, 0x0000000100000000)
  eden space 31232K, 0% used [0x00000000f5580000,0x00000000f5580000,0x00000000f7400000)
  from space 3584K, 68% used [0x00000000f7980000,0x00000000f7be7450,0x00000000f7d00000)
  to   space 4608K, 0% used [0x00000000f7400000,0x00000000f7400000,0x00000000f7880000)
 ParOldGen       total 84992K, used 4804K [0x00000000e0000000, 0x00000000e5300000, 0x00000000f5580000)
  object space 84992K, 5% used [0x00000000e0000000,0x00000000e04b1358,0x00000000e5300000)
 Metaspace       used 12068K, capacity 12374K, committed 12544K, reserved 1060864K
  class space    used 1646K, capacity 1780K, committed 1792K, reserved 1048576K
}
Event: 19.883 GC heap before
{Heap before GC invocations=8 (full 1):
 PSYoungGen      total 34816K, used 33693K [0x00000000f5580000, 0x00000000f7d00000, 0x0000000100000000)
  eden space 31232K, 100% used [0x00000000f5580000,0x00000000f7400000,0x00000000f7400000)
  from space 3584K, 68% used [0x00000000f7980000,0x00000000f7be7450,0x00000000f7d00000)
  to   space 4608K, 0% used [0x00000000f7400000,0x00000000f7400000,0x00000000f7880000)
 ParOldGen       total 84992K, used 4804K [0x00000000e0000000, 0x00000000e5300000, 0x00000000f5580000)
  object space 84992K, 5% used [0x00000000e0000000,0x00000000e04b1358,0x00000000e5300000)
 Metaspace       used 12185K, capacity 12502K, committed 12800K, reserved 1060864K
  class space    used 1646K, capacity 1780K, committed 1792K, reserved 1048576K
Event: 19.885 GC heap after
Heap after GC invocations=8 (full 1):
 PSYoungGen      total 33280K, used 2430K [0x00000000f5580000, 0x00000000f7c80000, 0x0000000100000000)
  eden space 30720K, 0% used [0x00000000f5580000,0x00000000f5580000,0x00000000f7380000)
  from space 2560K, 94% used [0x00000000f7400000,0x00000000f765faa8,0x00000000f7680000)
  to   space 4608K, 0% used [0x00000000f7800000,0x00000000f7800000,0x00000000f7c80000)
 ParOldGen       total 84992K, used 4812K [0x00000000e0000000, 0x00000000e5300000, 0x00000000f5580000)
  object space 84992K, 5% used [0x00000000e0000000,0x00000000e04b3358,0x00000000e5300000)
 Metaspace       used 12185K, capacity 12502K, committed 12800K, reserved 1060864K
  class space    used 1646K, capacity 1780K, committed 1792K, reserved 1048576K
}

