# JRE version: OpenJDK Runtime Environment (8.0_222-b10) (build 1.8.0_222-8u222-b10-1ubuntu1~18.04.1-b10)
# Java VM: OpenJDK 64-Bit Server VM (25.222-b10 interpreted mode linux-amd64 compressed oops)
Heap:
 PSYoungGen      total 68096K, used 17834K [0x00000000f5580000, 0x00000000fdd00000, 0x0000000100000000)
  eden space 62976K, 25% used [0x00000000f5580000,0x00000000f651cb58,0x00000000f9300000)
  from space 5120K, 36% used [0x00000000f9300000,0x00000000f94cdfe0,0x00000000f9800000)
  to   space 7168K, 0% used [0x00000000fd600000,0x00000000fd600000,0x00000000fdd00000)
 ParOldGen       total 37888K, used 4887K [0x00000000e0000000, 0x00000000e2500000, 0x00000000f5580000)
  object space 37888K, 12% used [0x00000000e0000000,0x00000000e04c5c70,0x00000000e2500000)
 Metaspace       used 22701K, capacity 23026K, committed 23472K, reserved 1069056K
  class space    used 3286K, capacity 3405K, committed 3504K, reserved 1048576K
GC Heap History (10 events):
Event: 6.160 GC heap before
{Heap before GC invocations=2 (full 0):
 PSYoungGen      total 36864K, used 7224K [0x00000000f5580000, 0x00000000f7e80000, 0x0000000100000000)
  eden space 31744K, 6% used [0x00000000f5580000,0x00000000f57908d0,0x00000000f7480000)
  from space 5120K, 99% used [0x00000000f7480000,0x00000000f797d830,0x00000000f7980000)
  to   space 5120K, 0% used [0x00000000f7980000,0x00000000f7980000,0x00000000f7e80000)
 ParOldGen       total 84992K, used 662K [0x00000000e0000000, 0x00000000e5300000, 0x00000000f5580000)
  object space 84992K, 0% used [0x00000000e0000000,0x00000000e00a5bd0,0x00000000e5300000)
 Metaspace       used 20828K, capacity 21114K, committed 21296K, reserved 1067008K
  class space    used 2993K, capacity 3113K, committed 3120K, reserved 1048576K
Event: 6.164 GC heap after
Heap after GC invocations=2 (full 0):
 PSYoungGen      total 36864K, used 5048K [0x00000000f5580000, 0x00000000f9d80000, 0x0000000100000000)
  eden space 31744K, 0% used [0x00000000f5580000,0x00000000f5580000,0x00000000f7480000)
  from space 5120K, 98% used [0x00000000f7980000,0x00000000f7e6e040,0x00000000f7e80000)
  to   space 5120K, 0% used [0x00000000f7480000,0x00000000f7480000,0x00000000f7980000)
 ParOldGen       total 84992K, used 662K [0x00000000e0000000, 0x00000000e5300000, 0x00000000f5580000)
  object space 84992K, 0% used [0x00000000e0000000,0x00000000e00a5bd0,0x00000000e5300000)
 Metaspace       used 20828K, capacity 21114K, committed 21296K, reserved 1067008K
  class space    used 2993K, capacity 3113K, committed 3120K, reserved 1048576K
}
Event: 6.164 GC heap before
{Heap before GC invocations=3 (full 1):
 PSYoungGen      total 36864K, used 5048K [0x00000000f5580000, 0x00000000f9d80000, 0x0000000100000000)
  eden space 31744K, 0% used [0x00000000f5580000,0x00000000f5580000,0x00000000f7480000)
  from space 5120K, 98% used [0x00000000f7980000,0x00000000f7e6e040,0x00000000f7e80000)
  to   space 5120K, 0% used [0x00000000f7480000,0x00000000f7480000,0x00000000f7980000)
 ParOldGen       total 84992K, used 662K [0x00000000e0000000, 0x00000000e5300000, 0x00000000f5580000)
  object space 84992K, 0% used [0x00000000e0000000,0x00000000e00a5bd0,0x00000000e5300000)
 Metaspace       used 20828K, capacity 21114K, committed 21296K, reserved 1067008K
  class space    used 2993K, capacity 3113K, committed 3120K, reserved 1048576K
Event: 6.178 GC heap after
Heap after GC invocations=3 (full 1):
 PSYoungGen      total 36864K, used 0K [0x00000000f5580000, 0x00000000f9d80000, 0x0000000100000000)
  eden space 31744K, 0% used [0x00000000f5580000,0x00000000f5580000,0x00000000f7480000)
  from space 5120K, 0% used [0x00000000f7980000,0x00000000f7980000,0x00000000f7e80000)
  to   space 5120K, 0% used [0x00000000f7480000,0x00000000f7480000,0x00000000f7980000)
 ParOldGen       total 37888K, used 4887K [0x00000000e0000000, 0x00000000e2500000, 0x00000000f5580000)
  object space 37888K, 12% used [0x00000000e0000000,0x00000000e04c5c70,0x00000000e2500000)
 Metaspace       used 20828K, capacity 21114K, committed 21296K, reserved 1067008K
  class space    used 2993K, capacity 3113K, committed 3120K, reserved 1048576K
}
Event: 15.554 GC heap before
{Heap before GC invocations=4 (full 1):
 PSYoungGen      total 36864K, used 31744K [0x00000000f5580000, 0x00000000f9d80000, 0x0000000100000000)
  eden space 31744K, 100% used [0x00000000f5580000,0x00000000f7480000,0x00000000f7480000)
  from space 5120K, 0% used [0x00000000f7980000,0x00000000f7980000,0x00000000f7e80000)
  to   space 5120K, 0% used [0x00000000f7480000,0x00000000f7480000,0x00000000f7980000)
 ParOldGen       total 37888K, used 4887K [0x00000000e0000000, 0x00000000e2500000, 0x00000000f5580000)
  object space 37888K, 12% used [0x00000000e0000000,0x00000000e04c5c70,0x00000000e2500000)
 Metaspace       used 22235K, capacity 22566K, committed 22832K, reserved 1069056K
  class space    used 3216K, capacity 3339K, committed 3376K, reserved 1048576K
Event: 15.556 GC heap after
Heap after GC invocations=4 (full 1):
 PSYoungGen      total 36864K, used 1520K [0x00000000f5580000, 0x00000000f9d80000, 0x0000000100000000)
  eden space 31744K, 0% used [0x00000000f5580000,0x00000000f5580000,0x00000000f7480000)
  from space 5120K, 29% used [0x00000000f7480000,0x00000000f75fc270,0x00000000f7980000)
  to   space 5120K, 0% used [0x00000000f9880000,0x00000000f9880000,0x00000000f9d80000)
 ParOldGen       total 37888K, used 4887K [0x00000000e0000000, 0x00000000e2500000, 0x00000000f5580000)
  object space 37888K, 12% used [0x00000000e0000000,0x00000000e04c5c70,0x00000000e2500000)
 Metaspace       used 22235K, capacity 22566K, committed 22832K, reserved 1069056K
  class space    used 3216K, capacity 3339K, committed 3376K, reserved 1048576K
}
Event: 18.276 GC heap before
{Heap before GC invocations=5 (full 1):
 PSYoungGen      total 36864K, used 33264K [0x00000000f5580000, 0x00000000f9d80000, 0x0000000100000000)
  eden space 31744K, 100% used [0x00000000f5580000,0x00000000f7480000,0x00000000f7480000)
  from space 5120K, 29% used [0x00000000f7480000,0x00000000f75fc270,0x00000000f7980000)
  to   space 5120K, 0% used [0x00000000f9880000,0x00000000f9880000,0x00000000f9d80000)
 ParOldGen       total 37888K, used 4887K [0x00000000e0000000, 0x00000000e2500000, 0x00000000f5580000)
  object space 37888K, 12% used [0x00000000e0000000,0x00000000e04c5c70,0x00000000e2500000)
 Metaspace       used 22521K, capacity 22892K, committed 23216K, reserved 1069056K
  class space    used 3254K, capacity 3404K, committed 3504K, reserved 1048576K
Event: 18.277 GC heap after
Heap after GC invocations=5 (full 1):
 PSYoungGen      total 67584K, used 1386K [0x00000000f5580000, 0x00000000f9d00000, 0x0000000100000000)
  eden space 62976K, 0% used [0x00000000f5580000,0x00000000f5580000,0x00000000f9300000)
  from space 4608K, 30% used [0x00000000f9880000,0x00000000f99da860,0x00000000f9d00000)
  to   space 5120K, 0% used [0x00000000f9300000,0x00000000f9300000,0x00000000f9800000)
 ParOldGen       total 37888K, used 4887K [0x00000000e0000000, 0x00000000e2500000, 0x00000000f5580000)
  object space 37888K, 12% used [0x00000000e0000000,0x00000000e04c5c70,0x00000000e2500000)
 Metaspace       used 22521K, capacity 22892K, committed 23216K, reserved 1069056K
  class space    used 3254K, capacity 3404K, committed 3504K, reserved 1048576K
}
Event: 35.434 GC heap before
{Heap before GC invocations=6 (full 1):
 PSYoungGen      total 67584K, used 64362K [0x00000000f5580000, 0x00000000f9d00000, 0x0000000100000000)
  eden space 62976K, 100% used [0x00000000f5580000,0x00000000f9300000,0x00000000f9300000)
  from space 4608K, 30% used [0x00000000f9880000,0x00000000f99da860,0x00000000f9d00000)
  to   space 5120K, 0% used [0x00000000f9300000,0x00000000f9300000,0x00000000f9800000)
 ParOldGen       total 37888K, used 4887K [0x00000000e0000000, 0x00000000e2500000, 0x00000000f5580000)
  object space 37888K, 12% used [0x00000000e0000000,0x00000000e04c5c70,0x00000000e2500000)
 Metaspace       used 22638K, capacity 22962K, committed 23472K, reserved 1069056K
  class space    used 3264K, capacity 3405K, committed 3504K, reserved 1048576K
Event: 35.436 GC heap after
Heap after GC invocations=6 (full 1):
 PSYoungGen      total 68096K, used 1847K [0x00000000f5580000, 0x00000000fdd00000, 0x0000000100000000)
  eden space 62976K, 0% used [0x00000000f5580000,0x00000000f5580000,0x00000000f9300000)
  from space 5120K, 36% used [0x00000000f9300000,0x00000000f94cdfe0,0x00000000f9800000)
  to   space 7168K, 0% used [0x00000000fd600000,0x00000000fd600000,0x00000000fdd00000)
 ParOldGen       total 37888K, used 4887K [0x00000000e0000000, 0x00000000e2500000, 0x00000000f5580000)
  object space 37888K, 12% used [0x00000000e0000000,0x00000000e04c5c70,0x00000000e2500000)
 Metaspace       used 22638K, capacity 22962K, committed 23472K, reserved 1069056K
  class space    used 3264K, capacity 3405K, committed 3504K, reserved 1048576K
}

