# JRE version: OpenJDK Runtime Environment (8.0_222-b10) (build 1.8.0_222-8u222-b10-1ubuntu1~18.04.1-b10)
# Java VM: OpenJDK 64-Bit Server VM (25.222-b10 interpreted mode linux-amd64 compressed oops)
Heap:
 PSYoungGen      total 26112K, used 13870K [0x00000000f5580000, 0x00000000f7480000, 0x0000000100000000)
  eden space 25600K, 53% used [0x00000000f5580000,0x00000000f62d3a40,0x00000000f6e80000)
  from space 512K, 43% used [0x00000000f6f00000,0x00000000f6f38000,0x00000000f6f80000)
  to   space 3072K, 0% used [0x00000000f7180000,0x00000000f7180000,0x00000000f7480000)
 ParOldGen       total 84992K, used 7495K [0x00000000e0000000, 0x00000000e5300000, 0x00000000f5580000)
  object space 84992K, 8% used [0x00000000e0000000,0x00000000e0751d88,0x00000000e5300000)
 Metaspace       used 21761K, capacity 22144K, committed 22272K, reserved 1069056K
  class space    used 3154K, capacity 3290K, committed 3328K, reserved 1048576K
GC Heap History (10 events):
Event: 76.177 GC heap before
{Heap before GC invocations=14 (full 1):
 PSYoungGen      total 31232K, used 28608K [0x00000000f5580000, 0x00000000f7800000, 0x0000000100000000)
  eden space 28160K, 100% used [0x00000000f5580000,0x00000000f7100000,0x00000000f7100000)
  from space 3072K, 14% used [0x00000000f7500000,0x00000000f7570000,0x00000000f7800000)
  to   space 3584K, 0% used [0x00000000f7100000,0x00000000f7100000,0x00000000f7480000)
 ParOldGen       total 84992K, used 6631K [0x00000000e0000000, 0x00000000e5300000, 0x00000000f5580000)
  object space 84992K, 7% used [0x00000000e0000000,0x00000000e0679d08,0x00000000e5300000)
 Metaspace       used 21495K, capacity 21824K, committed 22016K, reserved 1069056K
  class space    used 3099K, capacity 3226K, committed 3328K, reserved 1048576K
Event: 76.178 GC heap after
Heap after GC invocations=14 (full 1):
 PSYoungGen      total 28160K, used 288K [0x00000000f5580000, 0x00000000f7780000, 0x0000000100000000)
  eden space 27648K, 0% used [0x00000000f5580000,0x00000000f5580000,0x00000000f7080000)
  from space 512K, 56% used [0x00000000f7100000,0x00000000f7148000,0x00000000f7180000)
  to   space 3584K, 0% used [0x00000000f7400000,0x00000000f7400000,0x00000000f7780000)
 ParOldGen       total 84992K, used 6967K [0x00000000e0000000, 0x00000000e5300000, 0x00000000f5580000)
  object space 84992K, 8% used [0x00000000e0000000,0x00000000e06cdd08,0x00000000e5300000)
 Metaspace       used 21495K, capacity 21824K, committed 22016K, reserved 1069056K
  class space    used 3099K, capacity 3226K, committed 3328K, reserved 1048576K
}
Event: 77.837 GC heap before
{Heap before GC invocations=15 (full 1):
 PSYoungGen      total 28160K, used 27936K [0x00000000f5580000, 0x00000000f7780000, 0x0000000100000000)
  eden space 27648K, 100% used [0x00000000f5580000,0x00000000f7080000,0x00000000f7080000)
  from space 512K, 56% used [0x00000000f7100000,0x00000000f7148000,0x00000000f7180000)
  to   space 3584K, 0% used [0x00000000f7400000,0x00000000f7400000,0x00000000f7780000)
 ParOldGen       total 84992K, used 6967K [0x00000000e0000000, 0x00000000e5300000, 0x00000000f5580000)
  object space 84992K, 8% used [0x00000000e0000000,0x00000000e06cdd08,0x00000000e5300000)
 Metaspace       used 21548K, capacity 21888K, committed 22272K, reserved 1069056K
  class space    used 3103K, capacity 3226K, committed 3328K, reserved 1048576K
Event: 77.838 GC heap after
Heap after GC invocations=15 (full 1):
 PSYoungGen      total 29184K, used 288K [0x00000000f5580000, 0x00000000f7600000, 0x0000000100000000)
  eden space 27136K, 0% used [0x00000000f5580000,0x00000000f5580000,0x00000000f7000000)
  from space 2048K, 14% used [0x00000000f7400000,0x00000000f7448000,0x00000000f7600000)
  to   space 3072K, 0% used [0x00000000f7000000,0x00000000f7000000,0x00000000f7300000)
 ParOldGen       total 84992K, used 7055K [0x00000000e0000000, 0x00000000e5300000, 0x00000000f5580000)
  object space 84992K, 8% used [0x00000000e0000000,0x00000000e06e3d08,0x00000000e5300000)
 Metaspace       used 21548K, capacity 21888K, committed 22272K, reserved 1069056K
  class space    used 3103K, capacity 3226K, committed 3328K, reserved 1048576K
}
Event: 79.840 GC heap before
{Heap before GC invocations=16 (full 1):
 PSYoungGen      total 29184K, used 27424K [0x00000000f5580000, 0x00000000f7600000, 0x0000000100000000)
  eden space 27136K, 100% used [0x00000000f5580000,0x00000000f7000000,0x00000000f7000000)
  from space 2048K, 14% used [0x00000000f7400000,0x00000000f7448000,0x00000000f7600000)
  to   space 3072K, 0% used [0x00000000f7000000,0x00000000f7000000,0x00000000f7300000)
 ParOldGen       total 84992K, used 7055K [0x00000000e0000000, 0x00000000e5300000, 0x00000000f5580000)
  object space 84992K, 8% used [0x00000000e0000000,0x00000000e06e3d08,0x00000000e5300000)
 Metaspace       used 21670K, capacity 22048K, committed 22272K, reserved 1069056K
  class space    used 3128K, capacity 3258K, committed 3328K, reserved 1048576K
Event: 79.841 GC heap after
Heap after GC invocations=16 (full 1):
 PSYoungGen      total 27136K, used 384K [0x00000000f5580000, 0x00000000f7580000, 0x0000000100000000)
  eden space 26624K, 0% used [0x00000000f5580000,0x00000000f5580000,0x00000000f6f80000)
  from space 512K, 75% used [0x00000000f7000000,0x00000000f7060000,0x00000000f7080000)
  to   space 3072K, 0% used [0x00000000f7280000,0x00000000f7280000,0x00000000f7580000)
 ParOldGen       total 84992K, used 7183K [0x00000000e0000000, 0x00000000e5300000, 0x00000000f5580000)
  object space 84992K, 8% used [0x00000000e0000000,0x00000000e0703d18,0x00000000e5300000)
 Metaspace       used 21670K, capacity 22048K, committed 22272K, reserved 1069056K
  class space    used 3128K, capacity 3258K, committed 3328K, reserved 1048576K
}
Event: 81.763 GC heap before
{Heap before GC invocations=17 (full 1):
 PSYoungGen      total 27136K, used 27008K [0x00000000f5580000, 0x00000000f7580000, 0x0000000100000000)
  eden space 26624K, 100% used [0x00000000f5580000,0x00000000f6f80000,0x00000000f6f80000)
  from space 512K, 75% used [0x00000000f7000000,0x00000000f7060000,0x00000000f7080000)
  to   space 3072K, 0% used [0x00000000f7280000,0x00000000f7280000,0x00000000f7580000)
 ParOldGen       total 84992K, used 7183K [0x00000000e0000000, 0x00000000e5300000, 0x00000000f5580000)
  object space 84992K, 8% used [0x00000000e0000000,0x00000000e0703d18,0x00000000e5300000)
 Metaspace       used 21686K, capacity 22048K, committed 22272K, reserved 1069056K
  class space    used 3130K, capacity 3258K, committed 3328K, reserved 1048576K
Event: 81.765 GC heap after
Heap after GC invocations=17 (full 1):
 PSYoungGen      total 28672K, used 337K [0x00000000f5580000, 0x00000000f7500000, 0x0000000100000000)
  eden space 26112K, 0% used [0x00000000f5580000,0x00000000f5580000,0x00000000f6f00000)
  from space 2560K, 13% used [0x00000000f7280000,0x00000000f72d46b8,0x00000000f7500000)
  to   space 3072K, 0% used [0x00000000f6f00000,0x00000000f6f00000,0x00000000f7200000)
 ParOldGen       total 84992K, used 7447K [0x00000000e0000000, 0x00000000e5300000, 0x00000000f5580000)
  object space 84992K, 8% used [0x00000000e0000000,0x00000000e0745d88,0x00000000e5300000)
 Metaspace       used 21686K, capacity 22048K, committed 22272K, reserved 1069056K
  class space    used 3130K, capacity 3258K, committed 3328K, reserved 1048576K
}
Event: 83.636 GC heap before
{Heap before GC invocations=18 (full 1):
 PSYoungGen      total 28672K, used 26449K [0x00000000f5580000, 0x00000000f7500000, 0x0000000100000000)
  eden space 26112K, 100% used [0x00000000f5580000,0x00000000f6f00000,0x00000000f6f00000)
  from space 2560K, 13% used [0x00000000f7280000,0x00000000f72d46b8,0x00000000f7500000)
  to   space 3072K, 0% used [0x00000000f6f00000,0x00000000f6f00000,0x00000000f7200000)
 ParOldGen       total 84992K, used 7447K [0x00000000e0000000, 0x00000000e5300000, 0x00000000f5580000)
  object space 84992K, 8% used [0x00000000e0000000,0x00000000e0745d88,0x00000000e5300000)
 Metaspace       used 21686K, capacity 22048K, committed 22272K, reserved 1069056K
  class space    used 3130K, capacity 3258K, committed 3328K, reserved 1048576K
Event: 83.638 GC heap after
Heap after GC invocations=18 (full 1):
 PSYoungGen      total 26112K, used 224K [0x00000000f5580000, 0x00000000f7480000, 0x0000000100000000)
  eden space 25600K, 0% used [0x00000000f5580000,0x00000000f5580000,0x00000000f6e80000)
  from space 512K, 43% used [0x00000000f6f00000,0x00000000f6f38000,0x00000000f6f80000)
  to   space 3072K, 0% used [0x00000000f7180000,0x00000000f7180000,0x00000000f7480000)
 ParOldGen       total 84992K, used 7495K [0x00000000e0000000, 0x00000000e5300000, 0x00000000f5580000)
  object space 84992K, 8% used [0x00000000e0000000,0x00000000e0751d88,0x00000000e5300000)
 Metaspace       used 21686K, capacity 22048K, committed 22272K, reserved 1069056K
  class space    used 3130K, capacity 3258K, committed 3328K, reserved 1048576K
}

