# JRE version: OpenJDK Runtime Environment (8.0_222-b10) (build 1.8.0_222-8u222-b10-1ubuntu1~18.04.1-b10)
# Java VM: OpenJDK 64-Bit Server VM (25.222-b10 mixed mode linux-amd64 compressed oops)
Heap:
 PSYoungGen      total 30208K, used 1849K [0x00000000f5580000, 0x00000000f7780000, 0x0000000100000000)
  eden space 26624K, 6% used [0x00000000f5580000,0x00000000f572e7d8,0x00000000f6f80000)
  from space 3584K, 3% used [0x00000000f7400000,0x00000000f7420000,0x00000000f7780000)
  to   space 4096K, 0% used [0x00000000f6f80000,0x00000000f6f80000,0x00000000f7380000)
 ParOldGen       total 84992K, used 7427K [0x00000000e0000000, 0x00000000e5300000, 0x00000000f5580000)
  object space 84992K, 8% used [0x00000000e0000000,0x00000000e0740d28,0x00000000e5300000)
 Metaspace       used 25479K, capacity 25778K, committed 26112K, reserved 1073152K
  class space    used 3178K, capacity 3299K, committed 3328K, reserved 1048576K
GC Heap History (10 events):
Event: 2257.124 GC heap before
{Heap before GC invocations=14 (full 2):
 PSYoungGen      total 30208K, used 29760K [0x00000000f5580000, 0x00000000f7b00000, 0x0000000100000000)
  eden space 29184K, 100% used [0x00000000f5580000,0x00000000f7200000,0x00000000f7200000)
  from space 1024K, 56% used [0x00000000f7280000,0x00000000f7310000,0x00000000f7380000)
  to   space 4608K, 0% used [0x00000000f7680000,0x00000000f7680000,0x00000000f7b00000)
 ParOldGen       total 84992K, used 5318K [0x00000000e0000000, 0x00000000e5300000, 0x00000000f5580000)
  object space 84992K, 6% used [0x00000000e0000000,0x00000000e0531ab0,0x00000000e5300000)
 Metaspace       used 25167K, capacity 25510K, committed 25856K, reserved 1071104K
  class space    used 3174K, capacity 3297K, committed 3328K, reserved 1048576K
Event: 2257.126 GC heap after
Heap after GC invocations=14 (full 2):
 PSYoungGen      total 32768K, used 260K [0x00000000f5580000, 0x00000000f7a80000, 0x0000000100000000)
  eden space 28672K, 0% used [0x00000000f5580000,0x00000000f5580000,0x00000000f7180000)
  from space 4096K, 6% used [0x00000000f7680000,0x00000000f76c1300,0x00000000f7a80000)
  to   space 4608K, 0% used [0x00000000f7180000,0x00000000f7180000,0x00000000f7600000)
 ParOldGen       total 84992K, used 5454K [0x00000000e0000000, 0x00000000e5300000, 0x00000000f5580000)
  object space 84992K, 6% used [0x00000000e0000000,0x00000000e0553af0,0x00000000e5300000)
 Metaspace       used 25167K, capacity 25510K, committed 25856K, reserved 1071104K
  class space    used 3174K, capacity 3297K, committed 3328K, reserved 1048576K
}
Event: 2257.499 GC heap before
{Heap before GC invocations=15 (full 2):
 PSYoungGen      total 32768K, used 28932K [0x00000000f5580000, 0x00000000f7a80000, 0x0000000100000000)
  eden space 28672K, 100% used [0x00000000f5580000,0x00000000f7180000,0x00000000f7180000)
  from space 4096K, 6% used [0x00000000f7680000,0x00000000f76c1300,0x00000000f7a80000)
  to   space 4608K, 0% used [0x00000000f7180000,0x00000000f7180000,0x00000000f7600000)
 ParOldGen       total 84992K, used 5700K [0x00000000e0000000, 0x00000000e5300000, 0x00000000f5580000)
  object space 84992K, 6% used [0x00000000e0000000,0x00000000e0591298,0x00000000e5300000)
 Metaspace       used 25193K, capacity 25510K, committed 25856K, reserved 1071104K
  class space    used 3174K, capacity 3297K, committed 3328K, reserved 1048576K
Event: 2257.500 GC heap after
Heap after GC invocations=15 (full 2):
 PSYoungGen      total 29184K, used 528K [0x00000000f5580000, 0x00000000f7900000, 0x0000000100000000)
  eden space 28160K, 0% used [0x00000000f5580000,0x00000000f5580000,0x00000000f7100000)
  from space 1024K, 51% used [0x00000000f7180000,0x00000000f7204010,0x00000000f7280000)
  to   space 4096K, 0% used [0x00000000f7500000,0x00000000f7500000,0x00000000f7900000)
 ParOldGen       total 84992K, used 5802K [0x00000000e0000000, 0x00000000e5300000, 0x00000000f5580000)
  object space 84992K, 6% used [0x00000000e0000000,0x00000000e05aa918,0x00000000e5300000)
 Metaspace       used 25193K, capacity 25510K, committed 25856K, reserved 1071104K
  class space    used 3174K, capacity 3297K, committed 3328K, reserved 1048576K
}
Event: 2257.994 GC heap before
{Heap before GC invocations=16 (full 2):
 PSYoungGen      total 29184K, used 28688K [0x00000000f5580000, 0x00000000f7900000, 0x0000000100000000)
  eden space 28160K, 100% used [0x00000000f5580000,0x00000000f7100000,0x00000000f7100000)
  from space 1024K, 51% used [0x00000000f7180000,0x00000000f7204010,0x00000000f7280000)
  to   space 4096K, 0% used [0x00000000f7500000,0x00000000f7500000,0x00000000f7900000)
 ParOldGen       total 84992K, used 5804K [0x00000000e0000000, 0x00000000e5300000, 0x00000000f5580000)
  object space 84992K, 6% used [0x00000000e0000000,0x00000000e05ab2a8,0x00000000e5300000)
 Metaspace       used 25381K, capacity 25708K, committed 25856K, reserved 1071104K
  class space    used 3176K, capacity 3298K, committed 3328K, reserved 1048576K
Event: 2257.996 GC heap after
Heap after GC invocations=16 (full 2):
 PSYoungGen      total 31232K, used 1177K [0x00000000f5580000, 0x00000000f7880000, 0x0000000100000000)
  eden space 27648K, 0% used [0x00000000f5580000,0x00000000f5580000,0x00000000f7080000)
  from space 3584K, 32% used [0x00000000f7500000,0x00000000f76266e8,0x00000000f7880000)
  to   space 4096K, 0% used [0x00000000f7080000,0x00000000f7080000,0x00000000f7480000)
 ParOldGen       total 84992K, used 6116K [0x00000000e0000000, 0x00000000e5300000, 0x00000000f5580000)
  object space 84992K, 7% used [0x00000000e0000000,0x00000000e05f92e8,0x00000000e5300000)
 Metaspace       used 25381K, capacity 25708K, committed 25856K, reserved 1071104K
  class space    used 3176K, capacity 3298K, committed 3328K, reserved 1048576K
}
Event: 2258.916 GC heap before
{Heap before GC invocations=17 (full 2):
 PSYoungGen      total 31232K, used 28825K [0x00000000f5580000, 0x00000000f7880000, 0x0000000100000000)
  eden space 27648K, 100% used [0x00000000f5580000,0x00000000f7080000,0x00000000f7080000)
  from space 3584K, 32% used [0x00000000f7500000,0x00000000f76266e8,0x00000000f7880000)
  to   space 4096K, 0% used [0x00000000f7080000,0x00000000f7080000,0x00000000f7480000)
 ParOldGen       total 84992K, used 6116K [0x00000000e0000000, 0x00000000e5300000, 0x00000000f5580000)
  object space 84992K, 7% used [0x00000000e0000000,0x00000000e05f92e8,0x00000000e5300000)
 Metaspace       used 25437K, capacity 25778K, committed 26112K, reserved 1073152K
  class space    used 3176K, capacity 3299K, committed 3328K, reserved 1048576K
Event: 2258.919 GC heap after
Heap after GC invocations=17 (full 2):
 PSYoungGen      total 28160K, used 531K [0x00000000f5580000, 0x00000000f7800000, 0x0000000100000000)
  eden space 27136K, 0% used [0x00000000f5580000,0x00000000f5580000,0x00000000f7000000)
  from space 1024K, 51% used [0x00000000f7080000,0x00000000f7104e70,0x00000000f7180000)
  to   space 4096K, 0% used [0x00000000f7400000,0x00000000f7400000,0x00000000f7800000)
 ParOldGen       total 84992K, used 7011K [0x00000000e0000000, 0x00000000e5300000, 0x00000000f5580000)
  object space 84992K, 8% used [0x00000000e0000000,0x00000000e06d8ca8,0x00000000e5300000)
 Metaspace       used 25437K, capacity 25778K, committed 26112K, reserved 1073152K
  class space    used 3176K, capacity 3299K, committed 3328K, reserved 1048576K
}
Event: 2259.635 GC heap before
{Heap before GC invocations=18 (full 2):
 PSYoungGen      total 28160K, used 27667K [0x00000000f5580000, 0x00000000f7800000, 0x0000000100000000)
  eden space 27136K, 100% used [0x00000000f5580000,0x00000000f7000000,0x00000000f7000000)
  from space 1024K, 51% used [0x00000000f7080000,0x00000000f7104e70,0x00000000f7180000)
  to   space 4096K, 0% used [0x00000000f7400000,0x00000000f7400000,0x00000000f7800000)
 ParOldGen       total 84992K, used 7011K [0x00000000e0000000, 0x00000000e5300000, 0x00000000f5580000)
  object space 84992K, 8% used [0x00000000e0000000,0x00000000e06d8ca8,0x00000000e5300000)
 Metaspace       used 25452K, capacity 25778K, committed 26112K, reserved 1073152K
  class space    used 3176K, capacity 3299K, committed 3328K, reserved 1048576K
Event: 2259.637 GC heap after
Heap after GC invocations=18 (full 2):
 PSYoungGen      total 30208K, used 128K [0x00000000f5580000, 0x00000000f7780000, 0x0000000100000000)
  eden space 26624K, 0% used [0x00000000f5580000,0x00000000f5580000,0x00000000f6f80000)
  from space 3584K, 3% used [0x00000000f7400000,0x00000000f7420000,0x00000000f7780000)
  to   space 4096K, 0% used [0x00000000f6f80000,0x00000000f6f80000,0x00000000f7380000)
 ParOldGen       total 84992K, used 7427K [0x00000000e0000000, 0x00000000e5300000, 0x00000000f5580000)
  object space 84992K, 8% used [0x00000000e0000000,0x00000000e0740d28,0x00000000e5300000)
 Metaspace       used 25452K, capacity 25778K, committed 26112K, reserved 1073152K
  class space    used 3176K, capacity 3299K, committed 3328K, reserved 1048576K
}

