# JRE version: OpenJDK Runtime Environment (8.0_222-b10) (build 1.8.0_222-8u222-b10-1ubuntu1~18.04.1-b10)
# Java VM: OpenJDK 64-Bit Server VM (25.222-b10 mixed mode linux-amd64 compressed oops)
Heap:
 PSYoungGen      total 30208K, used 2555K [0x00000000f5580000, 0x00000000f7800000, 0x0000000100000000)
  eden space 26112K, 8% used [0x00000000f5580000,0x00000000f57bed98,0x00000000f6f00000)
  from space 4096K, 6% used [0x00000000f7400000,0x00000000f7440000,0x00000000f7800000)
  to   space 4608K, 0% used [0x00000000f6f00000,0x00000000f6f00000,0x00000000f7380000)
 ParOldGen       total 84992K, used 9876K [0x00000000e0000000, 0x00000000e5300000, 0x00000000f5580000)
  object space 84992K, 11% used [0x00000000e0000000,0x00000000e09a5230,0x00000000e5300000)
 Metaspace       used 27573K, capacity 28030K, committed 28160K, reserved 1073152K
  class space    used 3428K, capacity 3581K, committed 3584K, reserved 1048576K
GC Heap History (10 events):
Event: 305.162 GC heap before
{Heap before GC invocations=13 (full 1):
 PSYoungGen      total 30208K, used 29705K [0x00000000f5580000, 0x00000000f7a80000, 0x0000000100000000)
  eden space 28672K, 100% used [0x00000000f5580000,0x00000000f7180000,0x00000000f7180000)
  from space 1536K, 67% used [0x00000000f7200000,0x00000000f7302600,0x00000000f7380000)
  to   space 4608K, 0% used [0x00000000f7600000,0x00000000f7600000,0x00000000f7a80000)
 ParOldGen       total 84992K, used 8390K [0x00000000e0000000, 0x00000000e5300000, 0x00000000f5580000)
  object space 84992K, 9% used [0x00000000e0000000,0x00000000e0831960,0x00000000e5300000)
 Metaspace       used 27317K, capacity 27646K, committed 27904K, reserved 1073152K
  class space    used 3411K, capacity 3533K, committed 3584K, reserved 1048576K
Event: 305.164 GC heap after
Heap after GC invocations=13 (full 1):
 PSYoungGen      total 32256K, used 256K [0x00000000f5580000, 0x00000000f7a00000, 0x0000000100000000)
  eden space 28160K, 0% used [0x00000000f5580000,0x00000000f5580000,0x00000000f7100000)
  from space 4096K, 6% used [0x00000000f7600000,0x00000000f7640000,0x00000000f7a00000)
  to   space 4608K, 0% used [0x00000000f7100000,0x00000000f7100000,0x00000000f7580000)
 ParOldGen       total 84992K, used 9192K [0x00000000e0000000, 0x00000000e5300000, 0x00000000f5580000)
  object space 84992K, 10% used [0x00000000e0000000,0x00000000e08fa010,0x00000000e5300000)
 Metaspace       used 27317K, capacity 27646K, committed 27904K, reserved 1073152K
  class space    used 3411K, capacity 3533K, committed 3584K, reserved 1048576K
}
Event: 332.236 GC heap before
{Heap before GC invocations=14 (full 1):
 PSYoungGen      total 32256K, used 28416K [0x00000000f5580000, 0x00000000f7a00000, 0x0000000100000000)
  eden space 28160K, 100% used [0x00000000f5580000,0x00000000f7100000,0x00000000f7100000)
  from space 4096K, 6% used [0x00000000f7600000,0x00000000f7640000,0x00000000f7a00000)
  to   space 4608K, 0% used [0x00000000f7100000,0x00000000f7100000,0x00000000f7580000)
 ParOldGen       total 84992K, used 9192K [0x00000000e0000000, 0x00000000e5300000, 0x00000000f5580000)
  object space 84992K, 10% used [0x00000000e0000000,0x00000000e08fa010,0x00000000e5300000)
 Metaspace       used 27330K, capacity 27742K, committed 27904K, reserved 1073152K
  class space    used 3412K, capacity 3565K, committed 3584K, reserved 1048576K
Event: 332.237 GC heap after
Heap after GC invocations=14 (full 1):
 PSYoungGen      total 28672K, used 576K [0x00000000f5580000, 0x00000000f7980000, 0x0000000100000000)
  eden space 27648K, 0% used [0x00000000f5580000,0x00000000f5580000,0x00000000f7080000)
  from space 1024K, 56% used [0x00000000f7100000,0x00000000f7190000,0x00000000f7200000)
  to   space 4608K, 0% used [0x00000000f7500000,0x00000000f7500000,0x00000000f7980000)
 ParOldGen       total 84992K, used 9272K [0x00000000e0000000, 0x00000000e5300000, 0x00000000f5580000)
  object space 84992K, 10% used [0x00000000e0000000,0x00000000e090e010,0x00000000e5300000)
 Metaspace       used 27330K, capacity 27742K, committed 27904K, reserved 1073152K
  class space    used 3412K, capacity 3565K, committed 3584K, reserved 1048576K
}
Event: 341.689 GC heap before
{Heap before GC invocations=15 (full 1):
 PSYoungGen      total 28672K, used 28224K [0x00000000f5580000, 0x00000000f7980000, 0x0000000100000000)
  eden space 27648K, 100% used [0x00000000f5580000,0x00000000f7080000,0x00000000f7080000)
  from space 1024K, 56% used [0x00000000f7100000,0x00000000f7190000,0x00000000f7200000)
  to   space 4608K, 0% used [0x00000000f7500000,0x00000000f7500000,0x00000000f7980000)
 ParOldGen       total 84992K, used 9272K [0x00000000e0000000, 0x00000000e5300000, 0x00000000f5580000)
  object space 84992K, 10% used [0x00000000e0000000,0x00000000e090e010,0x00000000e5300000)
 Metaspace       used 27550K, capacity 28030K, committed 28160K, reserved 1073152K
  class space    used 3428K, capacity 3581K, committed 3584K, reserved 1048576K
Event: 341.691 GC heap after
Heap after GC invocations=15 (full 1):
 PSYoungGen      total 31232K, used 590K [0x00000000f5580000, 0x00000000f7900000, 0x0000000100000000)
  eden space 27136K, 0% used [0x00000000f5580000,0x00000000f5580000,0x00000000f7000000)
  from space 4096K, 14% used [0x00000000f7500000,0x00000000f75939c0,0x00000000f7900000)
  to   space 4608K, 0% used [0x00000000f7000000,0x00000000f7000000,0x00000000f7480000)
 ParOldGen       total 84992K, used 9400K [0x00000000e0000000, 0x00000000e5300000, 0x00000000f5580000)
  object space 84992K, 11% used [0x00000000e0000000,0x00000000e092e060,0x00000000e5300000)
 Metaspace       used 27550K, capacity 28030K, committed 28160K, reserved 1073152K
  class space    used 3428K, capacity 3581K, committed 3584K, reserved 1048576K
}
Event: 345.001 GC heap before
{Heap before GC invocations=16 (full 1):
 PSYoungGen      total 31232K, used 27726K [0x00000000f5580000, 0x00000000f7900000, 0x0000000100000000)
  eden space 27136K, 100% used [0x00000000f5580000,0x00000000f7000000,0x00000000f7000000)
  from space 4096K, 14% used [0x00000000f7500000,0x00000000f75939c0,0x00000000f7900000)
  to   space 4608K, 0% used [0x00000000f7000000,0x00000000f7000000,0x00000000f7480000)
 ParOldGen       total 84992K, used 9400K [0x00000000e0000000, 0x00000000e5300000, 0x00000000f5580000)
  object space 84992K, 11% used [0x00000000e0000000,0x00000000e092e060,0x00000000e5300000)
 Metaspace       used 27558K, capacity 28030K, committed 28160K, reserved 1073152K
  class space    used 3428K, capacity 3581K, committed 3584K, reserved 1048576K
Event: 345.003 GC heap after
Heap after GC invocations=16 (full 1):
 PSYoungGen      total 27136K, used 192K [0x00000000f5580000, 0x00000000f7880000, 0x0000000100000000)
  eden space 26624K, 0% used [0x00000000f5580000,0x00000000f5580000,0x00000000f6f80000)
  from space 512K, 37% used [0x00000000f7000000,0x00000000f7030000,0x00000000f7080000)
  to   space 4608K, 0% used [0x00000000f7400000,0x00000000f7400000,0x00000000f7880000)
 ParOldGen       total 84992K, used 9844K [0x00000000e0000000, 0x00000000e5300000, 0x00000000f5580000)
  object space 84992K, 11% used [0x00000000e0000000,0x00000000e099d230,0x00000000e5300000)
 Metaspace       used 27558K, capacity 28030K, committed 28160K, reserved 1073152K
  class space    used 3428K, capacity 3581K, committed 3584K, reserved 1048576K
}
Event: 347.036 GC heap before
{Heap before GC invocations=17 (full 1):
 PSYoungGen      total 27136K, used 26816K [0x00000000f5580000, 0x00000000f7880000, 0x0000000100000000)
  eden space 26624K, 100% used [0x00000000f5580000,0x00000000f6f80000,0x00000000f6f80000)
  from space 512K, 37% used [0x00000000f7000000,0x00000000f7030000,0x00000000f7080000)
  to   space 4608K, 0% used [0x00000000f7400000,0x00000000f7400000,0x00000000f7880000)
 ParOldGen       total 84992K, used 9844K [0x00000000e0000000, 0x00000000e5300000, 0x00000000f5580000)
  object space 84992K, 11% used [0x00000000e0000000,0x00000000e099d230,0x00000000e5300000)
 Metaspace       used 27568K, capacity 28030K, committed 28160K, reserved 1073152K
  class space    used 3428K, capacity 3581K, committed 3584K, reserved 1048576K
Event: 347.037 GC heap after
Heap after GC invocations=17 (full 1):
 PSYoungGen      total 30208K, used 256K [0x00000000f5580000, 0x00000000f7800000, 0x0000000100000000)
  eden space 26112K, 0% used [0x00000000f5580000,0x00000000f5580000,0x00000000f6f00000)
  from space 4096K, 6% used [0x00000000f7400000,0x00000000f7440000,0x00000000f7800000)
  to   space 4608K, 0% used [0x00000000f6f00000,0x00000000f6f00000,0x00000000f7380000)
 ParOldGen       total 84992K, used 9876K [0x00000000e0000000, 0x00000000e5300000, 0x00000000f5580000)
  object space 84992K, 11% used [0x00000000e0000000,0x00000000e09a5230,0x00000000e5300000)
 Metaspace       used 27568K, capacity 28030K, committed 28160K, reserved 1073152K
  class space    used 3428K, capacity 3581K, committed 3584K, reserved 1048576K
}

