# JRE version: OpenJDK Runtime Environment (8.0_222-b10) (build 1.8.0_222-8u222-b10-1ubuntu1~18.04.1-b10)
# Java VM: OpenJDK 64-Bit Server VM (25.222-b10 interpreted mode linux-amd64 compressed oops)
Heap:
 PSYoungGen      total 68096K, used 31677K [0x00000000f5580000, 0x00000000fdd00000, 0x0000000100000000)
  eden space 62976K, 46% used [0x00000000f5580000,0x00000000f723cde0,0x00000000f9300000)
  from space 5120K, 43% used [0x00000000f9300000,0x00000000f9532880,0x00000000f9800000)
  to   space 7168K, 0% used [0x00000000fd600000,0x00000000fd600000,0x00000000fdd00000)
 ParOldGen       total 37888K, used 4857K [0x00000000e0000000, 0x00000000e2500000, 0x00000000f5580000)
  object space 37888K, 12% used [0x00000000e0000000,0x00000000e04be6f0,0x00000000e2500000)
 Metaspace       used 22704K, capacity 23090K, committed 23472K, reserved 1069056K
  class space    used 3286K, capacity 3405K, committed 3504K, reserved 1048576K
GC Heap History (10 events):
Event: 4.386 GC heap before
{Heap before GC invocations=2 (full 0):
 PSYoungGen      total 36864K, used 6914K [0x00000000f5580000, 0x00000000f7e80000, 0x0000000100000000)
  eden space 31744K, 5% used [0x00000000f5580000,0x00000000f57411c0,0x00000000f7480000)
  from space 5120K, 99% used [0x00000000f7480000,0x00000000f797f6e8,0x00000000f7980000)
  to   space 5120K, 0% used [0x00000000f7980000,0x00000000f7980000,0x00000000f7e80000)
 ParOldGen       total 84992K, used 594K [0x00000000e0000000, 0x00000000e5300000, 0x00000000f5580000)
  object space 84992K, 0% used [0x00000000e0000000,0x00000000e0094b20,0x00000000e5300000)
 Metaspace       used 20829K, capacity 21114K, committed 21296K, reserved 1067008K
  class space    used 2993K, capacity 3113K, committed 3120K, reserved 1048576K
Event: 4.390 GC heap after
Heap after GC invocations=2 (full 0):
 PSYoungGen      total 36864K, used 5005K [0x00000000f5580000, 0x00000000f9d80000, 0x0000000100000000)
  eden space 31744K, 0% used [0x00000000f5580000,0x00000000f5580000,0x00000000f7480000)
  from space 5120K, 97% used [0x00000000f7980000,0x00000000f7e636d8,0x00000000f7e80000)
  to   space 5120K, 0% used [0x00000000f7480000,0x00000000f7480000,0x00000000f7980000)
 ParOldGen       total 84992K, used 594K [0x00000000e0000000, 0x00000000e5300000, 0x00000000f5580000)
  object space 84992K, 0% used [0x00000000e0000000,0x00000000e0094b20,0x00000000e5300000)
 Metaspace       used 20829K, capacity 21114K, committed 21296K, reserved 1067008K
  class space    used 2993K, capacity 3113K, committed 3120K, reserved 1048576K
}
Event: 4.390 GC heap before
{Heap before GC invocations=3 (full 1):
 PSYoungGen      total 36864K, used 5005K [0x00000000f5580000, 0x00000000f9d80000, 0x0000000100000000)
  eden space 31744K, 0% used [0x00000000f5580000,0x00000000f5580000,0x00000000f7480000)
  from space 5120K, 97% used [0x00000000f7980000,0x00000000f7e636d8,0x00000000f7e80000)
  to   space 5120K, 0% used [0x00000000f7480000,0x00000000f7480000,0x00000000f7980000)
 ParOldGen       total 84992K, used 594K [0x00000000e0000000, 0x00000000e5300000, 0x00000000f5580000)
  object space 84992K, 0% used [0x00000000e0000000,0x00000000e0094b20,0x00000000e5300000)
 Metaspace       used 20829K, capacity 21114K, committed 21296K, reserved 1067008K
  class space    used 2993K, capacity 3113K, committed 3120K, reserved 1048576K
Event: 4.405 GC heap after
Heap after GC invocations=3 (full 1):
 PSYoungGen      total 36864K, used 0K [0x00000000f5580000, 0x00000000f9d80000, 0x0000000100000000)
  eden space 31744K, 0% used [0x00000000f5580000,0x00000000f5580000,0x00000000f7480000)
  from space 5120K, 0% used [0x00000000f7980000,0x00000000f7980000,0x00000000f7e80000)
  to   space 5120K, 0% used [0x00000000f7480000,0x00000000f7480000,0x00000000f7980000)
 ParOldGen       total 37888K, used 4857K [0x00000000e0000000, 0x00000000e2500000, 0x00000000f5580000)
  object space 37888K, 12% used [0x00000000e0000000,0x00000000e04be6f0,0x00000000e2500000)
 Metaspace       used 20829K, capacity 21114K, committed 21296K, reserved 1067008K
  class space    used 2993K, capacity 3113K, committed 3120K, reserved 1048576K
}
Event: 16.900 GC heap before
{Heap before GC invocations=4 (full 1):
 PSYoungGen      total 36864K, used 31744K [0x00000000f5580000, 0x00000000f9d80000, 0x0000000100000000)
  eden space 31744K, 100% used [0x00000000f5580000,0x00000000f7480000,0x00000000f7480000)
  from space 5120K, 0% used [0x00000000f7980000,0x00000000f7980000,0x00000000f7e80000)
  to   space 5120K, 0% used [0x00000000f7480000,0x00000000f7480000,0x00000000f7980000)
 ParOldGen       total 37888K, used 4857K [0x00000000e0000000, 0x00000000e2500000, 0x00000000f5580000)
  object space 37888K, 12% used [0x00000000e0000000,0x00000000e04be6f0,0x00000000e2500000)
 Metaspace       used 22224K, capacity 22566K, committed 22832K, reserved 1069056K
  class space    used 3214K, capacity 3339K, committed 3376K, reserved 1048576K
Event: 16.902 GC heap after
Heap after GC invocations=4 (full 1):
 PSYoungGen      total 36864K, used 1152K [0x00000000f5580000, 0x00000000f9d00000, 0x0000000100000000)
  eden space 31744K, 0% used [0x00000000f5580000,0x00000000f5580000,0x00000000f7480000)
  from space 5120K, 22% used [0x00000000f7480000,0x00000000f75a0000,0x00000000f7980000)
  to   space 5120K, 0% used [0x00000000f9800000,0x00000000f9800000,0x00000000f9d00000)
 ParOldGen       total 37888K, used 4857K [0x00000000e0000000, 0x00000000e2500000, 0x00000000f5580000)
  object space 37888K, 12% used [0x00000000e0000000,0x00000000e04be6f0,0x00000000e2500000)
 Metaspace       used 22224K, capacity 22566K, committed 22832K, reserved 1069056K
  class space    used 3214K, capacity 3339K, committed 3376K, reserved 1048576K
}
Event: 22.286 GC heap before
{Heap before GC invocations=5 (full 1):
 PSYoungGen      total 36864K, used 32896K [0x00000000f5580000, 0x00000000f9d00000, 0x0000000100000000)
  eden space 31744K, 100% used [0x00000000f5580000,0x00000000f7480000,0x00000000f7480000)
  from space 5120K, 22% used [0x00000000f7480000,0x00000000f75a0000,0x00000000f7980000)
  to   space 5120K, 0% used [0x00000000f9800000,0x00000000f9800000,0x00000000f9d00000)
 ParOldGen       total 37888K, used 4857K [0x00000000e0000000, 0x00000000e2500000, 0x00000000f5580000)
  object space 37888K, 12% used [0x00000000e0000000,0x00000000e04be6f0,0x00000000e2500000)
 Metaspace       used 22238K, capacity 22566K, committed 22832K, reserved 1069056K
  class space    used 3216K, capacity 3339K, committed 3376K, reserved 1048576K
Event: 22.288 GC heap after
Heap after GC invocations=5 (full 1):
 PSYoungGen      total 68096K, used 1456K [0x00000000f5580000, 0x00000000f9d00000, 0x0000000100000000)
  eden space 62976K, 0% used [0x00000000f5580000,0x00000000f5580000,0x00000000f9300000)
  from space 5120K, 28% used [0x00000000f9800000,0x00000000f996c270,0x00000000f9d00000)
  to   space 5120K, 0% used [0x00000000f9300000,0x00000000f9300000,0x00000000f9800000)
 ParOldGen       total 37888K, used 4857K [0x00000000e0000000, 0x00000000e2500000, 0x00000000f5580000)
  object space 37888K, 12% used [0x00000000e0000000,0x00000000e04be6f0,0x00000000e2500000)
 Metaspace       used 22238K, capacity 22566K, committed 22832K, reserved 1069056K
  class space    used 3216K, capacity 3339K, committed 3376K, reserved 1048576K
}
Event: 46.390 GC heap before
{Heap before GC invocations=6 (full 1):
 PSYoungGen      total 68096K, used 64432K [0x00000000f5580000, 0x00000000f9d00000, 0x0000000100000000)
  eden space 62976K, 100% used [0x00000000f5580000,0x00000000f9300000,0x00000000f9300000)
  from space 5120K, 28% used [0x00000000f9800000,0x00000000f996c270,0x00000000f9d00000)
  to   space 5120K, 0% used [0x00000000f9300000,0x00000000f9300000,0x00000000f9800000)
 ParOldGen       total 37888K, used 4857K [0x00000000e0000000, 0x00000000e2500000, 0x00000000f5580000)
  object space 37888K, 12% used [0x00000000e0000000,0x00000000e04be6f0,0x00000000e2500000)
 Metaspace       used 22533K, capacity 22898K, committed 23216K, reserved 1069056K
  class space    used 3257K, capacity 3405K, committed 3504K, reserved 1048576K
Event: 46.392 GC heap after
Heap after GC invocations=6 (full 1):
 PSYoungGen      total 68096K, used 2250K [0x00000000f5580000, 0x00000000fdd00000, 0x0000000100000000)
  eden space 62976K, 0% used [0x00000000f5580000,0x00000000f5580000,0x00000000f9300000)
  from space 5120K, 43% used [0x00000000f9300000,0x00000000f9532880,0x00000000f9800000)
  to   space 7168K, 0% used [0x00000000fd600000,0x00000000fd600000,0x00000000fdd00000)
 ParOldGen       total 37888K, used 4857K [0x00000000e0000000, 0x00000000e2500000, 0x00000000f5580000)
  object space 37888K, 12% used [0x00000000e0000000,0x00000000e04be6f0,0x00000000e2500000)
 Metaspace       used 22533K, capacity 22898K, committed 23216K, reserved 1069056K
  class space    used 3257K, capacity 3405K, committed 3504K, reserved 1048576K
}

