# JRE version: OpenJDK Runtime Environment (8.0_222-b10) (build 1.8.0_222-8u222-b10-1ubuntu1~18.04.1-b10)
# Java VM: OpenJDK 64-Bit Server VM (25.222-b10 interpreted mode linux-amd64 compressed oops)
Heap:
 PSYoungGen      total 30208K, used 22558K [0x00000000f5580000, 0x00000000f7700000, 0x0000000100000000)
  eden space 27136K, 81% used [0x00000000f5580000,0x00000000f6b2b478,0x00000000f7000000)
  from space 3072K, 12% used [0x00000000f7400000,0x00000000f745c6b8,0x00000000f7700000)
  to   space 3584K, 0% used [0x00000000f7000000,0x00000000f7000000,0x00000000f7380000)
 ParOldGen       total 84992K, used 7284K [0x00000000e0000000, 0x00000000e5300000, 0x00000000f5580000)
  object space 84992K, 8% used [0x00000000e0000000,0x00000000e071d1a0,0x00000000e5300000)
 Metaspace       used 21836K, capacity 22208K, committed 22528K, reserved 1069056K
  class space    used 3151K, capacity 3290K, committed 3328K, reserved 1048576K
GC Heap History (10 events):
Event: 23.505 GC heap before
{Heap before GC invocations=11 (full 1):
 PSYoungGen      total 31744K, used 31476K [0x00000000f5580000, 0x00000000f7a80000, 0x0000000100000000)
  eden space 29696K, 100% used [0x00000000f5580000,0x00000000f7280000,0x00000000f7280000)
  from space 2048K, 86% used [0x00000000f7300000,0x00000000f74bd380,0x00000000f7500000)
  to   space 4096K, 0% used [0x00000000f7680000,0x00000000f7680000,0x00000000f7a80000)
 ParOldGen       total 84992K, used 5171K [0x00000000e0000000, 0x00000000e5300000, 0x00000000f5580000)
  object space 84992K, 6% used [0x00000000e0000000,0x00000000e050cd70,0x00000000e5300000)
 Metaspace       used 21522K, capacity 21888K, committed 22272K, reserved 1069056K
  class space    used 3095K, capacity 3226K, committed 3328K, reserved 1048576K
Event: 23.507 GC heap after
Heap after GC invocations=11 (full 1):
 PSYoungGen      total 32768K, used 768K [0x00000000f5580000, 0x00000000f7a00000, 0x0000000100000000)
  eden space 29184K, 0% used [0x00000000f5580000,0x00000000f5580000,0x00000000f7200000)
  from space 3584K, 21% used [0x00000000f7680000,0x00000000f7740000,0x00000000f7a00000)
  to   space 4096K, 0% used [0x00000000f7200000,0x00000000f7200000,0x00000000f7600000)
 ParOldGen       total 84992K, used 6380K [0x00000000e0000000, 0x00000000e5300000, 0x00000000f5580000)
  object space 84992K, 7% used [0x00000000e0000000,0x00000000e063b120,0x00000000e5300000)
 Metaspace       used 21522K, capacity 21888K, committed 22272K, reserved 1069056K
  class space    used 3095K, capacity 3226K, committed 3328K, reserved 1048576K
}
Event: 25.564 GC heap before
{Heap before GC invocations=12 (full 1):
 PSYoungGen      total 32768K, used 29952K [0x00000000f5580000, 0x00000000f7a00000, 0x0000000100000000)
  eden space 29184K, 100% used [0x00000000f5580000,0x00000000f7200000,0x00000000f7200000)
  from space 3584K, 21% used [0x00000000f7680000,0x00000000f7740000,0x00000000f7a00000)
  to   space 4096K, 0% used [0x00000000f7200000,0x00000000f7200000,0x00000000f7600000)
 ParOldGen       total 84992K, used 6380K [0x00000000e0000000, 0x00000000e5300000, 0x00000000f5580000)
  object space 84992K, 7% used [0x00000000e0000000,0x00000000e063b120,0x00000000e5300000)
 Metaspace       used 21659K, capacity 22016K, committed 22272K, reserved 1069056K
  class space    used 3122K, capacity 3226K, committed 3328K, reserved 1048576K
Event: 25.566 GC heap after
Heap after GC invocations=12 (full 1):
 PSYoungGen      total 29696K, used 544K [0x00000000f5580000, 0x00000000f7980000, 0x0000000100000000)
  eden space 28672K, 0% used [0x00000000f5580000,0x00000000f5580000,0x00000000f7180000)
  from space 1024K, 53% used [0x00000000f7200000,0x00000000f7288000,0x00000000f7300000)
  to   space 4096K, 0% used [0x00000000f7580000,0x00000000f7580000,0x00000000f7980000)
 ParOldGen       total 84992K, used 6812K [0x00000000e0000000, 0x00000000e5300000, 0x00000000f5580000)
  object space 84992K, 8% used [0x00000000e0000000,0x00000000e06a7120,0x00000000e5300000)
 Metaspace       used 21659K, capacity 22016K, committed 22272K, reserved 1069056K
  class space    used 3122K, capacity 3226K, committed 3328K, reserved 1048576K
}
Event: 27.613 GC heap before
{Heap before GC invocations=13 (full 1):
 PSYoungGen      total 29696K, used 29216K [0x00000000f5580000, 0x00000000f7980000, 0x0000000100000000)
  eden space 28672K, 100% used [0x00000000f5580000,0x00000000f7180000,0x00000000f7180000)
  from space 1024K, 53% used [0x00000000f7200000,0x00000000f7288000,0x00000000f7300000)
  to   space 4096K, 0% used [0x00000000f7580000,0x00000000f7580000,0x00000000f7980000)
 ParOldGen       total 84992K, used 6812K [0x00000000e0000000, 0x00000000e5300000, 0x00000000f5580000)
  object space 84992K, 8% used [0x00000000e0000000,0x00000000e06a7120,0x00000000e5300000)
 Metaspace       used 21660K, capacity 22016K, committed 22272K, reserved 1069056K
  class space    used 3123K, capacity 3226K, committed 3328K, reserved 1048576K
Event: 27.614 GC heap after
Heap after GC invocations=13 (full 1):
 PSYoungGen      total 31744K, used 256K [0x00000000f5580000, 0x00000000f7900000, 0x0000000100000000)
  eden space 28160K, 0% used [0x00000000f5580000,0x00000000f5580000,0x00000000f7100000)
  from space 3584K, 7% used [0x00000000f7580000,0x00000000f75c0000,0x00000000f7900000)
  to   space 4096K, 0% used [0x00000000f7100000,0x00000000f7100000,0x00000000f7500000)
 ParOldGen       total 84992K, used 7180K [0x00000000e0000000, 0x00000000e5300000, 0x00000000f5580000)
  object space 84992K, 8% used [0x00000000e0000000,0x00000000e07031a0,0x00000000e5300000)
 Metaspace       used 21660K, capacity 22016K, committed 22272K, reserved 1069056K
  class space    used 3123K, capacity 3226K, committed 3328K, reserved 1048576K
}
Event: 29.713 GC heap before
{Heap before GC invocations=14 (full 1):
 PSYoungGen      total 31744K, used 28416K [0x00000000f5580000, 0x00000000f7900000, 0x0000000100000000)
  eden space 28160K, 100% used [0x00000000f5580000,0x00000000f7100000,0x00000000f7100000)
  from space 3584K, 7% used [0x00000000f7580000,0x00000000f75c0000,0x00000000f7900000)
  to   space 4096K, 0% used [0x00000000f7100000,0x00000000f7100000,0x00000000f7500000)
 ParOldGen       total 84992K, used 7180K [0x00000000e0000000, 0x00000000e5300000, 0x00000000f5580000)
  object space 84992K, 8% used [0x00000000e0000000,0x00000000e07031a0,0x00000000e5300000)
 Metaspace       used 21661K, capacity 22016K, committed 22272K, reserved 1069056K
  class space    used 3123K, capacity 3226K, committed 3328K, reserved 1048576K
Event: 29.714 GC heap after
Heap after GC invocations=14 (full 1):
 PSYoungGen      total 28160K, used 288K [0x00000000f5580000, 0x00000000f7780000, 0x0000000100000000)
  eden space 27648K, 0% used [0x00000000f5580000,0x00000000f5580000,0x00000000f7080000)
  from space 512K, 56% used [0x00000000f7100000,0x00000000f7148000,0x00000000f7180000)
  to   space 3584K, 0% used [0x00000000f7400000,0x00000000f7400000,0x00000000f7780000)
 ParOldGen       total 84992K, used 7220K [0x00000000e0000000, 0x00000000e5300000, 0x00000000f5580000)
  object space 84992K, 8% used [0x00000000e0000000,0x00000000e070d1a0,0x00000000e5300000)
 Metaspace       used 21661K, capacity 22016K, committed 22272K, reserved 1069056K
  class space    used 3123K, capacity 3226K, committed 3328K, reserved 1048576K
}
Event: 32.449 GC heap before
{Heap before GC invocations=15 (full 1):
 PSYoungGen      total 28160K, used 27936K [0x00000000f5580000, 0x00000000f7780000, 0x0000000100000000)
  eden space 27648K, 100% used [0x00000000f5580000,0x00000000f7080000,0x00000000f7080000)
  from space 512K, 56% used [0x00000000f7100000,0x00000000f7148000,0x00000000f7180000)
  to   space 3584K, 0% used [0x00000000f7400000,0x00000000f7400000,0x00000000f7780000)
 ParOldGen       total 84992K, used 7220K [0x00000000e0000000, 0x00000000e5300000, 0x00000000f5580000)
  object space 84992K, 8% used [0x00000000e0000000,0x00000000e070d1a0,0x00000000e5300000)
 Metaspace       used 21768K, capacity 22112K, committed 22272K, reserved 1069056K
  class space    used 3128K, capacity 3258K, committed 3328K, reserved 1048576K
Event: 32.451 GC heap after
Heap after GC invocations=15 (full 1):
 PSYoungGen      total 30208K, used 369K [0x00000000f5580000, 0x00000000f7700000, 0x0000000100000000)
  eden space 27136K, 0% used [0x00000000f5580000,0x00000000f5580000,0x00000000f7000000)
  from space 3072K, 12% used [0x00000000f7400000,0x00000000f745c6b8,0x00000000f7700000)
  to   space 3584K, 0% used [0x00000000f7000000,0x00000000f7000000,0x00000000f7380000)
 ParOldGen       total 84992K, used 7284K [0x00000000e0000000, 0x00000000e5300000, 0x00000000f5580000)
  object space 84992K, 8% used [0x00000000e0000000,0x00000000e071d1a0,0x00000000e5300000)
 Metaspace       used 21768K, capacity 22112K, committed 22272K, reserved 1069056K
  class space    used 3128K, capacity 3258K, committed 3328K, reserved 1048576K
}

