# JRE version: OpenJDK Runtime Environment (8.0_222-b10) (build 1.8.0_222-8u222-b10-1ubuntu1~18.04.1-b10)
# Java VM: OpenJDK 64-Bit Server VM (25.222-b10 mixed mode, sharing linux-amd64 compressed oops)
Heap:
 PSYoungGen      total 36352K, used 30906K [0x00000000f5580000, 0x00000000f8000000, 0x0000000100000000)
  eden space 31232K, 82% used [0x00000000f5580000,0x00000000f6eb1978,0x00000000f7400000)
  from space 5120K, 99% used [0x00000000f7480000,0x00000000f797d150,0x00000000f7980000)
  to   space 6144K, 0% used [0x00000000f7a00000,0x00000000f7a00000,0x00000000f8000000)
 ParOldGen       total 84992K, used 1683K [0x00000000e0000000, 0x00000000e5300000, 0x00000000f5580000)
  object space 84992K, 1% used [0x00000000e0000000,0x00000000e01a4c28,0x00000000e5300000)
 Metaspace       used 13156K, capacity 13536K, committed 13696K, reserved 1060864K
  class space    used 1783K, capacity 1911K, committed 1920K, reserved 1048576K
GC Heap History (10 events):
Event: 41.878 GC heap before
{Heap before GC invocations=1 (full 0):
 PSYoungGen      total 36864K, used 31744K [0x00000000f5580000, 0x00000000f7e80000, 0x0000000100000000)
  eden space 31744K, 100% used [0x00000000f5580000,0x00000000f7480000,0x00000000f7480000)
  from space 5120K, 0% used [0x00000000f7980000,0x00000000f7980000,0x00000000f7e80000)
  to   space 5120K, 0% used [0x00000000f7480000,0x00000000f7480000,0x00000000f7980000)
 ParOldGen       total 84992K, used 0K [0x00000000e0000000, 0x00000000e5300000, 0x00000000f5580000)
  object space 84992K, 0% used [0x00000000e0000000,0x00000000e0000000,0x00000000e5300000)
 Metaspace       used 9858K, capacity 10184K, committed 10368K, reserved 1058816K
  class space    used 1460K, capacity 1587K, committed 1664K, reserved 1048576K
Event: 41.883 GC heap after
Heap after GC invocations=1 (full 0):
 PSYoungGen      total 36864K, used 5109K [0x00000000f5580000, 0x00000000f7e80000, 0x0000000100000000)
  eden space 31744K, 0% used [0x00000000f5580000,0x00000000f5580000,0x00000000f7480000)
  from space 5120K, 99% used [0x00000000f7480000,0x00000000f797d640,0x00000000f7980000)
  to   space 5120K, 0% used [0x00000000f7980000,0x00000000f7980000,0x00000000f7e80000)
 ParOldGen       total 84992K, used 264K [0x00000000e0000000, 0x00000000e5300000, 0x00000000f5580000)
  object space 84992K, 0% used [0x00000000e0000000,0x00000000e00423e8,0x00000000e5300000)
 Metaspace       used 9858K, capacity 10184K, committed 10368K, reserved 1058816K
  class space    used 1460K, capacity 1587K, committed 1664K, reserved 1048576K
}
Event: 49.200 GC heap before
{Heap before GC invocations=2 (full 0):
 PSYoungGen      total 36864K, used 36853K [0x00000000f5580000, 0x00000000f7e80000, 0x0000000100000000)
  eden space 31744K, 100% used [0x00000000f5580000,0x00000000f7480000,0x00000000f7480000)
  from space 5120K, 99% used [0x00000000f7480000,0x00000000f797d640,0x00000000f7980000)
  to   space 5120K, 0% used [0x00000000f7980000,0x00000000f7980000,0x00000000f7e80000)
 ParOldGen       total 84992K, used 264K [0x00000000e0000000, 0x00000000e5300000, 0x00000000f5580000)
  object space 84992K, 0% used [0x00000000e0000000,0x00000000e00423e8,0x00000000e5300000)
 Metaspace       used 11890K, capacity 12276K, committed 12672K, reserved 1060864K
  class space    used 1677K, capacity 1813K, committed 1920K, reserved 1048576K
Event: 49.204 GC heap after
Heap after GC invocations=2 (full 0):
 PSYoungGen      total 36864K, used 5116K [0x00000000f5580000, 0x00000000f7e80000, 0x0000000100000000)
  eden space 31744K, 0% used [0x00000000f5580000,0x00000000f5580000,0x00000000f7480000)
  from space 5120K, 99% used [0x00000000f7980000,0x00000000f7e7f150,0x00000000f7e80000)
  to   space 5120K, 0% used [0x00000000f7480000,0x00000000f7480000,0x00000000f7980000)
 ParOldGen       total 84992K, used 648K [0x00000000e0000000, 0x00000000e5300000, 0x00000000f5580000)
  object space 84992K, 0% used [0x00000000e0000000,0x00000000e00a23e8,0x00000000e5300000)
 Metaspace       used 11890K, capacity 12276K, committed 12672K, reserved 1060864K
  class space    used 1677K, capacity 1813K, committed 1920K, reserved 1048576K
}
Event: 55.732 GC heap before
{Heap before GC invocations=3 (full 0):
 PSYoungGen      total 36864K, used 36860K [0x00000000f5580000, 0x00000000f7e80000, 0x0000000100000000)
  eden space 31744K, 100% used [0x00000000f5580000,0x00000000f7480000,0x00000000f7480000)
  from space 5120K, 99% used [0x00000000f7980000,0x00000000f7e7f150,0x00000000f7e80000)
  to   space 5120K, 0% used [0x00000000f7480000,0x00000000f7480000,0x00000000f7980000)
 ParOldGen       total 84992K, used 648K [0x00000000e0000000, 0x00000000e5300000, 0x00000000f5580000)
  object space 84992K, 0% used [0x00000000e0000000,0x00000000e00a23e8,0x00000000e5300000)
 Metaspace       used 12310K, capacity 12628K, committed 12928K, reserved 1060864K
  class space    used 1715K, capacity 1845K, committed 1920K, reserved 1048576K
Event: 55.736 GC heap after
Heap after GC invocations=3 (full 0):
 PSYoungGen      total 36864K, used 5114K [0x00000000f5580000, 0x00000000f7e80000, 0x0000000100000000)
  eden space 31744K, 0% used [0x00000000f5580000,0x00000000f5580000,0x00000000f7480000)
  from space 5120K, 99% used [0x00000000f7480000,0x00000000f797eb78,0x00000000f7980000)
  to   space 5120K, 0% used [0x00000000f7980000,0x00000000f7980000,0x00000000f7e80000)
 ParOldGen       total 84992K, used 1243K [0x00000000e0000000, 0x00000000e5300000, 0x00000000f5580000)
  object space 84992K, 1% used [0x00000000e0000000,0x00000000e0136c28,0x00000000e5300000)
 Metaspace       used 12310K, capacity 12628K, committed 12928K, reserved 1060864K
  class space    used 1715K, capacity 1845K, committed 1920K, reserved 1048576K
}
Event: 68.401 GC heap before
{Heap before GC invocations=4 (full 0):
 PSYoungGen      total 36864K, used 36480K [0x00000000f5580000, 0x00000000f7e80000, 0x0000000100000000)
  eden space 31744K, 98% used [0x00000000f5580000,0x00000000f7421818,0x00000000f7480000)
  from space 5120K, 99% used [0x00000000f7480000,0x00000000f797eb78,0x00000000f7980000)
  to   space 5120K, 0% used [0x00000000f7980000,0x00000000f7980000,0x00000000f7e80000)
 ParOldGen       total 84992K, used 1243K [0x00000000e0000000, 0x00000000e5300000, 0x00000000f5580000)
  object space 84992K, 1% used [0x00000000e0000000,0x00000000e0136c28,0x00000000e5300000)
 Metaspace       used 12853K, capacity 13184K, committed 13440K, reserved 1060864K
  class space    used 1753K, capacity 1879K, committed 1920K, reserved 1048576K
Event: 68.404 GC heap after
Heap after GC invocations=4 (full 0):
 PSYoungGen      total 36864K, used 5110K [0x00000000f5580000, 0x00000000f7e80000, 0x0000000100000000)
  eden space 31744K, 0% used [0x00000000f5580000,0x00000000f5580000,0x00000000f7480000)
  from space 5120K, 99% used [0x00000000f7980000,0x00000000f7e7da70,0x00000000f7e80000)
  to   space 5120K, 0% used [0x00000000f7480000,0x00000000f7480000,0x00000000f7980000)
 ParOldGen       total 84992K, used 1675K [0x00000000e0000000, 0x00000000e5300000, 0x00000000f5580000)
  object space 84992K, 1% used [0x00000000e0000000,0x00000000e01a2c28,0x00000000e5300000)
 Metaspace       used 12853K, capacity 13184K, committed 13440K, reserved 1060864K
  class space    used 1753K, capacity 1879K, committed 1920K, reserved 1048576K
}
Event: 71.792 GC heap before
{Heap before GC invocations=5 (full 0):
 PSYoungGen      total 36864K, used 36854K [0x00000000f5580000, 0x00000000f7e80000, 0x0000000100000000)
  eden space 31744K, 100% used [0x00000000f5580000,0x00000000f7480000,0x00000000f7480000)
  from space 5120K, 99% used [0x00000000f7980000,0x00000000f7e7da70,0x00000000f7e80000)
  to   space 5120K, 0% used [0x00000000f7480000,0x00000000f7480000,0x00000000f7980000)
 ParOldGen       total 84992K, used 1675K [0x00000000e0000000, 0x00000000e5300000, 0x00000000f5580000)
  object space 84992K, 1% used [0x00000000e0000000,0x00000000e01a2c28,0x00000000e5300000)
 Metaspace       used 13000K, capacity 13408K, committed 13696K, reserved 1060864K
  class space    used 1762K, capacity 1911K, committed 1920K, reserved 1048576K
Event: 71.803 GC heap after
Heap after GC invocations=5 (full 0):
 PSYoungGen      total 36352K, used 5108K [0x00000000f5580000, 0x00000000f8000000, 0x0000000100000000)
  eden space 31232K, 0% used [0x00000000f5580000,0x00000000f5580000,0x00000000f7400000)
  from space 5120K, 99% used [0x00000000f7480000,0x00000000f797d150,0x00000000f7980000)
  to   space 6144K, 0% used [0x00000000f7a00000,0x00000000f7a00000,0x00000000f8000000)
 ParOldGen       total 84992K, used 1683K [0x00000000e0000000, 0x00000000e5300000, 0x00000000f5580000)
  object space 84992K, 1% used [0x00000000e0000000,0x00000000e01a4c28,0x00000000e5300000)
 Metaspace       used 13000K, capacity 13408K, committed 13696K, reserved 1060864K
  class space    used 1762K, capacity 1911K, committed 1920K, reserved 1048576K
}

