# JRE version: OpenJDK Runtime Environment (8.0_222-b10) (build 1.8.0_222-8u222-b10-1ubuntu1~18.04.1-b10)
# Java VM: OpenJDK 64-Bit Server VM (25.222-b10 mixed mode, sharing linux-amd64 compressed oops)
Heap:
 PSYoungGen      total 34816K, used 32193K [0x00000000f5580000, 0x00000000f7d00000, 0x0000000100000000)
  eden space 31232K, 95% used [0x00000000f5580000,0x00000000f728d558,0x00000000f7400000)
  from space 3584K, 68% used [0x00000000f7980000,0x00000000f7be2f40,0x00000000f7d00000)
  to   space 4608K, 0% used [0x00000000f7400000,0x00000000f7400000,0x00000000f7880000)
 ParOldGen       total 84992K, used 4869K [0x00000000e0000000, 0x00000000e5300000, 0x00000000f5580000)
  object space 84992K, 5% used [0x00000000e0000000,0x00000000e04c16a8,0x00000000e5300000)
 Metaspace       used 12310K, capacity 12654K, committed 12928K, reserved 1060864K
  class space    used 1679K, capacity 1812K, committed 1920K, reserved 1048576K
GC Heap History (10 events):
Event: 6.963 GC heap before
{Heap before GC invocations=3 (full 1):
 PSYoungGen      total 36864K, used 31744K [0x00000000f5580000, 0x00000000f7e80000, 0x0000000100000000)
  eden space 31744K, 100% used [0x00000000f5580000,0x00000000f7480000,0x00000000f7480000)
  from space 5120K, 0% used [0x00000000f7480000,0x00000000f7480000,0x00000000f7980000)
  to   space 5120K, 0% used [0x00000000f7980000,0x00000000f7980000,0x00000000f7e80000)
 ParOldGen       total 84992K, used 4782K [0x00000000e0000000, 0x00000000e5300000, 0x00000000f5580000)
  object space 84992K, 5% used [0x00000000e0000000,0x00000000e04aba68,0x00000000e5300000)
 Metaspace       used 9589K, capacity 9848K, committed 9984K, reserved 1058816K
  class space    used 1344K, capacity 1449K, committed 1536K, reserved 1048576K
Event: 6.965 GC heap after
Heap after GC invocations=3 (full 1):
 PSYoungGen      total 36864K, used 736K [0x00000000f5580000, 0x00000000f7e80000, 0x0000000100000000)
  eden space 31744K, 0% used [0x00000000f5580000,0x00000000f5580000,0x00000000f7480000)
  from space 5120K, 14% used [0x00000000f7980000,0x00000000f7a38000,0x00000000f7e80000)
  to   space 5120K, 0% used [0x00000000f7480000,0x00000000f7480000,0x00000000f7980000)
 ParOldGen       total 84992K, used 4790K [0x00000000e0000000, 0x00000000e5300000, 0x00000000f5580000)
  object space 84992K, 5% used [0x00000000e0000000,0x00000000e04ada68,0x00000000e5300000)
 Metaspace       used 9589K, capacity 9848K, committed 9984K, reserved 1058816K
  class space    used 1344K, capacity 1449K, committed 1536K, reserved 1048576K
}
Event: 7.255 GC heap before
{Heap before GC invocations=4 (full 1):
 PSYoungGen      total 36864K, used 32480K [0x00000000f5580000, 0x00000000f7e80000, 0x0000000100000000)
  eden space 31744K, 100% used [0x00000000f5580000,0x00000000f7480000,0x00000000f7480000)
  from space 5120K, 14% used [0x00000000f7980000,0x00000000f7a38000,0x00000000f7e80000)
  to   space 5120K, 0% used [0x00000000f7480000,0x00000000f7480000,0x00000000f7980000)
 ParOldGen       total 84992K, used 4841K [0x00000000e0000000, 0x00000000e5300000, 0x00000000f5580000)
  object space 84992K, 5% used [0x00000000e0000000,0x00000000e04ba790,0x00000000e5300000)
 Metaspace       used 9682K, capacity 9976K, committed 10240K, reserved 1058816K
  class space    used 1345K, capacity 1449K, committed 1536K, reserved 1048576K
Event: 7.256 GC heap after
Heap after GC invocations=4 (full 1):
 PSYoungGen      total 36864K, used 565K [0x00000000f5580000, 0x00000000f7e80000, 0x0000000100000000)
  eden space 31744K, 0% used [0x00000000f5580000,0x00000000f5580000,0x00000000f7480000)
  from space 5120K, 11% used [0x00000000f7480000,0x00000000f750d570,0x00000000f7980000)
  to   space 5120K, 0% used [0x00000000f7980000,0x00000000f7980000,0x00000000f7e80000)
 ParOldGen       total 84992K, used 4849K [0x00000000e0000000, 0x00000000e5300000, 0x00000000f5580000)
  object space 84992K, 5% used [0x00000000e0000000,0x00000000e04bc790,0x00000000e5300000)
 Metaspace       used 9682K, capacity 9976K, committed 10240K, reserved 1058816K
  class space    used 1345K, capacity 1449K, committed 1536K, reserved 1048576K
}
Event: 7.636 GC heap before
{Heap before GC invocations=5 (full 1):
 PSYoungGen      total 36864K, used 32309K [0x00000000f5580000, 0x00000000f7e80000, 0x0000000100000000)
  eden space 31744K, 100% used [0x00000000f5580000,0x00000000f7480000,0x00000000f7480000)
  from space 5120K, 11% used [0x00000000f7480000,0x00000000f750d570,0x00000000f7980000)
  to   space 5120K, 0% used [0x00000000f7980000,0x00000000f7980000,0x00000000f7e80000)
 ParOldGen       total 84992K, used 4853K [0x00000000e0000000, 0x00000000e5300000, 0x00000000f5580000)
  object space 84992K, 5% used [0x00000000e0000000,0x00000000e04bd6a8,0x00000000e5300000)
 Metaspace       used 9702K, capacity 9976K, committed 10240K, reserved 1058816K
  class space    used 1345K, capacity 1449K, committed 1536K, reserved 1048576K
Event: 7.637 GC heap after
Heap after GC invocations=5 (full 1):
 PSYoungGen      total 36864K, used 997K [0x00000000f5580000, 0x00000000f7e80000, 0x0000000100000000)
  eden space 31744K, 0% used [0x00000000f5580000,0x00000000f5580000,0x00000000f7480000)
  from space 5120K, 19% used [0x00000000f7980000,0x00000000f7a79560,0x00000000f7e80000)
  to   space 5120K, 0% used [0x00000000f7480000,0x00000000f7480000,0x00000000f7980000)
 ParOldGen       total 84992K, used 4853K [0x00000000e0000000, 0x00000000e5300000, 0x00000000f5580000)
  object space 84992K, 5% used [0x00000000e0000000,0x00000000e04bd6a8,0x00000000e5300000)
 Metaspace       used 9702K, capacity 9976K, committed 10240K, reserved 1058816K
  class space    used 1345K, capacity 1449K, committed 1536K, reserved 1048576K
}
Event: 8.323 GC heap before
{Heap before GC invocations=6 (full 1):
 PSYoungGen      total 36864K, used 32741K [0x00000000f5580000, 0x00000000f7e80000, 0x0000000100000000)
  eden space 31744K, 100% used [0x00000000f5580000,0x00000000f7480000,0x00000000f7480000)
  from space 5120K, 19% used [0x00000000f7980000,0x00000000f7a79560,0x00000000f7e80000)
  to   space 5120K, 0% used [0x00000000f7480000,0x00000000f7480000,0x00000000f7980000)
 ParOldGen       total 84992K, used 4853K [0x00000000e0000000, 0x00000000e5300000, 0x00000000f5580000)
  object space 84992K, 5% used [0x00000000e0000000,0x00000000e04bd6a8,0x00000000e5300000)
 Metaspace       used 11517K, capacity 11726K, committed 12032K, reserved 1058816K
  class space    used 1612K, capacity 1716K, committed 1792K, reserved 1048576K
Event: 8.326 GC heap after
Heap after GC invocations=6 (full 1):
 PSYoungGen      total 36864K, used 2123K [0x00000000f5580000, 0x00000000f7e80000, 0x0000000100000000)
  eden space 31744K, 0% used [0x00000000f5580000,0x00000000f5580000,0x00000000f7480000)
  from space 5120K, 41% used [0x00000000f7480000,0x00000000f7692f20,0x00000000f7980000)
  to   space 5120K, 0% used [0x00000000f7980000,0x00000000f7980000,0x00000000f7e80000)
 ParOldGen       total 84992K, used 4861K [0x00000000e0000000, 0x00000000e5300000, 0x00000000f5580000)
  object space 84992K, 5% used [0x00000000e0000000,0x00000000e04bf6a8,0x00000000e5300000)
 Metaspace       used 11517K, capacity 11726K, committed 12032K, reserved 1058816K
  class space    used 1612K, capacity 1716K, committed 1792K, reserved 1048576K
}
Event: 9.460 GC heap before
{Heap before GC invocations=7 (full 1):
 PSYoungGen      total 36864K, used 33867K [0x00000000f5580000, 0x00000000f7e80000, 0x0000000100000000)
  eden space 31744K, 100% used [0x00000000f5580000,0x00000000f7480000,0x00000000f7480000)
  from space 5120K, 41% used [0x00000000f7480000,0x00000000f7692f20,0x00000000f7980000)
  to   space 5120K, 0% used [0x00000000f7980000,0x00000000f7980000,0x00000000f7e80000)
 ParOldGen       total 84992K, used 4861K [0x00000000e0000000, 0x00000000e5300000, 0x00000000f5580000)
  object space 84992K, 5% used [0x00000000e0000000,0x00000000e04bf6a8,0x00000000e5300000)
 Metaspace       used 11961K, capacity 12302K, committed 12544K, reserved 1060864K
  class space    used 1645K, capacity 1780K, committed 1792K, reserved 1048576K
Event: 9.463 GC heap after
Heap after GC invocations=7 (full 1):
 PSYoungGen      total 34816K, used 2443K [0x00000000f5580000, 0x00000000f7d00000, 0x0000000100000000)
  eden space 31232K, 0% used [0x00000000f5580000,0x00000000f5580000,0x00000000f7400000)
  from space 3584K, 68% used [0x00000000f7980000,0x00000000f7be2f40,0x00000000f7d00000)
  to   space 4608K, 0% used [0x00000000f7400000,0x00000000f7400000,0x00000000f7880000)
 ParOldGen       total 84992K, used 4869K [0x00000000e0000000, 0x00000000e5300000, 0x00000000f5580000)
  object space 84992K, 5% used [0x00000000e0000000,0x00000000e04c16a8,0x00000000e5300000)
 Metaspace       used 11961K, capacity 12302K, committed 12544K, reserved 1060864K
  class space    used 1645K, capacity 1780K, committed 1792K, reserved 1048576K
}

