# JRE version: OpenJDK Runtime Environment (8.0_222-b10) (build 1.8.0_222-8u222-b10-1ubuntu1~18.04.1-b10)
# Java VM: OpenJDK 64-Bit Server VM (25.222-b10 mixed mode linux-amd64 compressed oops)
Heap:
 PSYoungGen      total 24064K, used 17106K [0x00000000f5580000, 0x00000000f7380000, 0x0000000100000000)
  eden space 23552K, 71% used [0x00000000f5580000,0x00000000f6604b60,0x00000000f6c80000)
  from space 512K, 37% used [0x00000000f6d00000,0x00000000f6d30000,0x00000000f6d80000)
  to   space 3584K, 0% used [0x00000000f7000000,0x00000000f7000000,0x00000000f7380000)
 ParOldGen       total 84992K, used 11127K [0x00000000e0000000, 0x00000000e5300000, 0x00000000f5580000)
  object space 84992K, 13% used [0x00000000e0000000,0x00000000e0addda0,0x00000000e5300000)
 Metaspace       used 27965K, capacity 28350K, committed 28416K, reserved 1075200K
  class space    used 3459K, capacity 3583K, committed 3584K, reserved 1048576K
GC Heap History (10 events):
Event: 873.922 GC heap before
{Heap before GC invocations=18 (full 1):
 PSYoungGen      total 29696K, used 26672K [0x00000000f5580000, 0x00000000f7700000, 0x0000000100000000)
  eden space 26112K, 100% used [0x00000000f5580000,0x00000000f6f00000,0x00000000f6f00000)
  from space 3584K, 15% used [0x00000000f7380000,0x00000000f740c010,0x00000000f7700000)
  to   space 4096K, 0% used [0x00000000f6f00000,0x00000000f6f00000,0x00000000f7300000)
 ParOldGen       total 84992K, used 9971K [0x00000000e0000000, 0x00000000e5300000, 0x00000000f5580000)
  object space 84992K, 11% used [0x00000000e0000000,0x00000000e09bccb0,0x00000000e5300000)
 Metaspace       used 27757K, capacity 28158K, committed 28416K, reserved 1075200K
  class space    used 3449K, capacity 3583K, committed 3584K, reserved 1048576K
Event: 873.923 GC heap after
Heap after GC invocations=18 (full 1):
 PSYoungGen      total 26624K, used 608K [0x00000000f5580000, 0x00000000f7580000, 0x0000000100000000)
  eden space 25600K, 0% used [0x00000000f5580000,0x00000000f5580000,0x00000000f6e80000)
  from space 1024K, 59% used [0x00000000f6f00000,0x00000000f6f98000,0x00000000f7000000)
  to   space 3584K, 0% used [0x00000000f7200000,0x00000000f7200000,0x00000000f7580000)
 ParOldGen       total 84992K, used 10393K [0x00000000e0000000, 0x00000000e5300000, 0x00000000f5580000)
  object space 84992K, 12% used [0x00000000e0000000,0x00000000e0a26500,0x00000000e5300000)
 Metaspace       used 27757K, capacity 28158K, committed 28416K, reserved 1075200K
  class space    used 3449K, capacity 3583K, committed 3584K, reserved 1048576K
}
Event: 877.339 GC heap before
{Heap before GC invocations=19 (full 1):
 PSYoungGen      total 26624K, used 26208K [0x00000000f5580000, 0x00000000f7580000, 0x0000000100000000)
  eden space 25600K, 100% used [0x00000000f5580000,0x00000000f6e80000,0x00000000f6e80000)
  from space 1024K, 59% used [0x00000000f6f00000,0x00000000f6f98000,0x00000000f7000000)
  to   space 3584K, 0% used [0x00000000f7200000,0x00000000f7200000,0x00000000f7580000)
 ParOldGen       total 84992K, used 10393K [0x00000000e0000000, 0x00000000e5300000, 0x00000000f5580000)
  object space 84992K, 12% used [0x00000000e0000000,0x00000000e0a26500,0x00000000e5300000)
 Metaspace       used 27887K, capacity 28286K, committed 28416K, reserved 1075200K
  class space    used 3456K, capacity 3583K, committed 3584K, reserved 1048576K
Event: 877.340 GC heap after
Heap after GC invocations=19 (full 1):
 PSYoungGen      total 28160K, used 696K [0x00000000f5580000, 0x00000000f7500000, 0x0000000100000000)
  eden space 25088K, 0% used [0x00000000f5580000,0x00000000f5580000,0x00000000f6e00000)
  from space 3072K, 22% used [0x00000000f7200000,0x00000000f72ae040,0x00000000f7500000)
  to   space 3584K, 0% used [0x00000000f6e00000,0x00000000f6e00000,0x00000000f7180000)
 ParOldGen       total 84992K, used 10553K [0x00000000e0000000, 0x00000000e5300000, 0x00000000f5580000)
  object space 84992K, 12% used [0x00000000e0000000,0x00000000e0a4e550,0x00000000e5300000)
 Metaspace       used 27887K, capacity 28286K, committed 28416K, reserved 1075200K
  class space    used 3456K, capacity 3583K, committed 3584K, reserved 1048576K
}
Event: 880.919 GC heap before
{Heap before GC invocations=20 (full 1):
 PSYoungGen      total 28160K, used 25784K [0x00000000f5580000, 0x00000000f7500000, 0x0000000100000000)
  eden space 25088K, 100% used [0x00000000f5580000,0x00000000f6e00000,0x00000000f6e00000)
  from space 3072K, 22% used [0x00000000f7200000,0x00000000f72ae040,0x00000000f7500000)
  to   space 3584K, 0% used [0x00000000f6e00000,0x00000000f6e00000,0x00000000f7180000)
 ParOldGen       total 84992K, used 10553K [0x00000000e0000000, 0x00000000e5300000, 0x00000000f5580000)
  object space 84992K, 12% used [0x00000000e0000000,0x00000000e0a4e550,0x00000000e5300000)
 Metaspace       used 27898K, capacity 28286K, committed 28416K, reserved 1075200K
  class space    used 3456K, capacity 3583K, committed 3584K, reserved 1048576K
Event: 880.921 GC heap after
Heap after GC invocations=20 (full 1):
 PSYoungGen      total 25088K, used 192K [0x00000000f5580000, 0x00000000f7480000, 0x0000000100000000)
  eden space 24576K, 0% used [0x00000000f5580000,0x00000000f5580000,0x00000000f6d80000)
  from space 512K, 37% used [0x00000000f6e00000,0x00000000f6e30000,0x00000000f6e80000)
  to   space 3584K, 0% used [0x00000000f7100000,0x00000000f7100000,0x00000000f7480000)
 ParOldGen       total 84992K, used 11071K [0x00000000e0000000, 0x00000000e5300000, 0x00000000f5580000)
  object space 84992K, 13% used [0x00000000e0000000,0x00000000e0acfda0,0x00000000e5300000)
 Metaspace       used 27898K, capacity 28286K, committed 28416K, reserved 1075200K
  class space    used 3456K, capacity 3583K, committed 3584K, reserved 1048576K
}
Event: 881.424 GC heap before
{Heap before GC invocations=21 (full 1):
 PSYoungGen      total 25088K, used 24768K [0x00000000f5580000, 0x00000000f7480000, 0x0000000100000000)
  eden space 24576K, 100% used [0x00000000f5580000,0x00000000f6d80000,0x00000000f6d80000)
  from space 512K, 37% used [0x00000000f6e00000,0x00000000f6e30000,0x00000000f6e80000)
  to   space 3584K, 0% used [0x00000000f7100000,0x00000000f7100000,0x00000000f7480000)
 ParOldGen       total 84992K, used 11071K [0x00000000e0000000, 0x00000000e5300000, 0x00000000f5580000)
  object space 84992K, 13% used [0x00000000e0000000,0x00000000e0acfda0,0x00000000e5300000)
 Metaspace       used 27909K, capacity 28350K, committed 28416K, reserved 1075200K
  class space    used 3456K, capacity 3583K, committed 3584K, reserved 1048576K
Event: 881.425 GC heap after
Heap after GC invocations=21 (full 1):
 PSYoungGen      total 27136K, used 160K [0x00000000f5580000, 0x00000000f7400000, 0x0000000100000000)
  eden space 24064K, 0% used [0x00000000f5580000,0x00000000f5580000,0x00000000f6d00000)
  from space 3072K, 5% used [0x00000000f7100000,0x00000000f7128000,0x00000000f7400000)
  to   space 3584K, 0% used [0x00000000f6d00000,0x00000000f6d00000,0x00000000f7080000)
 ParOldGen       total 84992K, used 11119K [0x00000000e0000000, 0x00000000e5300000, 0x00000000f5580000)
  object space 84992K, 13% used [0x00000000e0000000,0x00000000e0adbda0,0x00000000e5300000)
 Metaspace       used 27909K, capacity 28350K, committed 28416K, reserved 1075200K
  class space    used 3456K, capacity 3583K, committed 3584K, reserved 1048576K
}
Event: 884.153 GC heap before
{Heap before GC invocations=22 (full 1):
 PSYoungGen      total 27136K, used 24224K [0x00000000f5580000, 0x00000000f7400000, 0x0000000100000000)
  eden space 24064K, 100% used [0x00000000f5580000,0x00000000f6d00000,0x00000000f6d00000)
  from space 3072K, 5% used [0x00000000f7100000,0x00000000f7128000,0x00000000f7400000)
  to   space 3584K, 0% used [0x00000000f6d00000,0x00000000f6d00000,0x00000000f7080000)
 ParOldGen       total 84992K, used 11119K [0x00000000e0000000, 0x00000000e5300000, 0x00000000f5580000)
  object space 84992K, 13% used [0x00000000e0000000,0x00000000e0adbda0,0x00000000e5300000)
 Metaspace       used 27918K, capacity 28350K, committed 28416K, reserved 1075200K
  class space    used 3456K, capacity 3583K, committed 3584K, reserved 1048576K
Event: 884.157 GC heap after
Heap after GC invocations=22 (full 1):
 PSYoungGen      total 24064K, used 192K [0x00000000f5580000, 0x00000000f7380000, 0x0000000100000000)
  eden space 23552K, 0% used [0x00000000f5580000,0x00000000f5580000,0x00000000f6c80000)
  from space 512K, 37% used [0x00000000f6d00000,0x00000000f6d30000,0x00000000f6d80000)
  to   space 3584K, 0% used [0x00000000f7000000,0x00000000f7000000,0x00000000f7380000)
 ParOldGen       total 84992K, used 11127K [0x00000000e0000000, 0x00000000e5300000, 0x00000000f5580000)
  object space 84992K, 13% used [0x00000000e0000000,0x00000000e0addda0,0x00000000e5300000)
 Metaspace       used 27918K, capacity 28350K, committed 28416K, reserved 1075200K
  class space    used 3456K, capacity 3583K, committed 3584K, reserved 1048576K
}

