# JRE version: OpenJDK Runtime Environment (8.0_222-b10) (build 1.8.0_222-8u222-b10-1ubuntu1~18.04.1-b10)
# Java VM: OpenJDK 64-Bit Server VM (25.222-b10 mixed mode linux-amd64 compressed oops)
Heap:
 PSYoungGen      total 34816K, used 24563K [0x00000000f5580000, 0x00000000f7c00000, 0x0000000100000000)
  eden space 31232K, 76% used [0x00000000f5580000,0x00000000f6cd4cf8,0x00000000f7400000)
  from space 3584K, 18% used [0x00000000f7880000,0x00000000f7928000,0x00000000f7c00000)
  to   space 4096K, 0% used [0x00000000f7400000,0x00000000f7400000,0x00000000f7800000)
 ParOldGen       total 36864K, used 7222K [0x00000000e0000000, 0x00000000e2400000, 0x00000000f5580000)
  object space 36864K, 19% used [0x00000000e0000000,0x00000000e070d9e0,0x00000000e2400000)
 Metaspace       used 27319K, capacity 27698K, committed 27904K, reserved 1073152K
  class space    used 3398K, capacity 3517K, committed 3584K, reserved 1048576K
GC Heap History (10 events):
Event: 6922.277 GC heap before
{Heap before GC invocations=20 (full 2):
 PSYoungGen      total 36864K, used 36458K [0x00000000f5580000, 0x00000000f7f80000, 0x0000000100000000)
  eden space 33792K, 100% used [0x00000000f5580000,0x00000000f7680000,0x00000000f7680000)
  from space 3072K, 86% used [0x00000000f7700000,0x00000000f799a8d0,0x00000000f7a00000)
  to   space 4608K, 0% used [0x00000000f7b00000,0x00000000f7b00000,0x00000000f7f80000)
 ParOldGen       total 36864K, used 5039K [0x00000000e0000000, 0x00000000e2400000, 0x00000000f5580000)
  object space 36864K, 13% used [0x00000000e0000000,0x00000000e04ebe20,0x00000000e2400000)
 Metaspace       used 27294K, capacity 27698K, committed 27904K, reserved 1073152K
  class space    used 3398K, capacity 3517K, committed 3584K, reserved 1048576K
Event: 6922.281 GC heap after
Heap after GC invocations=20 (full 2):
 PSYoungGen      total 36352K, used 2489K [0x00000000f5580000, 0x00000000f7e00000, 0x0000000100000000)
  eden space 33280K, 0% used [0x00000000f5580000,0x00000000f5580000,0x00000000f7600000)
  from space 3072K, 81% used [0x00000000f7b00000,0x00000000f7d6e680,0x00000000f7e00000)
  to   space 4096K, 0% used [0x00000000f7600000,0x00000000f7600000,0x00000000f7a00000)
 ParOldGen       total 36864K, used 5228K [0x00000000e0000000, 0x00000000e2400000, 0x00000000f5580000)
  object space 36864K, 14% used [0x00000000e0000000,0x00000000e051b2a0,0x00000000e2400000)
 Metaspace       used 27294K, capacity 27698K, committed 27904K, reserved 1073152K
  class space    used 3398K, capacity 3517K, committed 3584K, reserved 1048576K
}
Event: 8037.137 GC heap before
{Heap before GC invocations=21 (full 2):
 PSYoungGen      total 36352K, used 35769K [0x00000000f5580000, 0x00000000f7e00000, 0x0000000100000000)
  eden space 33280K, 100% used [0x00000000f5580000,0x00000000f7600000,0x00000000f7600000)
  from space 3072K, 81% used [0x00000000f7b00000,0x00000000f7d6e680,0x00000000f7e00000)
  to   space 4096K, 0% used [0x00000000f7600000,0x00000000f7600000,0x00000000f7a00000)
 ParOldGen       total 36864K, used 5228K [0x00000000e0000000, 0x00000000e2400000, 0x00000000f5580000)
  object space 36864K, 14% used [0x00000000e0000000,0x00000000e051b2a0,0x00000000e2400000)
 Metaspace       used 27294K, capacity 27698K, committed 27904K, reserved 1073152K
  class space    used 3398K, capacity 3517K, committed 3584K, reserved 1048576K
Event: 8037.142 GC heap after
Heap after GC invocations=21 (full 2):
 PSYoungGen      total 35328K, used 2356K [0x00000000f5580000, 0x00000000f7d80000, 0x0000000100000000)
  eden space 32768K, 0% used [0x00000000f5580000,0x00000000f5580000,0x00000000f7580000)
  from space 2560K, 92% used [0x00000000f7600000,0x00000000f784d380,0x00000000f7880000)
  to   space 4096K, 0% used [0x00000000f7980000,0x00000000f7980000,0x00000000f7d80000)
 ParOldGen       total 36864K, used 5353K [0x00000000e0000000, 0x00000000e2400000, 0x00000000f5580000)
  object space 36864K, 14% used [0x00000000e0000000,0x00000000e053a5c0,0x00000000e2400000)
 Metaspace       used 27294K, capacity 27698K, committed 27904K, reserved 1073152K
  class space    used 3398K, capacity 3517K, committed 3584K, reserved 1048576K
}
Event: 9144.605 GC heap before
{Heap before GC invocations=22 (full 2):
 PSYoungGen      total 35328K, used 35124K [0x00000000f5580000, 0x00000000f7d80000, 0x0000000100000000)
  eden space 32768K, 100% used [0x00000000f5580000,0x00000000f7580000,0x00000000f7580000)
  from space 2560K, 92% used [0x00000000f7600000,0x00000000f784d380,0x00000000f7880000)
  to   space 4096K, 0% used [0x00000000f7980000,0x00000000f7980000,0x00000000f7d80000)
 ParOldGen       total 36864K, used 5353K [0x00000000e0000000, 0x00000000e2400000, 0x00000000f5580000)
  object space 36864K, 14% used [0x00000000e0000000,0x00000000e053a5c0,0x00000000e2400000)
 Metaspace       used 27294K, capacity 27698K, committed 27904K, reserved 1073152K
  class space    used 3398K, capacity 3517K, committed 3584K, reserved 1048576K
Event: 9144.610 GC heap after
Heap after GC invocations=22 (full 2):
 PSYoungGen      total 35840K, used 2356K [0x00000000f5580000, 0x00000000f7d00000, 0x0000000100000000)
  eden space 32256K, 0% used [0x00000000f5580000,0x00000000f5580000,0x00000000f7500000)
  from space 3584K, 65% used [0x00000000f7980000,0x00000000f7bcd3a0,0x00000000f7d00000)
  to   space 4096K, 0% used [0x00000000f7500000,0x00000000f7500000,0x00000000f7900000)
 ParOldGen       total 36864K, used 5401K [0x00000000e0000000, 0x00000000e2400000, 0x00000000f5580000)
  object space 36864K, 14% used [0x00000000e0000000,0x00000000e05465c0,0x00000000e2400000)
 Metaspace       used 27294K, capacity 27698K, committed 27904K, reserved 1073152K
  class space    used 3398K, capacity 3517K, committed 3584K, reserved 1048576K
}
Event: 10236.237 GC heap before
{Heap before GC invocations=23 (full 2):
 PSYoungGen      total 35840K, used 34612K [0x00000000f5580000, 0x00000000f7d00000, 0x0000000100000000)
  eden space 32256K, 100% used [0x00000000f5580000,0x00000000f7500000,0x00000000f7500000)
  from space 3584K, 65% used [0x00000000f7980000,0x00000000f7bcd3a0,0x00000000f7d00000)
  to   space 4096K, 0% used [0x00000000f7500000,0x00000000f7500000,0x00000000f7900000)
 ParOldGen       total 36864K, used 5401K [0x00000000e0000000, 0x00000000e2400000, 0x00000000f5580000)
  object space 36864K, 14% used [0x00000000e0000000,0x00000000e05465c0,0x00000000e2400000)
 Metaspace       used 27298K, capacity 27698K, committed 27904K, reserved 1073152K
  class space    used 3398K, capacity 3517K, committed 3584K, reserved 1048576K
Event: 10236.242 GC heap after
Heap after GC invocations=23 (full 2):
 PSYoungGen      total 32768K, used 992K [0x00000000f5580000, 0x00000000f7c80000, 0x0000000100000000)
  eden space 31744K, 0% used [0x00000000f5580000,0x00000000f5580000,0x00000000f7480000)
  from space 1024K, 96% used [0x00000000f7500000,0x00000000f75f8020,0x00000000f7600000)
  to   space 4096K, 0% used [0x00000000f7880000,0x00000000f7880000,0x00000000f7c80000)
 ParOldGen       total 36864K, used 6766K [0x00000000e0000000, 0x00000000e2400000, 0x00000000f5580000)
  object space 36864K, 18% used [0x00000000e0000000,0x00000000e069b960,0x00000000e2400000)
 Metaspace       used 27298K, capacity 27698K, committed 27904K, reserved 1073152K
  class space    used 3398K, capacity 3517K, committed 3584K, reserved 1048576K
}
Event: 11297.928 GC heap before
{Heap before GC invocations=24 (full 2):
 PSYoungGen      total 32768K, used 32736K [0x00000000f5580000, 0x00000000f7c80000, 0x0000000100000000)
  eden space 31744K, 100% used [0x00000000f5580000,0x00000000f7480000,0x00000000f7480000)
  from space 1024K, 96% used [0x00000000f7500000,0x00000000f75f8020,0x00000000f7600000)
  to   space 4096K, 0% used [0x00000000f7880000,0x00000000f7880000,0x00000000f7c80000)
 ParOldGen       total 36864K, used 6766K [0x00000000e0000000, 0x00000000e2400000, 0x00000000f5580000)
  object space 36864K, 18% used [0x00000000e0000000,0x00000000e069b960,0x00000000e2400000)
 Metaspace       used 27298K, capacity 27698K, committed 27904K, reserved 1073152K
  class space    used 3398K, capacity 3517K, committed 3584K, reserved 1048576K
Event: 11297.932 GC heap after
Heap after GC invocations=24 (full 2):
 PSYoungGen      total 34816K, used 672K [0x00000000f5580000, 0x00000000f7c00000, 0x0000000100000000)
  eden space 31232K, 0% used [0x00000000f5580000,0x00000000f5580000,0x00000000f7400000)
  from space 3584K, 18% used [0x00000000f7880000,0x00000000f7928000,0x00000000f7c00000)
  to   space 4096K, 0% used [0x00000000f7400000,0x00000000f7400000,0x00000000f7800000)
 ParOldGen       total 36864K, used 7222K [0x00000000e0000000, 0x00000000e2400000, 0x00000000f5580000)
  object space 36864K, 19% used [0x00000000e0000000,0x00000000e070d9e0,0x00000000e2400000)
 Metaspace       used 27298K, capacity 27698K, committed 27904K, reserved 1073152K
  class space    used 3398K, capacity 3517K, committed 3584K, reserved 1048576K
}

