# JRE version: OpenJDK Runtime Environment (8.0_222-b10) (build 1.8.0_222-8u222-b10-1ubuntu1~18.04.1-b10)
# Java VM: OpenJDK 64-Bit Server VM (25.222-b10 interpreted mode linux-amd64 compressed oops)
Heap:
 PSYoungGen      total 67584K, used 42543K [0x00000000f5580000, 0x00000000fda80000, 0x0000000100000000)
  eden space 62464K, 64% used [0x00000000f5580000,0x00000000f7d115f8,0x00000000f9280000)
  from space 5120K, 39% used [0x00000000f9280000,0x00000000f947a880,0x00000000f9780000)
  to   space 7168K, 0% used [0x00000000fd380000,0x00000000fd380000,0x00000000fda80000)
 ParOldGen       total 37888K, used 4844K [0x00000000e0000000, 0x00000000e2500000, 0x00000000f5580000)
  object space 37888K, 12% used [0x00000000e0000000,0x00000000e04bb038,0x00000000e2500000)
 Metaspace       used 22748K, capacity 23122K, committed 23420K, reserved 1069056K
  class space    used 3299K, capacity 3437K, committed 3452K, reserved 1048576K
GC Heap History (10 events):
Event: 5.250 GC heap before
{Heap before GC invocations=2 (full 0):
 PSYoungGen      total 36864K, used 7234K [0x00000000f5580000, 0x00000000f7e80000, 0x0000000100000000)
  eden space 31744K, 6% used [0x00000000f5580000,0x00000000f57908f0,0x00000000f7480000)
  from space 5120K, 99% used [0x00000000f7480000,0x00000000f797ff18,0x00000000f7980000)
  to   space 5120K, 0% used [0x00000000f7980000,0x00000000f7980000,0x00000000f7e80000)
 ParOldGen       total 84992K, used 605K [0x00000000e0000000, 0x00000000e5300000, 0x00000000f5580000)
  object space 84992K, 0% used [0x00000000e0000000,0x00000000e0097730,0x00000000e5300000)
 Metaspace       used 20838K, capacity 21178K, committed 21552K, reserved 1067008K
  class space    used 2994K, capacity 3113K, committed 3120K, reserved 1048576K
Event: 5.253 GC heap after
Heap after GC invocations=2 (full 0):
 PSYoungGen      total 36864K, used 5022K [0x00000000f5580000, 0x00000000f9d80000, 0x0000000100000000)
  eden space 31744K, 0% used [0x00000000f5580000,0x00000000f5580000,0x00000000f7480000)
  from space 5120K, 98% used [0x00000000f7980000,0x00000000f7e67970,0x00000000f7e80000)
  to   space 5120K, 0% used [0x00000000f7480000,0x00000000f7480000,0x00000000f7980000)
 ParOldGen       total 84992K, used 605K [0x00000000e0000000, 0x00000000e5300000, 0x00000000f5580000)
  object space 84992K, 0% used [0x00000000e0000000,0x00000000e0097730,0x00000000e5300000)
 Metaspace       used 20838K, capacity 21178K, committed 21552K, reserved 1067008K
  class space    used 2994K, capacity 3113K, committed 3120K, reserved 1048576K
}
Event: 6.883 GC heap before
{Heap before GC invocations=3 (full 0):
 PSYoungGen      total 36864K, used 14371K [0x00000000f5580000, 0x00000000f9d80000, 0x0000000100000000)
  eden space 31744K, 29% used [0x00000000f5580000,0x00000000f5ea1368,0x00000000f7480000)
  from space 5120K, 98% used [0x00000000f7980000,0x00000000f7e67970,0x00000000f7e80000)
  to   space 5120K, 0% used [0x00000000f7480000,0x00000000f7480000,0x00000000f7980000)
 ParOldGen       total 84992K, used 605K [0x00000000e0000000, 0x00000000e5300000, 0x00000000f5580000)
  object space 84992K, 0% used [0x00000000e0000000,0x00000000e0097730,0x00000000e5300000)
 Metaspace       used 21072K, capacity 21440K, committed 21628K, reserved 1067008K
  class space    used 3024K, capacity 3178K, committed 3196K, reserved 1048576K
Event: 6.890 GC heap after
Heap after GC invocations=3 (full 0):
 PSYoungGen      total 36864K, used 5052K [0x00000000f5580000, 0x00000000f9d80000, 0x0000000100000000)
  eden space 31744K, 0% used [0x00000000f5580000,0x00000000f5580000,0x00000000f7480000)
  from space 5120K, 98% used [0x00000000f7480000,0x00000000f796f160,0x00000000f7980000)
  to   space 5120K, 0% used [0x00000000f9880000,0x00000000f9880000,0x00000000f9d80000)
 ParOldGen       total 84992K, used 605K [0x00000000e0000000, 0x00000000e5300000, 0x00000000f5580000)
  object space 84992K, 0% used [0x00000000e0000000,0x00000000e0097730,0x00000000e5300000)
 Metaspace       used 21072K, capacity 21440K, committed 21628K, reserved 1067008K
  class space    used 3024K, capacity 3178K, committed 3196K, reserved 1048576K
}
Event: 6.890 GC heap before
{Heap before GC invocations=4 (full 1):
 PSYoungGen      total 36864K, used 5052K [0x00000000f5580000, 0x00000000f9d80000, 0x0000000100000000)
  eden space 31744K, 0% used [0x00000000f5580000,0x00000000f5580000,0x00000000f7480000)
  from space 5120K, 98% used [0x00000000f7480000,0x00000000f796f160,0x00000000f7980000)
  to   space 5120K, 0% used [0x00000000f9880000,0x00000000f9880000,0x00000000f9d80000)
 ParOldGen       total 84992K, used 605K [0x00000000e0000000, 0x00000000e5300000, 0x00000000f5580000)
  object space 84992K, 0% used [0x00000000e0000000,0x00000000e0097730,0x00000000e5300000)
 Metaspace       used 21072K, capacity 21440K, committed 21628K, reserved 1067008K
  class space    used 3024K, capacity 3178K, committed 3196K, reserved 1048576K
Event: 6.903 GC heap after
Heap after GC invocations=4 (full 1):
 PSYoungGen      total 36864K, used 0K [0x00000000f5580000, 0x00000000f9d80000, 0x0000000100000000)
  eden space 31744K, 0% used [0x00000000f5580000,0x00000000f5580000,0x00000000f7480000)
  from space 5120K, 0% used [0x00000000f7480000,0x00000000f7480000,0x00000000f7980000)
  to   space 5120K, 0% used [0x00000000f9880000,0x00000000f9880000,0x00000000f9d80000)
 ParOldGen       total 37888K, used 4844K [0x00000000e0000000, 0x00000000e2500000, 0x00000000f5580000)
  object space 37888K, 12% used [0x00000000e0000000,0x00000000e04bb038,0x00000000e2500000)
 Metaspace       used 21072K, capacity 21440K, committed 21628K, reserved 1067008K
  class space    used 3024K, capacity 3178K, committed 3196K, reserved 1048576K
}
Event: 16.513 GC heap before
{Heap before GC invocations=5 (full 1):
 PSYoungGen      total 36864K, used 31744K [0x00000000f5580000, 0x00000000f9d80000, 0x0000000100000000)
  eden space 31744K, 100% used [0x00000000f5580000,0x00000000f7480000,0x00000000f7480000)
  from space 5120K, 0% used [0x00000000f7480000,0x00000000f7480000,0x00000000f7980000)
  to   space 5120K, 0% used [0x00000000f9880000,0x00000000f9880000,0x00000000f9d80000)
 ParOldGen       total 37888K, used 4844K [0x00000000e0000000, 0x00000000e2500000, 0x00000000f5580000)
  object space 37888K, 12% used [0x00000000e0000000,0x00000000e04bb038,0x00000000e2500000)
 Metaspace       used 22238K, capacity 22566K, committed 22908K, reserved 1069056K
  class space    used 3216K, capacity 3339K, committed 3452K, reserved 1048576K
Event: 16.514 GC heap after
Heap after GC invocations=5 (full 1):
 PSYoungGen      total 66560K, used 1280K [0x00000000f5580000, 0x00000000f9c80000, 0x0000000100000000)
  eden space 62464K, 0% used [0x00000000f5580000,0x00000000f5580000,0x00000000f9280000)
  from space 4096K, 31% used [0x00000000f9880000,0x00000000f99c0260,0x00000000f9c80000)
  to   space 5120K, 0% used [0x00000000f9280000,0x00000000f9280000,0x00000000f9780000)
 ParOldGen       total 37888K, used 4844K [0x00000000e0000000, 0x00000000e2500000, 0x00000000f5580000)
  object space 37888K, 12% used [0x00000000e0000000,0x00000000e04bb038,0x00000000e2500000)
 Metaspace       used 22238K, capacity 22566K, committed 22908K, reserved 1069056K
  class space    used 3216K, capacity 3339K, committed 3452K, reserved 1048576K
}
Event: 34.884 GC heap before
{Heap before GC invocations=6 (full 1):
 PSYoungGen      total 66560K, used 63744K [0x00000000f5580000, 0x00000000f9c80000, 0x0000000100000000)
  eden space 62464K, 100% used [0x00000000f5580000,0x00000000f9280000,0x00000000f9280000)
  from space 4096K, 31% used [0x00000000f9880000,0x00000000f99c0260,0x00000000f9c80000)
  to   space 5120K, 0% used [0x00000000f9280000,0x00000000f9280000,0x00000000f9780000)
 ParOldGen       total 37888K, used 4844K [0x00000000e0000000, 0x00000000e2500000, 0x00000000f5580000)
  object space 37888K, 12% used [0x00000000e0000000,0x00000000e04bb038,0x00000000e2500000)
 Metaspace       used 22585K, capacity 22898K, committed 23164K, reserved 1069056K
  class space    used 3272K, capacity 3405K, committed 3452K, reserved 1048576K
Event: 34.886 GC heap after
Heap after GC invocations=6 (full 1):
 PSYoungGen      total 67584K, used 2026K [0x00000000f5580000, 0x00000000fda80000, 0x0000000100000000)
  eden space 62464K, 0% used [0x00000000f5580000,0x00000000f5580000,0x00000000f9280000)
  from space 5120K, 39% used [0x00000000f9280000,0x00000000f947a880,0x00000000f9780000)
  to   space 7168K, 0% used [0x00000000fd380000,0x00000000fd380000,0x00000000fda80000)
 ParOldGen       total 37888K, used 4844K [0x00000000e0000000, 0x00000000e2500000, 0x00000000f5580000)
  object space 37888K, 12% used [0x00000000e0000000,0x00000000e04bb038,0x00000000e2500000)
 Metaspace       used 22585K, capacity 22898K, committed 23164K, reserved 1069056K
  class space    used 3272K, capacity 3405K, committed 3452K, reserved 1048576K
}

