# JRE version: OpenJDK Runtime Environment (8.0_222-b10) (build 1.8.0_222-8u222-b10-1ubuntu1~18.04.1-b10)
# Java VM: OpenJDK 64-Bit Server VM (25.222-b10 interpreted mode linux-amd64 compressed oops)
Heap:
 PSYoungGen      total 31232K, used 2456K [0x00000000f5580000, 0x00000000f7800000, 0x0000000100000000)
  eden space 28160K, 7% used [0x00000000f5580000,0x00000000f57a61b8,0x00000000f7100000)
  from space 3072K, 8% used [0x00000000f7500000,0x00000000f7540000,0x00000000f7800000)
  to   space 3584K, 0% used [0x00000000f7100000,0x00000000f7100000,0x00000000f7480000)
 ParOldGen       total 84992K, used 6959K [0x00000000e0000000, 0x00000000e5300000, 0x00000000f5580000)
  object space 84992K, 8% used [0x00000000e0000000,0x00000000e06cbe98,0x00000000e5300000)
 Metaspace       used 21744K, capacity 22048K, committed 22272K, reserved 1069056K
  class space    used 3152K, capacity 3274K, committed 3328K, reserved 1048576K
GC Heap History (10 events):
Event: 16.613 GC heap before
{Heap before GC invocations=9 (full 1):
 PSYoungGen      total 31744K, used 31691K [0x00000000f5580000, 0x00000000f7c80000, 0x0000000100000000)
  eden space 30720K, 100% used [0x00000000f5580000,0x00000000f7380000,0x00000000f7380000)
  from space 1024K, 94% used [0x00000000f7400000,0x00000000f74f2ce0,0x00000000f7500000)
  to   space 4608K, 0% used [0x00000000f7800000,0x00000000f7800000,0x00000000f7c80000)
 ParOldGen       total 84992K, used 4692K [0x00000000e0000000, 0x00000000e5300000, 0x00000000f5580000)
  object space 84992K, 5% used [0x00000000e0000000,0x00000000e0495088,0x00000000e5300000)
 Metaspace       used 21325K, capacity 21664K, committed 22016K, reserved 1069056K
  class space    used 3072K, capacity 3210K, committed 3328K, reserved 1048576K
Event: 16.615 GC heap after
Heap after GC invocations=9 (full 1):
 PSYoungGen      total 33280K, used 1627K [0x00000000f5580000, 0x00000000f7b00000, 0x0000000100000000)
  eden space 30208K, 0% used [0x00000000f5580000,0x00000000f5580000,0x00000000f7300000)
  from space 3072K, 52% used [0x00000000f7800000,0x00000000f7996cd0,0x00000000f7b00000)
  to   space 4096K, 0% used [0x00000000f7300000,0x00000000f7300000,0x00000000f7700000)
 ParOldGen       total 84992K, used 4964K [0x00000000e0000000, 0x00000000e5300000, 0x00000000f5580000)
  object space 84992K, 5% used [0x00000000e0000000,0x00000000e04d90f8,0x00000000e5300000)
 Metaspace       used 21325K, capacity 21664K, committed 22016K, reserved 1069056K
  class space    used 3072K, capacity 3210K, committed 3328K, reserved 1048576K
}
Event: 18.604 GC heap before
{Heap before GC invocations=10 (full 1):
 PSYoungGen      total 33280K, used 31835K [0x00000000f5580000, 0x00000000f7b00000, 0x0000000100000000)
  eden space 30208K, 100% used [0x00000000f5580000,0x00000000f7300000,0x00000000f7300000)
  from space 3072K, 52% used [0x00000000f7800000,0x00000000f7996cd0,0x00000000f7b00000)
  to   space 4096K, 0% used [0x00000000f7300000,0x00000000f7300000,0x00000000f7700000)
 ParOldGen       total 84992K, used 4964K [0x00000000e0000000, 0x00000000e5300000, 0x00000000f5580000)
  object space 84992K, 5% used [0x00000000e0000000,0x00000000e04d90f8,0x00000000e5300000)
 Metaspace       used 21394K, capacity 21664K, committed 22016K, reserved 1069056K
  class space    used 3084K, capacity 3210K, committed 3328K, reserved 1048576K
Event: 18.606 GC heap after
Heap after GC invocations=10 (full 1):
 PSYoungGen      total 31744K, used 1574K [0x00000000f5580000, 0x00000000f7a80000, 0x0000000100000000)
  eden space 29696K, 0% used [0x00000000f5580000,0x00000000f5580000,0x00000000f7280000)
  from space 2048K, 76% used [0x00000000f7300000,0x00000000f74899c0,0x00000000f7500000)
  to   space 4096K, 0% used [0x00000000f7680000,0x00000000f7680000,0x00000000f7a80000)
 ParOldGen       total 84992K, used 5129K [0x00000000e0000000, 0x00000000e5300000, 0x00000000f5580000)
  object space 84992K, 6% used [0x00000000e0000000,0x00000000e0502438,0x00000000e5300000)
 Metaspace       used 21394K, capacity 21664K, committed 22016K, reserved 1069056K
  class space    used 3084K, capacity 3210K, committed 3328K, reserved 1048576K
}
Event: 20.465 GC heap before
{Heap before GC invocations=11 (full 1):
 PSYoungGen      total 31744K, used 31270K [0x00000000f5580000, 0x00000000f7a80000, 0x0000000100000000)
  eden space 29696K, 100% used [0x00000000f5580000,0x00000000f7280000,0x00000000f7280000)
  from space 2048K, 76% used [0x00000000f7300000,0x00000000f74899c0,0x00000000f7500000)
  to   space 4096K, 0% used [0x00000000f7680000,0x00000000f7680000,0x00000000f7a80000)
 ParOldGen       total 84992K, used 5129K [0x00000000e0000000, 0x00000000e5300000, 0x00000000f5580000)
  object space 84992K, 6% used [0x00000000e0000000,0x00000000e0502438,0x00000000e5300000)
 Metaspace       used 21434K, capacity 21728K, committed 22016K, reserved 1069056K
  class space    used 3090K, capacity 3210K, committed 3328K, reserved 1048576K
Event: 20.466 GC heap after
Heap after GC invocations=11 (full 1):
 PSYoungGen      total 31744K, used 1184K [0x00000000f5580000, 0x00000000f7900000, 0x0000000100000000)
  eden space 29184K, 0% used [0x00000000f5580000,0x00000000f5580000,0x00000000f7200000)
  from space 2560K, 46% used [0x00000000f7680000,0x00000000f77a8000,0x00000000f7900000)
  to   space 3584K, 0% used [0x00000000f7200000,0x00000000f7200000,0x00000000f7580000)
 ParOldGen       total 84992K, used 5655K [0x00000000e0000000, 0x00000000e5300000, 0x00000000f5580000)
  object space 84992K, 6% used [0x00000000e0000000,0x00000000e0585df8,0x00000000e5300000)
 Metaspace       used 21434K, capacity 21728K, committed 22016K, reserved 1069056K
  class space    used 3090K, capacity 3210K, committed 3328K, reserved 1048576K
}
Event: 22.758 GC heap before
{Heap before GC invocations=12 (full 1):
 PSYoungGen      total 31744K, used 30368K [0x00000000f5580000, 0x00000000f7900000, 0x0000000100000000)
  eden space 29184K, 100% used [0x00000000f5580000,0x00000000f7200000,0x00000000f7200000)
  from space 2560K, 46% used [0x00000000f7680000,0x00000000f77a8000,0x00000000f7900000)
  to   space 3584K, 0% used [0x00000000f7200000,0x00000000f7200000,0x00000000f7580000)
 ParOldGen       total 84992K, used 5655K [0x00000000e0000000, 0x00000000e5300000, 0x00000000f5580000)
  object space 84992K, 6% used [0x00000000e0000000,0x00000000e0585df8,0x00000000e5300000)
 Metaspace       used 21604K, capacity 21952K, committed 22272K, reserved 1069056K
  class space    used 3118K, capacity 3242K, committed 3328K, reserved 1048576K
Event: 22.760 GC heap after
Heap after GC invocations=12 (full 1):
 PSYoungGen      total 29184K, used 512K [0x00000000f5580000, 0x00000000f7880000, 0x0000000100000000)
  eden space 28672K, 0% used [0x00000000f5580000,0x00000000f5580000,0x00000000f7180000)
  from space 512K, 100% used [0x00000000f7200000,0x00000000f7280000,0x00000000f7280000)
  to   space 3584K, 0% used [0x00000000f7500000,0x00000000f7500000,0x00000000f7880000)
 ParOldGen       total 84992K, used 6607K [0x00000000e0000000, 0x00000000e5300000, 0x00000000f5580000)
  object space 84992K, 7% used [0x00000000e0000000,0x00000000e0673e18,0x00000000e5300000)
 Metaspace       used 21604K, capacity 21952K, committed 22272K, reserved 1069056K
  class space    used 3118K, capacity 3242K, committed 3328K, reserved 1048576K
}
Event: 26.889 GC heap before
{Heap before GC invocations=13 (full 1):
 PSYoungGen      total 29184K, used 29184K [0x00000000f5580000, 0x00000000f7880000, 0x0000000100000000)
  eden space 28672K, 100% used [0x00000000f5580000,0x00000000f7180000,0x00000000f7180000)
  from space 512K, 100% used [0x00000000f7200000,0x00000000f7280000,0x00000000f7280000)
  to   space 3584K, 0% used [0x00000000f7500000,0x00000000f7500000,0x00000000f7880000)
 ParOldGen       total 84992K, used 6607K [0x00000000e0000000, 0x00000000e5300000, 0x00000000f5580000)
  object space 84992K, 7% used [0x00000000e0000000,0x00000000e0673e18,0x00000000e5300000)
 Metaspace       used 21671K, capacity 22048K, committed 22272K, reserved 1069056K
  class space    used 3129K, capacity 3274K, committed 3328K, reserved 1048576K
Event: 26.891 GC heap after
Heap after GC invocations=13 (full 1):
 PSYoungGen      total 31232K, used 256K [0x00000000f5580000, 0x00000000f7800000, 0x0000000100000000)
  eden space 28160K, 0% used [0x00000000f5580000,0x00000000f5580000,0x00000000f7100000)
  from space 3072K, 8% used [0x00000000f7500000,0x00000000f7540000,0x00000000f7800000)
  to   space 3584K, 0% used [0x00000000f7100000,0x00000000f7100000,0x00000000f7480000)
 ParOldGen       total 84992K, used 6959K [0x00000000e0000000, 0x00000000e5300000, 0x00000000f5580000)
  object space 84992K, 8% used [0x00000000e0000000,0x00000000e06cbe98,0x00000000e5300000)
 Metaspace       used 21671K, capacity 22048K, committed 22272K, reserved 1069056K
  class space    used 3129K, capacity 3274K, committed 3328K, reserved 1048576K
}

