# JRE version: OpenJDK Runtime Environment (8.0_222-b10) (build 1.8.0_222-8u222-b10-1ubuntu1~18.04.1-b10)
# Java VM: OpenJDK 64-Bit Server VM (25.222-b10 interpreted mode linux-amd64 compressed oops)
Heap:
 PSYoungGen      total 36352K, used 16639K [0x00000000f5580000, 0x00000000f7f00000, 0x0000000100000000)
  eden space 31232K, 46% used [0x00000000f5580000,0x00000000f63bde68,0x00000000f7400000)
  from space 5120K, 40% used [0x00000000f7480000,0x00000000f7681fd0,0x00000000f7980000)
  to   space 5632K, 0% used [0x00000000f7980000,0x00000000f7980000,0x00000000f7f00000)
 ParOldGen       total 37888K, used 5356K [0x00000000e0000000, 0x00000000e2500000, 0x00000000f5580000)
  object space 37888K, 14% used [0x00000000e0000000,0x00000000e053b050,0x00000000e2500000)
 Metaspace       used 22990K, capacity 23314K, committed 23728K, reserved 1069056K
  class space    used 3320K, capacity 3437K, committed 3504K, reserved 1048576K
GC Heap History (10 events):
Event: 5.669 GC heap before
{Heap before GC invocations=2 (full 1):
 PSYoungGen      total 36864K, used 5093K [0x00000000f5580000, 0x00000000f7e80000, 0x0000000100000000)
  eden space 31744K, 0% used [0x00000000f5580000,0x00000000f5580000,0x00000000f7480000)
  from space 5120K, 99% used [0x00000000f7480000,0x00000000f79796f8,0x00000000f7980000)
  to   space 5120K, 0% used [0x00000000f7980000,0x00000000f7980000,0x00000000f7e80000)
 ParOldGen       total 84992K, used 470K [0x00000000e0000000, 0x00000000e5300000, 0x00000000f5580000)
  object space 84992K, 0% used [0x00000000e0000000,0x00000000e0075910,0x00000000e5300000)
 Metaspace       used 20735K, capacity 21082K, committed 21296K, reserved 1067008K
  class space    used 2930K, capacity 3081K, committed 3120K, reserved 1048576K
Event: 5.690 GC heap after
Heap after GC invocations=2 (full 1):
 PSYoungGen      total 36864K, used 0K [0x00000000f5580000, 0x00000000f7e80000, 0x0000000100000000)
  eden space 31744K, 0% used [0x00000000f5580000,0x00000000f5580000,0x00000000f7480000)
  from space 5120K, 0% used [0x00000000f7480000,0x00000000f7480000,0x00000000f7980000)
  to   space 5120K, 0% used [0x00000000f7980000,0x00000000f7980000,0x00000000f7e80000)
 ParOldGen       total 37888K, used 5356K [0x00000000e0000000, 0x00000000e2500000, 0x00000000f5580000)
  object space 37888K, 14% used [0x00000000e0000000,0x00000000e053b050,0x00000000e2500000)
 Metaspace       used 20735K, capacity 21082K, committed 21296K, reserved 1067008K
  class space    used 2930K, capacity 3081K, committed 3120K, reserved 1048576K
}
Event: 26.112 GC heap before
{Heap before GC invocations=3 (full 1):
 PSYoungGen      total 36864K, used 31744K [0x00000000f5580000, 0x00000000f7e80000, 0x0000000100000000)
  eden space 31744K, 100% used [0x00000000f5580000,0x00000000f7480000,0x00000000f7480000)
  from space 5120K, 0% used [0x00000000f7480000,0x00000000f7480000,0x00000000f7980000)
  to   space 5120K, 0% used [0x00000000f7980000,0x00000000f7980000,0x00000000f7e80000)
 ParOldGen       total 37888K, used 5356K [0x00000000e0000000, 0x00000000e2500000, 0x00000000f5580000)
  object space 37888K, 14% used [0x00000000e0000000,0x00000000e053b050,0x00000000e2500000)
 Metaspace       used 22519K, capacity 22854K, committed 23088K, reserved 1069056K
  class space    used 3250K, capacity 3371K, committed 3376K, reserved 1048576K
Event: 26.113 GC heap after
Heap after GC invocations=3 (full 1):
 PSYoungGen      total 36864K, used 1824K [0x00000000f5580000, 0x00000000f7e80000, 0x0000000100000000)
  eden space 31744K, 0% used [0x00000000f5580000,0x00000000f5580000,0x00000000f7480000)
  from space 5120K, 35% used [0x00000000f7980000,0x00000000f7b48260,0x00000000f7e80000)
  to   space 5120K, 0% used [0x00000000f7480000,0x00000000f7480000,0x00000000f7980000)
 ParOldGen       total 37888K, used 5356K [0x00000000e0000000, 0x00000000e2500000, 0x00000000f5580000)
  object space 37888K, 14% used [0x00000000e0000000,0x00000000e053b050,0x00000000e2500000)
 Metaspace       used 22519K, capacity 22854K, committed 23088K, reserved 1069056K
  class space    used 3250K, capacity 3371K, committed 3376K, reserved 1048576K
}
Event: 29.659 GC heap before
{Heap before GC invocations=4 (full 1):
 PSYoungGen      total 36864K, used 33568K [0x00000000f5580000, 0x00000000f7e80000, 0x0000000100000000)
  eden space 31744K, 100% used [0x00000000f5580000,0x00000000f7480000,0x00000000f7480000)
  from space 5120K, 35% used [0x00000000f7980000,0x00000000f7b48260,0x00000000f7e80000)
  to   space 5120K, 0% used [0x00000000f7480000,0x00000000f7480000,0x00000000f7980000)
 ParOldGen       total 37888K, used 5356K [0x00000000e0000000, 0x00000000e2500000, 0x00000000f5580000)
  object space 37888K, 14% used [0x00000000e0000000,0x00000000e053b050,0x00000000e2500000)
 Metaspace       used 22802K, capacity 23180K, committed 23472K, reserved 1069056K
  class space    used 3289K, capacity 3436K, committed 3504K, reserved 1048576K
Event: 29.660 GC heap after
Heap after GC invocations=4 (full 1):
 PSYoungGen      total 36864K, used 1738K [0x00000000f5580000, 0x00000000f7e80000, 0x0000000100000000)
  eden space 31744K, 0% used [0x00000000f5580000,0x00000000f5580000,0x00000000f7480000)
  from space 5120K, 33% used [0x00000000f7480000,0x00000000f7632860,0x00000000f7980000)
  to   space 5120K, 0% used [0x00000000f7980000,0x00000000f7980000,0x00000000f7e80000)
 ParOldGen       total 37888K, used 5356K [0x00000000e0000000, 0x00000000e2500000, 0x00000000f5580000)
  object space 37888K, 14% used [0x00000000e0000000,0x00000000e053b050,0x00000000e2500000)
 Metaspace       used 22802K, capacity 23180K, committed 23472K, reserved 1069056K
  class space    used 3289K, capacity 3436K, committed 3504K, reserved 1048576K
}
Event: 42.978 GC heap before
{Heap before GC invocations=5 (full 1):
 PSYoungGen      total 36864K, used 33482K [0x00000000f5580000, 0x00000000f7e80000, 0x0000000100000000)
  eden space 31744K, 100% used [0x00000000f5580000,0x00000000f7480000,0x00000000f7480000)
  from space 5120K, 33% used [0x00000000f7480000,0x00000000f7632860,0x00000000f7980000)
  to   space 5120K, 0% used [0x00000000f7980000,0x00000000f7980000,0x00000000f7e80000)
 ParOldGen       total 37888K, used 5356K [0x00000000e0000000, 0x00000000e2500000, 0x00000000f5580000)
  object space 37888K, 14% used [0x00000000e0000000,0x00000000e053b050,0x00000000e2500000)
 Metaspace       used 22813K, capacity 23186K, committed 23472K, reserved 1069056K
  class space    used 3291K, capacity 3437K, committed 3504K, reserved 1048576K
Event: 42.979 GC heap after
Heap after GC invocations=5 (full 1):
 PSYoungGen      total 36864K, used 2442K [0x00000000f5580000, 0x00000000f7e80000, 0x0000000100000000)
  eden space 31744K, 0% used [0x00000000f5580000,0x00000000f5580000,0x00000000f7480000)
  from space 5120K, 47% used [0x00000000f7980000,0x00000000f7be2860,0x00000000f7e80000)
  to   space 5120K, 0% used [0x00000000f7480000,0x00000000f7480000,0x00000000f7980000)
 ParOldGen       total 37888K, used 5356K [0x00000000e0000000, 0x00000000e2500000, 0x00000000f5580000)
  object space 37888K, 14% used [0x00000000e0000000,0x00000000e053b050,0x00000000e2500000)
 Metaspace       used 22813K, capacity 23186K, committed 23472K, reserved 1069056K
  class space    used 3291K, capacity 3437K, committed 3504K, reserved 1048576K
}
Event: 48.693 GC heap before
{Heap before GC invocations=6 (full 1):
 PSYoungGen      total 36864K, used 34186K [0x00000000f5580000, 0x00000000f7e80000, 0x0000000100000000)
  eden space 31744K, 100% used [0x00000000f5580000,0x00000000f7480000,0x00000000f7480000)
  from space 5120K, 47% used [0x00000000f7980000,0x00000000f7be2860,0x00000000f7e80000)
  to   space 5120K, 0% used [0x00000000f7480000,0x00000000f7480000,0x00000000f7980000)
 ParOldGen       total 37888K, used 5356K [0x00000000e0000000, 0x00000000e2500000, 0x00000000f5580000)
  object space 37888K, 14% used [0x00000000e0000000,0x00000000e053b050,0x00000000e2500000)
 Metaspace       used 22928K, capacity 23250K, committed 23728K, reserved 1069056K
  class space    used 3298K, capacity 3437K, committed 3504K, reserved 1048576K
Event: 48.695 GC heap after
Heap after GC invocations=6 (full 1):
 PSYoungGen      total 36352K, used 2055K [0x00000000f5580000, 0x00000000f7f00000, 0x0000000100000000)
  eden space 31232K, 0% used [0x00000000f5580000,0x00000000f5580000,0x00000000f7400000)
  from space 5120K, 40% used [0x00000000f7480000,0x00000000f7681fd0,0x00000000f7980000)
  to   space 5632K, 0% used [0x00000000f7980000,0x00000000f7980000,0x00000000f7f00000)
 ParOldGen       total 37888K, used 5356K [0x00000000e0000000, 0x00000000e2500000, 0x00000000f5580000)
  object space 37888K, 14% used [0x00000000e0000000,0x00000000e053b050,0x00000000e2500000)
 Metaspace       used 22928K, capacity 23250K, committed 23728K, reserved 1069056K
  class space    used 3298K, capacity 3437K, committed 3504K, reserved 1048576K
}

