# JRE version: OpenJDK Runtime Environment (8.0_222-b10) (build 1.8.0_222-8u222-b10-1ubuntu1~18.04.1-b10)
# Java VM: OpenJDK 64-Bit Server VM (25.222-b10 interpreted mode linux-amd64 compressed oops)
Heap:
 PSYoungGen      total 30208K, used 21599K [0x00000000f5580000, 0x00000000f7700000, 0x0000000100000000)
  eden space 27136K, 78% used [0x00000000f5580000,0x00000000f6a4fd00,0x00000000f7000000)
  from space 3072K, 9% used [0x00000000f7400000,0x00000000f7448000,0x00000000f7700000)
  to   space 3584K, 0% used [0x00000000f7000000,0x00000000f7000000,0x00000000f7380000)
 ParOldGen       total 84992K, used 7309K [0x00000000e0000000, 0x00000000e5300000, 0x00000000f5580000)
  object space 84992K, 8% used [0x00000000e0000000,0x00000000e0723770,0x00000000e5300000)
 Metaspace       used 21755K, capacity 22144K, committed 22272K, reserved 1069056K
  class space    used 3152K, capacity 3290K, committed 3328K, reserved 1048576K
GC Heap History (10 events):
Event: 19.792 GC heap before
{Heap before GC invocations=11 (full 1):
 PSYoungGen      total 31232K, used 31156K [0x00000000f5580000, 0x00000000f7980000, 0x0000000100000000)
  eden space 29696K, 100% used [0x00000000f5580000,0x00000000f7280000,0x00000000f7280000)
  from space 1536K, 95% used [0x00000000f7300000,0x00000000f746d380,0x00000000f7480000)
  to   space 3584K, 0% used [0x00000000f7600000,0x00000000f7600000,0x00000000f7980000)
 ParOldGen       total 84992K, used 5176K [0x00000000e0000000, 0x00000000e5300000, 0x00000000f5580000)
  object space 84992K, 6% used [0x00000000e0000000,0x00000000e050e350,0x00000000e5300000)
 Metaspace       used 21434K, capacity 21760K, committed 22016K, reserved 1069056K
  class space    used 3088K, capacity 3226K, committed 3328K, reserved 1048576K
Event: 19.793 GC heap after
Heap after GC invocations=11 (full 1):
 PSYoungGen      total 32256K, used 1088K [0x00000000f5580000, 0x00000000f7900000, 0x0000000100000000)
  eden space 29184K, 0% used [0x00000000f5580000,0x00000000f5580000,0x00000000f7200000)
  from space 3072K, 35% used [0x00000000f7600000,0x00000000f7710000,0x00000000f7900000)
  to   space 3584K, 0% used [0x00000000f7200000,0x00000000f7200000,0x00000000f7580000)
 ParOldGen       total 84992K, used 5861K [0x00000000e0000000, 0x00000000e5300000, 0x00000000f5580000)
  object space 84992K, 6% used [0x00000000e0000000,0x00000000e05b96d0,0x00000000e5300000)
 Metaspace       used 21434K, capacity 21760K, committed 22016K, reserved 1069056K
  class space    used 3088K, capacity 3226K, committed 3328K, reserved 1048576K
}
Event: 21.538 GC heap before
{Heap before GC invocations=12 (full 1):
 PSYoungGen      total 32256K, used 30272K [0x00000000f5580000, 0x00000000f7900000, 0x0000000100000000)
  eden space 29184K, 100% used [0x00000000f5580000,0x00000000f7200000,0x00000000f7200000)
  from space 3072K, 35% used [0x00000000f7600000,0x00000000f7710000,0x00000000f7900000)
  to   space 3584K, 0% used [0x00000000f7200000,0x00000000f7200000,0x00000000f7580000)
 ParOldGen       total 84992K, used 5861K [0x00000000e0000000, 0x00000000e5300000, 0x00000000f5580000)
  object space 84992K, 6% used [0x00000000e0000000,0x00000000e05b96d0,0x00000000e5300000)
 Metaspace       used 21494K, capacity 21824K, committed 22016K, reserved 1069056K
  class space    used 3098K, capacity 3226K, committed 3328K, reserved 1048576K
Event: 21.539 GC heap after
Heap after GC invocations=12 (full 1):
 PSYoungGen      total 29696K, used 576K [0x00000000f5580000, 0x00000000f7880000, 0x0000000100000000)
  eden space 28672K, 0% used [0x00000000f5580000,0x00000000f5580000,0x00000000f7180000)
  from space 1024K, 56% used [0x00000000f7200000,0x00000000f7290000,0x00000000f7300000)
  to   space 3584K, 0% used [0x00000000f7500000,0x00000000f7500000,0x00000000f7880000)
 ParOldGen       total 84992K, used 6485K [0x00000000e0000000, 0x00000000e5300000, 0x00000000f5580000)
  object space 84992K, 7% used [0x00000000e0000000,0x00000000e06556f0,0x00000000e5300000)
 Metaspace       used 21494K, capacity 21824K, committed 22016K, reserved 1069056K
  class space    used 3098K, capacity 3226K, committed 3328K, reserved 1048576K
}
Event: 23.259 GC heap before
{Heap before GC invocations=13 (full 1):
 PSYoungGen      total 29696K, used 29248K [0x00000000f5580000, 0x00000000f7880000, 0x0000000100000000)
  eden space 28672K, 100% used [0x00000000f5580000,0x00000000f7180000,0x00000000f7180000)
  from space 1024K, 56% used [0x00000000f7200000,0x00000000f7290000,0x00000000f7300000)
  to   space 3584K, 0% used [0x00000000f7500000,0x00000000f7500000,0x00000000f7880000)
 ParOldGen       total 84992K, used 6485K [0x00000000e0000000, 0x00000000e5300000, 0x00000000f5580000)
  object space 84992K, 7% used [0x00000000e0000000,0x00000000e06556f0,0x00000000e5300000)
 Metaspace       used 21578K, capacity 21888K, committed 22272K, reserved 1069056K
  class space    used 3111K, capacity 3226K, committed 3328K, reserved 1048576K
Event: 23.261 GC heap after
Heap after GC invocations=13 (full 1):
 PSYoungGen      total 31232K, used 320K [0x00000000f5580000, 0x00000000f7800000, 0x0000000100000000)
  eden space 28160K, 0% used [0x00000000f5580000,0x00000000f5580000,0x00000000f7100000)
  from space 3072K, 10% used [0x00000000f7500000,0x00000000f7550000,0x00000000f7800000)
  to   space 3584K, 0% used [0x00000000f7100000,0x00000000f7100000,0x00000000f7480000)
 ParOldGen       total 84992K, used 6925K [0x00000000e0000000, 0x00000000e5300000, 0x00000000f5580000)
  object space 84992K, 8% used [0x00000000e0000000,0x00000000e06c36f0,0x00000000e5300000)
 Metaspace       used 21578K, capacity 21888K, committed 22272K, reserved 1069056K
  class space    used 3111K, capacity 3226K, committed 3328K, reserved 1048576K
}
Event: 25.314 GC heap before
{Heap before GC invocations=14 (full 1):
 PSYoungGen      total 31232K, used 28480K [0x00000000f5580000, 0x00000000f7800000, 0x0000000100000000)
  eden space 28160K, 100% used [0x00000000f5580000,0x00000000f7100000,0x00000000f7100000)
  from space 3072K, 10% used [0x00000000f7500000,0x00000000f7550000,0x00000000f7800000)
  to   space 3584K, 0% used [0x00000000f7100000,0x00000000f7100000,0x00000000f7480000)
 ParOldGen       total 84992K, used 6925K [0x00000000e0000000, 0x00000000e5300000, 0x00000000f5580000)
  object space 84992K, 8% used [0x00000000e0000000,0x00000000e06c36f0,0x00000000e5300000)
 Metaspace       used 21668K, capacity 22048K, committed 22272K, reserved 1069056K
  class space    used 3128K, capacity 3258K, committed 3328K, reserved 1048576K
Event: 25.316 GC heap after
Heap after GC invocations=14 (full 1):
 PSYoungGen      total 28160K, used 448K [0x00000000f5580000, 0x00000000f7780000, 0x0000000100000000)
  eden space 27648K, 0% used [0x00000000f5580000,0x00000000f5580000,0x00000000f7080000)
  from space 512K, 87% used [0x00000000f7100000,0x00000000f7170000,0x00000000f7180000)
  to   space 3584K, 0% used [0x00000000f7400000,0x00000000f7400000,0x00000000f7780000)
 ParOldGen       total 84992K, used 7045K [0x00000000e0000000, 0x00000000e5300000, 0x00000000f5580000)
  object space 84992K, 8% used [0x00000000e0000000,0x00000000e06e1700,0x00000000e5300000)
 Metaspace       used 21668K, capacity 22048K, committed 22272K, reserved 1069056K
  class space    used 3128K, capacity 3258K, committed 3328K, reserved 1048576K
}
Event: 27.339 GC heap before
{Heap before GC invocations=15 (full 1):
 PSYoungGen      total 28160K, used 28096K [0x00000000f5580000, 0x00000000f7780000, 0x0000000100000000)
  eden space 27648K, 100% used [0x00000000f5580000,0x00000000f7080000,0x00000000f7080000)
  from space 512K, 87% used [0x00000000f7100000,0x00000000f7170000,0x00000000f7180000)
  to   space 3584K, 0% used [0x00000000f7400000,0x00000000f7400000,0x00000000f7780000)
 ParOldGen       total 84992K, used 7045K [0x00000000e0000000, 0x00000000e5300000, 0x00000000f5580000)
  object space 84992K, 8% used [0x00000000e0000000,0x00000000e06e1700,0x00000000e5300000)
 Metaspace       used 21685K, capacity 22048K, committed 22272K, reserved 1069056K
  class space    used 3130K, capacity 3258K, committed 3328K, reserved 1048576K
Event: 27.340 GC heap after
Heap after GC invocations=15 (full 1):
 PSYoungGen      total 30208K, used 288K [0x00000000f5580000, 0x00000000f7700000, 0x0000000100000000)
  eden space 27136K, 0% used [0x00000000f5580000,0x00000000f5580000,0x00000000f7000000)
  from space 3072K, 9% used [0x00000000f7400000,0x00000000f7448000,0x00000000f7700000)
  to   space 3584K, 0% used [0x00000000f7000000,0x00000000f7000000,0x00000000f7380000)
 ParOldGen       total 84992K, used 7309K [0x00000000e0000000, 0x00000000e5300000, 0x00000000f5580000)
  object space 84992K, 8% used [0x00000000e0000000,0x00000000e0723770,0x00000000e5300000)
 Metaspace       used 21685K, capacity 22048K, committed 22272K, reserved 1069056K
  class space    used 3130K, capacity 3258K, committed 3328K, reserved 1048576K
}

