# JRE version: OpenJDK Runtime Environment (8.0_222-b10) (build 1.8.0_222-8u222-b10-1ubuntu1~18.04.1-b10)
# Java VM: OpenJDK 64-Bit Server VM (25.222-b10 interpreted mode linux-amd64 compressed oops)
Heap:
 PSYoungGen      total 31232K, used 16826K [0x00000000f5580000, 0x00000000f7800000, 0x0000000100000000)
  eden space 28160K, 58% used [0x00000000f5580000,0x00000000f65aeb78,0x00000000f7100000)
  from space 3072K, 8% used [0x00000000f7500000,0x00000000f7540000,0x00000000f7800000)
  to   space 3584K, 0% used [0x00000000f7100000,0x00000000f7100000,0x00000000f7480000)
 ParOldGen       total 84992K, used 7210K [0x00000000e0000000, 0x00000000e5300000, 0x00000000f5580000)
  object space 84992K, 8% used [0x00000000e0000000,0x00000000e070a8d8,0x00000000e5300000)
 Metaspace       used 21755K, capacity 22144K, committed 22272K, reserved 1069056K
  class space    used 3152K, capacity 3290K, committed 3328K, reserved 1048576K
GC Heap History (10 events):
Event: 20.390 GC heap before
{Heap before GC invocations=9 (full 1):
 PSYoungGen      total 32768K, used 32458K [0x00000000f5580000, 0x00000000f7c80000, 0x0000000100000000)
  eden space 30720K, 100% used [0x00000000f5580000,0x00000000f7380000,0x00000000f7380000)
  from space 2048K, 84% used [0x00000000f7400000,0x00000000f75b2910,0x00000000f7600000)
  to   space 4608K, 0% used [0x00000000f7800000,0x00000000f7800000,0x00000000f7c80000)
 ParOldGen       total 84992K, used 4747K [0x00000000e0000000, 0x00000000e5300000, 0x00000000f5580000)
  object space 84992K, 5% used [0x00000000e0000000,0x00000000e04a2cd8,0x00000000e5300000)
 Metaspace       used 21225K, capacity 21504K, committed 21632K, reserved 1067008K
  class space    used 3037K, capacity 3162K, committed 3200K, reserved 1048576K
Event: 20.391 GC heap after
Heap after GC invocations=9 (full 1):
 PSYoungGen      total 33280K, used 1625K [0x00000000f5580000, 0x00000000f7b00000, 0x0000000100000000)
  eden space 30208K, 0% used [0x00000000f5580000,0x00000000f5580000,0x00000000f7300000)
  from space 3072K, 52% used [0x00000000f7800000,0x00000000f7996680,0x00000000f7b00000)
  to   space 4096K, 0% used [0x00000000f7300000,0x00000000f7300000,0x00000000f7700000)
 ParOldGen       total 84992K, used 5027K [0x00000000e0000000, 0x00000000e5300000, 0x00000000f5580000)
  object space 84992K, 5% used [0x00000000e0000000,0x00000000e04e8d48,0x00000000e5300000)
 Metaspace       used 21225K, capacity 21504K, committed 21632K, reserved 1067008K
  class space    used 3037K, capacity 3162K, committed 3200K, reserved 1048576K
}
Event: 22.293 GC heap before
{Heap before GC invocations=10 (full 1):
 PSYoungGen      total 33280K, used 31833K [0x00000000f5580000, 0x00000000f7b00000, 0x0000000100000000)
  eden space 30208K, 100% used [0x00000000f5580000,0x00000000f7300000,0x00000000f7300000)
  from space 3072K, 52% used [0x00000000f7800000,0x00000000f7996680,0x00000000f7b00000)
  to   space 4096K, 0% used [0x00000000f7300000,0x00000000f7300000,0x00000000f7700000)
 ParOldGen       total 84992K, used 5027K [0x00000000e0000000, 0x00000000e5300000, 0x00000000f5580000)
  object space 84992K, 5% used [0x00000000e0000000,0x00000000e04e8d48,0x00000000e5300000)
 Metaspace       used 21436K, capacity 21760K, committed 22016K, reserved 1069056K
  class space    used 3089K, capacity 3226K, committed 3328K, reserved 1048576K
Event: 22.295 GC heap after
Heap after GC invocations=10 (full 1):
 PSYoungGen      total 31744K, used 1748K [0x00000000f5580000, 0x00000000f7a80000, 0x0000000100000000)
  eden space 29696K, 0% used [0x00000000f5580000,0x00000000f5580000,0x00000000f7280000)
  from space 2048K, 85% used [0x00000000f7300000,0x00000000f74b5380,0x00000000f7500000)
  to   space 4096K, 0% used [0x00000000f7680000,0x00000000f7680000,0x00000000f7a80000)
 ParOldGen       total 84992K, used 5221K [0x00000000e0000000, 0x00000000e5300000, 0x00000000f5580000)
  object space 84992K, 6% used [0x00000000e0000000,0x00000000e05194b8,0x00000000e5300000)
 Metaspace       used 21436K, capacity 21760K, committed 22016K, reserved 1069056K
  class space    used 3089K, capacity 3226K, committed 3328K, reserved 1048576K
}
Event: 24.114 GC heap before
{Heap before GC invocations=11 (full 1):
 PSYoungGen      total 31744K, used 31444K [0x00000000f5580000, 0x00000000f7a80000, 0x0000000100000000)
  eden space 29696K, 100% used [0x00000000f5580000,0x00000000f7280000,0x00000000f7280000)
  from space 2048K, 85% used [0x00000000f7300000,0x00000000f74b5380,0x00000000f7500000)
  to   space 4096K, 0% used [0x00000000f7680000,0x00000000f7680000,0x00000000f7a80000)
 ParOldGen       total 84992K, used 5221K [0x00000000e0000000, 0x00000000e5300000, 0x00000000f5580000)
  object space 84992K, 6% used [0x00000000e0000000,0x00000000e05194b8,0x00000000e5300000)
 Metaspace       used 21616K, capacity 21952K, committed 22272K, reserved 1069056K
  class space    used 3120K, capacity 3226K, committed 3328K, reserved 1048576K
Event: 24.116 GC heap after
Heap after GC invocations=11 (full 1):
 PSYoungGen      total 32768K, used 736K [0x00000000f5580000, 0x00000000f7a00000, 0x0000000100000000)
  eden space 29184K, 0% used [0x00000000f5580000,0x00000000f5580000,0x00000000f7200000)
  from space 3584K, 20% used [0x00000000f7680000,0x00000000f7738000,0x00000000f7a00000)
  to   space 4096K, 0% used [0x00000000f7200000,0x00000000f7200000,0x00000000f7600000)
 ParOldGen       total 84992K, used 6410K [0x00000000e0000000, 0x00000000e5300000, 0x00000000f5580000)
  object space 84992K, 7% used [0x00000000e0000000,0x00000000e0642858,0x00000000e5300000)
 Metaspace       used 21616K, capacity 21952K, committed 22272K, reserved 1069056K
  class space    used 3120K, capacity 3226K, committed 3328K, reserved 1048576K
}
Event: 26.253 GC heap before
{Heap before GC invocations=12 (full 1):
 PSYoungGen      total 32768K, used 29920K [0x00000000f5580000, 0x00000000f7a00000, 0x0000000100000000)
  eden space 29184K, 100% used [0x00000000f5580000,0x00000000f7200000,0x00000000f7200000)
  from space 3584K, 20% used [0x00000000f7680000,0x00000000f7738000,0x00000000f7a00000)
  to   space 4096K, 0% used [0x00000000f7200000,0x00000000f7200000,0x00000000f7600000)
 ParOldGen       total 84992K, used 6410K [0x00000000e0000000, 0x00000000e5300000, 0x00000000f5580000)
  object space 84992K, 7% used [0x00000000e0000000,0x00000000e0642858,0x00000000e5300000)
 Metaspace       used 21687K, capacity 22048K, committed 22272K, reserved 1069056K
  class space    used 3130K, capacity 3258K, committed 3328K, reserved 1048576K
Event: 26.254 GC heap after
Heap after GC invocations=12 (full 1):
 PSYoungGen      total 29696K, used 528K [0x00000000f5580000, 0x00000000f7880000, 0x0000000100000000)
  eden space 28672K, 0% used [0x00000000f5580000,0x00000000f5580000,0x00000000f7180000)
  from space 1024K, 51% used [0x00000000f7200000,0x00000000f7284010,0x00000000f7300000)
  to   space 3584K, 0% used [0x00000000f7500000,0x00000000f7500000,0x00000000f7880000)
 ParOldGen       total 84992K, used 6810K [0x00000000e0000000, 0x00000000e5300000, 0x00000000f5580000)
  object space 84992K, 8% used [0x00000000e0000000,0x00000000e06a6858,0x00000000e5300000)
 Metaspace       used 21687K, capacity 22048K, committed 22272K, reserved 1069056K
  class space    used 3130K, capacity 3258K, committed 3328K, reserved 1048576K
}
Event: 28.240 GC heap before
{Heap before GC invocations=13 (full 1):
 PSYoungGen      total 29696K, used 29200K [0x00000000f5580000, 0x00000000f7880000, 0x0000000100000000)
  eden space 28672K, 100% used [0x00000000f5580000,0x00000000f7180000,0x00000000f7180000)
  from space 1024K, 51% used [0x00000000f7200000,0x00000000f7284010,0x00000000f7300000)
  to   space 3584K, 0% used [0x00000000f7500000,0x00000000f7500000,0x00000000f7880000)
 ParOldGen       total 84992K, used 6810K [0x00000000e0000000, 0x00000000e5300000, 0x00000000f5580000)
  object space 84992K, 8% used [0x00000000e0000000,0x00000000e06a6858,0x00000000e5300000)
 Metaspace       used 21687K, capacity 22048K, committed 22272K, reserved 1069056K
  class space    used 3130K, capacity 3258K, committed 3328K, reserved 1048576K
Event: 28.242 GC heap after
Heap after GC invocations=13 (full 1):
 PSYoungGen      total 31232K, used 256K [0x00000000f5580000, 0x00000000f7800000, 0x0000000100000000)
  eden space 28160K, 0% used [0x00000000f5580000,0x00000000f5580000,0x00000000f7100000)
  from space 3072K, 8% used [0x00000000f7500000,0x00000000f7540000,0x00000000f7800000)
  to   space 3584K, 0% used [0x00000000f7100000,0x00000000f7100000,0x00000000f7480000)
 ParOldGen       total 84992K, used 7210K [0x00000000e0000000, 0x00000000e5300000, 0x00000000f5580000)
  object space 84992K, 8% used [0x00000000e0000000,0x00000000e070a8d8,0x00000000e5300000)
 Metaspace       used 21687K, capacity 22048K, committed 22272K, reserved 1069056K
  class space    used 3130K, capacity 3258K, committed 3328K, reserved 1048576K
}

