# JRE version: OpenJDK Runtime Environment (8.0_222-b10) (build 1.8.0_222-8u222-b10-1ubuntu1~18.04.1-b10)
# Java VM: OpenJDK 64-Bit Server VM (25.222-b10 interpreted mode linux-amd64 compressed oops)
Heap:
 PSYoungGen      total 25600K, used 9896K [0x00000000f5580000, 0x00000000f7080000, 0x0000000100000000)
  eden space 23552K, 40% used [0x00000000f5580000,0x00000000f5eea228,0x00000000f6c80000)
  from space 2048K, 12% used [0x00000000f6e80000,0x00000000f6ec0000,0x00000000f7080000)
  to   space 2048K, 0% used [0x00000000f6c80000,0x00000000f6c80000,0x00000000f6e80000)
 ParOldGen       total 84992K, used 7200K [0x00000000e0000000, 0x00000000e5300000, 0x00000000f5580000)
  object space 84992K, 8% used [0x00000000e0000000,0x00000000e0708028,0x00000000e5300000)
 Metaspace       used 21962K, capacity 22336K, committed 22528K, reserved 1069056K
  class space    used 3168K, capacity 3290K, committed 3328K, reserved 1048576K
GC Heap History (10 events):
Event: 36.504 GC heap before
{Heap before GC invocations=22 (full 2):
 PSYoungGen      total 25600K, used 25472K [0x00000000f5580000, 0x00000000f7300000, 0x0000000100000000)
  eden space 25088K, 100% used [0x00000000f5580000,0x00000000f6e00000,0x00000000f6e00000)
  from space 512K, 75% used [0x00000000f6e80000,0x00000000f6ee0000,0x00000000f6f00000)
  to   space 2560K, 0% used [0x00000000f7080000,0x00000000f7080000,0x00000000f7300000)
 ParOldGen       total 84992K, used 6511K [0x00000000e0000000, 0x00000000e5300000, 0x00000000f5580000)
  object space 84992K, 7% used [0x00000000e0000000,0x00000000e065bfa8,0x00000000e5300000)
 Metaspace       used 21721K, capacity 22016K, committed 22272K, reserved 1069056K
  class space    used 3118K, capacity 3226K, committed 3328K, reserved 1048576K
Event: 36.505 GC heap after
Heap after GC invocations=22 (full 2):
 PSYoungGen      total 26624K, used 288K [0x00000000f5580000, 0x00000000f7280000, 0x0000000100000000)
  eden space 24576K, 0% used [0x00000000f5580000,0x00000000f5580000,0x00000000f6d80000)
  from space 2048K, 14% used [0x00000000f7080000,0x00000000f70c8000,0x00000000f7280000)
  to   space 2560K, 0% used [0x00000000f6d80000,0x00000000f6d80000,0x00000000f7000000)
 ParOldGen       total 84992K, used 6719K [0x00000000e0000000, 0x00000000e5300000, 0x00000000f5580000)
  object space 84992K, 7% used [0x00000000e0000000,0x00000000e068ffa8,0x00000000e5300000)
 Metaspace       used 21721K, capacity 22016K, committed 22272K, reserved 1069056K
  class space    used 3118K, capacity 3226K, committed 3328K, reserved 1048576K
}
Event: 38.020 GC heap before
{Heap before GC invocations=23 (full 2):
 PSYoungGen      total 26624K, used 24864K [0x00000000f5580000, 0x00000000f7280000, 0x0000000100000000)
  eden space 24576K, 100% used [0x00000000f5580000,0x00000000f6d80000,0x00000000f6d80000)
  from space 2048K, 14% used [0x00000000f7080000,0x00000000f70c8000,0x00000000f7280000)
  to   space 2560K, 0% used [0x00000000f6d80000,0x00000000f6d80000,0x00000000f7000000)
 ParOldGen       total 84992K, used 6719K [0x00000000e0000000, 0x00000000e5300000, 0x00000000f5580000)
  object space 84992K, 7% used [0x00000000e0000000,0x00000000e068ffa8,0x00000000e5300000)
 Metaspace       used 21726K, capacity 22016K, committed 22272K, reserved 1069056K
  class space    used 3119K, capacity 3226K, committed 3328K, reserved 1048576K
Event: 38.022 GC heap after
Heap after GC invocations=23 (full 2):
 PSYoungGen      total 24576K, used 256K [0x00000000f5580000, 0x00000000f7100000, 0x0000000100000000)
  eden space 24064K, 0% used [0x00000000f5580000,0x00000000f5580000,0x00000000f6d00000)
  from space 512K, 50% used [0x00000000f6d80000,0x00000000f6dc0000,0x00000000f6e00000)
  to   space 2048K, 0% used [0x00000000f6f00000,0x00000000f6f00000,0x00000000f7100000)
 ParOldGen       total 84992K, used 6791K [0x00000000e0000000, 0x00000000e5300000, 0x00000000f5580000)
  object space 84992K, 7% used [0x00000000e0000000,0x00000000e06a1fa8,0x00000000e5300000)
 Metaspace       used 21726K, capacity 22016K, committed 22272K, reserved 1069056K
  class space    used 3119K, capacity 3226K, committed 3328K, reserved 1048576K
}
Event: 39.793 GC heap before
{Heap before GC invocations=24 (full 2):
 PSYoungGen      total 24576K, used 24320K [0x00000000f5580000, 0x00000000f7100000, 0x0000000100000000)
  eden space 24064K, 100% used [0x00000000f5580000,0x00000000f6d00000,0x00000000f6d00000)
  from space 512K, 50% used [0x00000000f6d80000,0x00000000f6dc0000,0x00000000f6e00000)
  to   space 2048K, 0% used [0x00000000f6f00000,0x00000000f6f00000,0x00000000f7100000)
 ParOldGen       total 84992K, used 6791K [0x00000000e0000000, 0x00000000e5300000, 0x00000000f5580000)
  object space 84992K, 7% used [0x00000000e0000000,0x00000000e06a1fa8,0x00000000e5300000)
 Metaspace       used 21892K, capacity 22272K, committed 22528K, reserved 1069056K
  class space    used 3146K, capacity 3290K, committed 3328K, reserved 1048576K
Event: 39.796 GC heap after
Heap after GC invocations=24 (full 2):
 PSYoungGen      total 25088K, used 416K [0x00000000f5580000, 0x00000000f7080000, 0x0000000100000000)
  eden space 23552K, 0% used [0x00000000f5580000,0x00000000f5580000,0x00000000f6c80000)
  from space 1536K, 27% used [0x00000000f6f00000,0x00000000f6f68000,0x00000000f7080000)
  to   space 2048K, 0% used [0x00000000f6c80000,0x00000000f6c80000,0x00000000f6e80000)
 ParOldGen       total 84992K, used 6887K [0x00000000e0000000, 0x00000000e5300000, 0x00000000f5580000)
  object space 84992K, 8% used [0x00000000e0000000,0x00000000e06b9fb8,0x00000000e5300000)
 Metaspace       used 21892K, capacity 22272K, committed 22528K, reserved 1069056K
  class space    used 3146K, capacity 3290K, committed 3328K, reserved 1048576K
}
Event: 41.529 GC heap before
{Heap before GC invocations=25 (full 2):
 PSYoungGen      total 25088K, used 23968K [0x00000000f5580000, 0x00000000f7080000, 0x0000000100000000)
  eden space 23552K, 100% used [0x00000000f5580000,0x00000000f6c80000,0x00000000f6c80000)
  from space 1536K, 27% used [0x00000000f6f00000,0x00000000f6f68000,0x00000000f7080000)
  to   space 2048K, 0% used [0x00000000f6c80000,0x00000000f6c80000,0x00000000f6e80000)
 ParOldGen       total 84992K, used 6887K [0x00000000e0000000, 0x00000000e5300000, 0x00000000f5580000)
  object space 84992K, 8% used [0x00000000e0000000,0x00000000e06b9fb8,0x00000000e5300000)
 Metaspace       used 21893K, capacity 22272K, committed 22528K, reserved 1069056K
  class space    used 3146K, capacity 3290K, committed 3328K, reserved 1048576K
Event: 41.530 GC heap after
Heap after GC invocations=25 (full 2):
 PSYoungGen      total 25600K, used 256K [0x00000000f5580000, 0x00000000f7080000, 0x0000000100000000)
  eden space 23552K, 0% used [0x00000000f5580000,0x00000000f5580000,0x00000000f6c80000)
  from space 2048K, 12% used [0x00000000f6c80000,0x00000000f6cc0000,0x00000000f6e80000)
  to   space 2048K, 0% used [0x00000000f6e80000,0x00000000f6e80000,0x00000000f7080000)
 ParOldGen       total 84992K, used 7152K [0x00000000e0000000, 0x00000000e5300000, 0x00000000f5580000)
  object space 84992K, 8% used [0x00000000e0000000,0x00000000e06fc028,0x00000000e5300000)
 Metaspace       used 21893K, capacity 22272K, committed 22528K, reserved 1069056K
  class space    used 3146K, capacity 3290K, committed 3328K, reserved 1048576K
}
Event: 43.169 GC heap before
{Heap before GC invocations=26 (full 2):
 PSYoungGen      total 25600K, used 23808K [0x00000000f5580000, 0x00000000f7080000, 0x0000000100000000)
  eden space 23552K, 100% used [0x00000000f5580000,0x00000000f6c80000,0x00000000f6c80000)
  from space 2048K, 12% used [0x00000000f6c80000,0x00000000f6cc0000,0x00000000f6e80000)
  to   space 2048K, 0% used [0x00000000f6e80000,0x00000000f6e80000,0x00000000f7080000)
 ParOldGen       total 84992K, used 7152K [0x00000000e0000000, 0x00000000e5300000, 0x00000000f5580000)
  object space 84992K, 8% used [0x00000000e0000000,0x00000000e06fc028,0x00000000e5300000)
 Metaspace       used 21894K, capacity 22272K, committed 22528K, reserved 1069056K
  class space    used 3146K, capacity 3290K, committed 3328K, reserved 1048576K
Event: 43.171 GC heap after
Heap after GC invocations=26 (full 2):
 PSYoungGen      total 25600K, used 256K [0x00000000f5580000, 0x00000000f7080000, 0x0000000100000000)
  eden space 23552K, 0% used [0x00000000f5580000,0x00000000f5580000,0x00000000f6c80000)
  from space 2048K, 12% used [0x00000000f6e80000,0x00000000f6ec0000,0x00000000f7080000)
  to   space 2048K, 0% used [0x00000000f6c80000,0x00000000f6c80000,0x00000000f6e80000)
 ParOldGen       total 84992K, used 7200K [0x00000000e0000000, 0x00000000e5300000, 0x00000000f5580000)
  object space 84992K, 8% used [0x00000000e0000000,0x00000000e0708028,0x00000000e5300000)
 Metaspace       used 21894K, capacity 22272K, committed 22528K, reserved 1069056K
  class space    used 3146K, capacity 3290K, committed 3328K, reserved 1048576K
}

