# JRE version: OpenJDK Runtime Environment (8.0_222-b10) (build 1.8.0_222-8u222-b10-1ubuntu1~18.04.1-b10)
# Java VM: OpenJDK 64-Bit Server VM (25.222-b10 interpreted mode linux-amd64 compressed oops)
Heap:
 PSYoungGen      total 123904K, used 70274K [0x00000000f5580000, 0x00000000fd680000, 0x0000000100000000)
  eden space 118784K, 57% used [0x00000000f5580000,0x00000000f97fa3d0,0x00000000fc980000)
  from space 5120K, 42% used [0x00000000fd180000,0x00000000fd3a6630,0x00000000fd680000)
  to   space 6656K, 0% used [0x00000000fc980000,0x00000000fc980000,0x00000000fd000000)
 ParOldGen       total 38400K, used 4878K [0x00000000e0000000, 0x00000000e2580000, 0x00000000f5580000)
  object space 38400K, 12% used [0x00000000e0000000,0x00000000e04c3a10,0x00000000e2580000)
 Metaspace       used 22730K, capacity 23090K, committed 23472K, reserved 1069056K
  class space    used 3291K, capacity 3405K, committed 3504K, reserved 1048576K
GC Heap History (10 events):
Event: 6.707 GC heap before
{Heap before GC invocations=3 (full 1):
 PSYoungGen      total 36864K, used 5039K [0x00000000f5580000, 0x00000000f9d80000, 0x0000000100000000)
  eden space 31744K, 0% used [0x00000000f5580000,0x00000000f5580000,0x00000000f7480000)
  from space 5120K, 98% used [0x00000000f7980000,0x00000000f7e6be88,0x00000000f7e80000)
  to   space 5120K, 0% used [0x00000000f7480000,0x00000000f7480000,0x00000000f7980000)
 ParOldGen       total 84992K, used 578K [0x00000000e0000000, 0x00000000e5300000, 0x00000000f5580000)
  object space 84992K, 0% used [0x00000000e0000000,0x00000000e0090898,0x00000000e5300000)
 Metaspace       used 20829K, capacity 21114K, committed 21296K, reserved 1067008K
  class space    used 2993K, capacity 3113K, committed 3120K, reserved 1048576K
Event: 6.730 GC heap after
Heap after GC invocations=3 (full 1):
 PSYoungGen      total 36864K, used 0K [0x00000000f5580000, 0x00000000f9d80000, 0x0000000100000000)
  eden space 31744K, 0% used [0x00000000f5580000,0x00000000f5580000,0x00000000f7480000)
  from space 5120K, 0% used [0x00000000f7980000,0x00000000f7980000,0x00000000f7e80000)
  to   space 5120K, 0% used [0x00000000f7480000,0x00000000f7480000,0x00000000f7980000)
 ParOldGen       total 38400K, used 4878K [0x00000000e0000000, 0x00000000e2580000, 0x00000000f5580000)
  object space 38400K, 12% used [0x00000000e0000000,0x00000000e04c3a10,0x00000000e2580000)
 Metaspace       used 20829K, capacity 21114K, committed 21296K, reserved 1067008K
  class space    used 2993K, capacity 3113K, committed 3120K, reserved 1048576K
}
Event: 22.841 GC heap before
{Heap before GC invocations=4 (full 1):
 PSYoungGen      total 36864K, used 31744K [0x00000000f5580000, 0x00000000f9d80000, 0x0000000100000000)
  eden space 31744K, 100% used [0x00000000f5580000,0x00000000f7480000,0x00000000f7480000)
  from space 5120K, 0% used [0x00000000f7980000,0x00000000f7980000,0x00000000f7e80000)
  to   space 5120K, 0% used [0x00000000f7480000,0x00000000f7480000,0x00000000f7980000)
 ParOldGen       total 38400K, used 4878K [0x00000000e0000000, 0x00000000e2580000, 0x00000000f5580000)
  object space 38400K, 12% used [0x00000000e0000000,0x00000000e04c3a10,0x00000000e2580000)
 Metaspace       used 22244K, capacity 22630K, committed 22832K, reserved 1069056K
  class space    used 3220K, capacity 3339K, committed 3376K, reserved 1048576K
Event: 22.843 GC heap after
Heap after GC invocations=4 (full 1):
 PSYoungGen      total 36864K, used 1072K [0x00000000f5580000, 0x00000000f9c80000, 0x0000000100000000)
  eden space 31744K, 0% used [0x00000000f5580000,0x00000000f5580000,0x00000000f7480000)
  from space 5120K, 20% used [0x00000000f7480000,0x00000000f758c010,0x00000000f7980000)
  to   space 5120K, 0% used [0x00000000f9780000,0x00000000f9780000,0x00000000f9c80000)
 ParOldGen       total 38400K, used 4878K [0x00000000e0000000, 0x00000000e2580000, 0x00000000f5580000)
  object space 38400K, 12% used [0x00000000e0000000,0x00000000e04c3a10,0x00000000e2580000)
 Metaspace       used 22244K, capacity 22630K, committed 22832K, reserved 1069056K
  class space    used 3220K, capacity 3339K, committed 3376K, reserved 1048576K
}
Event: 102.108 GC heap before
{Heap before GC invocations=5 (full 1):
 PSYoungGen      total 36864K, used 32713K [0x00000000f5580000, 0x00000000f9c80000, 0x0000000100000000)
  eden space 31744K, 99% used [0x00000000f5580000,0x00000000f7466588,0x00000000f7480000)
  from space 5120K, 20% used [0x00000000f7480000,0x00000000f758c010,0x00000000f7980000)
  to   space 5120K, 0% used [0x00000000f9780000,0x00000000f9780000,0x00000000f9c80000)
 ParOldGen       total 38400K, used 4878K [0x00000000e0000000, 0x00000000e2580000, 0x00000000f5580000)
  object space 38400K, 12% used [0x00000000e0000000,0x00000000e04c3a10,0x00000000e2580000)
 Metaspace       used 22256K, capacity 22630K, committed 22832K, reserved 1069056K
  class space    used 3221K, capacity 3339K, committed 3376K, reserved 1048576K
Event: 102.109 GC heap after
Heap after GC invocations=5 (full 1):
 PSYoungGen      total 66560K, used 1424K [0x00000000f5580000, 0x00000000f9c00000, 0x0000000100000000)
  eden space 61952K, 0% used [0x00000000f5580000,0x00000000f5580000,0x00000000f9200000)
  from space 4608K, 30% used [0x00000000f9780000,0x00000000f98e40c0,0x00000000f9c00000)
  to   space 5120K, 0% used [0x00000000f9200000,0x00000000f9200000,0x00000000f9700000)
 ParOldGen       total 38400K, used 4878K [0x00000000e0000000, 0x00000000e2580000, 0x00000000f5580000)
  object space 38400K, 12% used [0x00000000e0000000,0x00000000e04c3a10,0x00000000e2580000)
 Metaspace       used 22256K, capacity 22630K, committed 22832K, reserved 1069056K
  class space    used 3221K, capacity 3339K, committed 3376K, reserved 1048576K
}
Event: 121.075 GC heap before
{Heap before GC invocations=6 (full 1):
 PSYoungGen      total 66560K, used 63376K [0x00000000f5580000, 0x00000000f9c00000, 0x0000000100000000)
  eden space 61952K, 100% used [0x00000000f5580000,0x00000000f9200000,0x00000000f9200000)
  from space 4608K, 30% used [0x00000000f9780000,0x00000000f98e40c0,0x00000000f9c00000)
  to   space 5120K, 0% used [0x00000000f9200000,0x00000000f9200000,0x00000000f9700000)
 ParOldGen       total 38400K, used 4878K [0x00000000e0000000, 0x00000000e2580000, 0x00000000f5580000)
  object space 38400K, 12% used [0x00000000e0000000,0x00000000e04c3a10,0x00000000e2580000)
 Metaspace       used 22550K, capacity 22898K, committed 23216K, reserved 1069056K
  class space    used 3261K, capacity 3405K, committed 3504K, reserved 1048576K
Event: 121.077 GC heap after
Heap after GC invocations=6 (full 1):
 PSYoungGen      total 67072K, used 1898K [0x00000000f5580000, 0x00000000fd880000, 0x0000000100000000)
  eden space 61952K, 0% used [0x00000000f5580000,0x00000000f5580000,0x00000000f9200000)
  from space 5120K, 37% used [0x00000000f9200000,0x00000000f93da860,0x00000000f9700000)
  to   space 7168K, 0% used [0x00000000fd180000,0x00000000fd180000,0x00000000fd880000)
 ParOldGen       total 38400K, used 4878K [0x00000000e0000000, 0x00000000e2580000, 0x00000000f5580000)
  object space 38400K, 12% used [0x00000000e0000000,0x00000000e04c3a10,0x00000000e2580000)
 Metaspace       used 22550K, capacity 22898K, committed 23216K, reserved 1069056K
  class space    used 3261K, capacity 3405K, committed 3504K, reserved 1048576K
}
Event: 145.116 GC heap before
{Heap before GC invocations=7 (full 1):
 PSYoungGen      total 67072K, used 63850K [0x00000000f5580000, 0x00000000fd880000, 0x0000000100000000)
  eden space 61952K, 100% used [0x00000000f5580000,0x00000000f9200000,0x00000000f9200000)
  from space 5120K, 37% used [0x00000000f9200000,0x00000000f93da860,0x00000000f9700000)
  to   space 7168K, 0% used [0x00000000fd180000,0x00000000fd180000,0x00000000fd880000)
 ParOldGen       total 38400K, used 4878K [0x00000000e0000000, 0x00000000e2580000, 0x00000000f5580000)
  object space 38400K, 12% used [0x00000000e0000000,0x00000000e04c3a10,0x00000000e2580000)
 Metaspace       used 22552K, capacity 22898K, committed 23216K, reserved 1069056K
  class space    used 3262K, capacity 3405K, committed 3504K, reserved 1048576K
Event: 145.119 GC heap after
Heap after GC invocations=7 (full 1):
 PSYoungGen      total 123904K, used 2201K [0x00000000f5580000, 0x00000000fd680000, 0x0000000100000000)
  eden space 118784K, 0% used [0x00000000f5580000,0x00000000f5580000,0x00000000fc980000)
  from space 5120K, 42% used [0x00000000fd180000,0x00000000fd3a6630,0x00000000fd680000)
  to   space 6656K, 0% used [0x00000000fc980000,0x00000000fc980000,0x00000000fd000000)
 ParOldGen       total 38400K, used 4878K [0x00000000e0000000, 0x00000000e2580000, 0x00000000f5580000)
  object space 38400K, 12% used [0x00000000e0000000,0x00000000e04c3a10,0x00000000e2580000)
 Metaspace       used 22552K, capacity 22898K, committed 23216K, reserved 1069056K
  class space    used 3262K, capacity 3405K, committed 3504K, reserved 1048576K
}

