# JRE version: OpenJDK Runtime Environment (8.0_222-b10) (build 1.8.0_222-8u222-b10-1ubuntu1~18.04.1-b10)
# Java VM: OpenJDK 64-Bit Server VM (25.222-b10 interpreted mode linux-amd64 compressed oops)
Heap:
 PSYoungGen      total 27136K, used 7937K [0x00000000f5580000, 0x00000000f7680000, 0x0000000100000000)
  eden space 26624K, 28% used [0x00000000f5580000,0x00000000f5d006b0,0x00000000f6f80000)
  from space 512K, 50% used [0x00000000f7000000,0x00000000f7040000,0x00000000f7080000)
  to   space 3584K, 0% used [0x00000000f7300000,0x00000000f7300000,0x00000000f7680000)
 ParOldGen       total 84992K, used 7443K [0x00000000e0000000, 0x00000000e5300000, 0x00000000f5580000)
  object space 84992K, 8% used [0x00000000e0000000,0x00000000e0744e98,0x00000000e5300000)
 Metaspace       used 21756K, capacity 22144K, committed 22272K, reserved 1069056K
  class space    used 3152K, capacity 3290K, committed 3328K, reserved 1048576K
GC Heap History (10 events):
Event: 20.320 GC heap before
{Heap before GC invocations=12 (full 1):
 PSYoungGen      total 31744K, used 30240K [0x00000000f5580000, 0x00000000f7900000, 0x0000000100000000)
  eden space 29184K, 100% used [0x00000000f5580000,0x00000000f7200000,0x00000000f7200000)
  from space 2560K, 41% used [0x00000000f7680000,0x00000000f7788000,0x00000000f7900000)
  to   space 3584K, 0% used [0x00000000f7200000,0x00000000f7200000,0x00000000f7580000)
 ParOldGen       total 84992K, used 5955K [0x00000000e0000000, 0x00000000e5300000, 0x00000000f5580000)
  object space 84992K, 7% used [0x00000000e0000000,0x00000000e05d0df8,0x00000000e5300000)
 Metaspace       used 21496K, capacity 21824K, committed 22016K, reserved 1069056K
  class space    used 3099K, capacity 3226K, committed 3328K, reserved 1048576K
Event: 20.322 GC heap after
Heap after GC invocations=12 (full 1):
 PSYoungGen      total 29696K, used 544K [0x00000000f5580000, 0x00000000f7880000, 0x0000000100000000)
  eden space 28672K, 0% used [0x00000000f5580000,0x00000000f5580000,0x00000000f7180000)
  from space 1024K, 53% used [0x00000000f7200000,0x00000000f7288000,0x00000000f7300000)
  to   space 3584K, 0% used [0x00000000f7500000,0x00000000f7500000,0x00000000f7880000)
 ParOldGen       total 84992K, used 6571K [0x00000000e0000000, 0x00000000e5300000, 0x00000000f5580000)
  object space 84992K, 7% used [0x00000000e0000000,0x00000000e066ae18,0x00000000e5300000)
 Metaspace       used 21496K, capacity 21824K, committed 22016K, reserved 1069056K
  class space    used 3099K, capacity 3226K, committed 3328K, reserved 1048576K
}
Event: 22.042 GC heap before
{Heap before GC invocations=13 (full 1):
 PSYoungGen      total 29696K, used 29216K [0x00000000f5580000, 0x00000000f7880000, 0x0000000100000000)
  eden space 28672K, 100% used [0x00000000f5580000,0x00000000f7180000,0x00000000f7180000)
  from space 1024K, 53% used [0x00000000f7200000,0x00000000f7288000,0x00000000f7300000)
  to   space 3584K, 0% used [0x00000000f7500000,0x00000000f7500000,0x00000000f7880000)
 ParOldGen       total 84992K, used 6571K [0x00000000e0000000, 0x00000000e5300000, 0x00000000f5580000)
  object space 84992K, 7% used [0x00000000e0000000,0x00000000e066ae18,0x00000000e5300000)
 Metaspace       used 21548K, capacity 21888K, committed 22272K, reserved 1069056K
  class space    used 3103K, capacity 3226K, committed 3328K, reserved 1048576K
Event: 22.043 GC heap after
Heap after GC invocations=13 (full 1):
 PSYoungGen      total 31232K, used 288K [0x00000000f5580000, 0x00000000f7800000, 0x0000000100000000)
  eden space 28160K, 0% used [0x00000000f5580000,0x00000000f5580000,0x00000000f7100000)
  from space 3072K, 9% used [0x00000000f7500000,0x00000000f7548000,0x00000000f7800000)
  to   space 3584K, 0% used [0x00000000f7100000,0x00000000f7100000,0x00000000f7480000)
 ParOldGen       total 84992K, used 7011K [0x00000000e0000000, 0x00000000e5300000, 0x00000000f5580000)
  object space 84992K, 8% used [0x00000000e0000000,0x00000000e06d8e18,0x00000000e5300000)
 Metaspace       used 21548K, capacity 21888K, committed 22272K, reserved 1069056K
  class space    used 3103K, capacity 3226K, committed 3328K, reserved 1048576K
}
Event: 24.032 GC heap before
{Heap before GC invocations=14 (full 1):
 PSYoungGen      total 31232K, used 28448K [0x00000000f5580000, 0x00000000f7800000, 0x0000000100000000)
  eden space 28160K, 100% used [0x00000000f5580000,0x00000000f7100000,0x00000000f7100000)
  from space 3072K, 9% used [0x00000000f7500000,0x00000000f7548000,0x00000000f7800000)
  to   space 3584K, 0% used [0x00000000f7100000,0x00000000f7100000,0x00000000f7480000)
 ParOldGen       total 84992K, used 7011K [0x00000000e0000000, 0x00000000e5300000, 0x00000000f5580000)
  object space 84992K, 8% used [0x00000000e0000000,0x00000000e06d8e18,0x00000000e5300000)
 Metaspace       used 21670K, capacity 22048K, committed 22272K, reserved 1069056K
  class space    used 3128K, capacity 3258K, committed 3328K, reserved 1048576K
Event: 24.033 GC heap after
Heap after GC invocations=14 (full 1):
 PSYoungGen      total 28160K, used 465K [0x00000000f5580000, 0x00000000f7780000, 0x0000000100000000)
  eden space 27648K, 0% used [0x00000000f5580000,0x00000000f5580000,0x00000000f7080000)
  from space 512K, 90% used [0x00000000f7100000,0x00000000f71746b8,0x00000000f7180000)
  to   space 3584K, 0% used [0x00000000f7400000,0x00000000f7400000,0x00000000f7780000)
 ParOldGen       total 84992K, used 7139K [0x00000000e0000000, 0x00000000e5300000, 0x00000000f5580000)
  object space 84992K, 8% used [0x00000000e0000000,0x00000000e06f8e28,0x00000000e5300000)
 Metaspace       used 21670K, capacity 22048K, committed 22272K, reserved 1069056K
  class space    used 3128K, capacity 3258K, committed 3328K, reserved 1048576K
}
Event: 25.947 GC heap before
{Heap before GC invocations=15 (full 1):
 PSYoungGen      total 28160K, used 28113K [0x00000000f5580000, 0x00000000f7780000, 0x0000000100000000)
  eden space 27648K, 100% used [0x00000000f5580000,0x00000000f7080000,0x00000000f7080000)
  from space 512K, 90% used [0x00000000f7100000,0x00000000f71746b8,0x00000000f7180000)
  to   space 3584K, 0% used [0x00000000f7400000,0x00000000f7400000,0x00000000f7780000)
 ParOldGen       total 84992K, used 7139K [0x00000000e0000000, 0x00000000e5300000, 0x00000000f5580000)
  object space 84992K, 8% used [0x00000000e0000000,0x00000000e06f8e28,0x00000000e5300000)
 Metaspace       used 21686K, capacity 22048K, committed 22272K, reserved 1069056K
  class space    used 3130K, capacity 3258K, committed 3328K, reserved 1048576K
Event: 25.949 GC heap after
Heap after GC invocations=15 (full 1):
 PSYoungGen      total 30208K, used 256K [0x00000000f5580000, 0x00000000f7700000, 0x0000000100000000)
  eden space 27136K, 0% used [0x00000000f5580000,0x00000000f5580000,0x00000000f7000000)
  from space 3072K, 8% used [0x00000000f7400000,0x00000000f7440000,0x00000000f7700000)
  to   space 3584K, 0% used [0x00000000f7000000,0x00000000f7000000,0x00000000f7380000)
 ParOldGen       total 84992K, used 7395K [0x00000000e0000000, 0x00000000e5300000, 0x00000000f5580000)
  object space 84992K, 8% used [0x00000000e0000000,0x00000000e0738e98,0x00000000e5300000)
 Metaspace       used 21686K, capacity 22048K, committed 22272K, reserved 1069056K
  class space    used 3130K, capacity 3258K, committed 3328K, reserved 1048576K
}
Event: 27.875 GC heap before
{Heap before GC invocations=16 (full 1):
 PSYoungGen      total 30208K, used 27392K [0x00000000f5580000, 0x00000000f7700000, 0x0000000100000000)
  eden space 27136K, 100% used [0x00000000f5580000,0x00000000f7000000,0x00000000f7000000)
  from space 3072K, 8% used [0x00000000f7400000,0x00000000f7440000,0x00000000f7700000)
  to   space 3584K, 0% used [0x00000000f7000000,0x00000000f7000000,0x00000000f7380000)
 ParOldGen       total 84992K, used 7395K [0x00000000e0000000, 0x00000000e5300000, 0x00000000f5580000)
  object space 84992K, 8% used [0x00000000e0000000,0x00000000e0738e98,0x00000000e5300000)
 Metaspace       used 21687K, capacity 22048K, committed 22272K, reserved 1069056K
  class space    used 3130K, capacity 3258K, committed 3328K, reserved 1048576K
Event: 27.876 GC heap after
Heap after GC invocations=16 (full 1):
 PSYoungGen      total 27136K, used 256K [0x00000000f5580000, 0x00000000f7680000, 0x0000000100000000)
  eden space 26624K, 0% used [0x00000000f5580000,0x00000000f5580000,0x00000000f6f80000)
  from space 512K, 50% used [0x00000000f7000000,0x00000000f7040000,0x00000000f7080000)
  to   space 3584K, 0% used [0x00000000f7300000,0x00000000f7300000,0x00000000f7680000)
 ParOldGen       total 84992K, used 7443K [0x00000000e0000000, 0x00000000e5300000, 0x00000000f5580000)
  object space 84992K, 8% used [0x00000000e0000000,0x00000000e0744e98,0x00000000e5300000)
 Metaspace       used 21687K, capacity 22048K, committed 22272K, reserved 1069056K
  class space    used 3130K, capacity 3258K, committed 3328K, reserved 1048576K
}

