# JRE version: OpenJDK Runtime Environment (8.0_222-b10) (build 1.8.0_222-8u222-b10-1ubuntu1~18.04.1-b10)
# Java VM: OpenJDK 64-Bit Server VM (25.222-b10 mixed mode, sharing linux-amd64 compressed oops)
Heap:
 PSYoungGen      total 35840K, used 23760K [0x00000000f5580000, 0x00000000f7e00000, 0x0000000100000000)
  eden space 31232K, 68% used [0x00000000f5580000,0x00000000f6a4c9c0,0x00000000f7400000)
  from space 4608K, 53% used [0x00000000f7980000,0x00000000f7be76c8,0x00000000f7e00000)
  to   space 5120K, 0% used [0x00000000f7400000,0x00000000f7400000,0x00000000f7900000)
 ParOldGen       total 84992K, used 4789K [0x00000000e0000000, 0x00000000e5300000, 0x00000000f5580000)
  object space 84992K, 5% used [0x00000000e0000000,0x00000000e04ad6d0,0x00000000e5300000)
 Metaspace       used 12230K, capacity 12598K, committed 12928K, reserved 1060864K
  class space    used 1668K, capacity 1812K, committed 1920K, reserved 1048576K
GC Heap History (10 events):
Event: 4.002 GC heap before
{Heap before GC invocations=3 (full 1):
 PSYoungGen      total 36864K, used 31744K [0x00000000f5580000, 0x00000000f7e80000, 0x0000000100000000)
  eden space 31744K, 100% used [0x00000000f5580000,0x00000000f7480000,0x00000000f7480000)
  from space 5120K, 0% used [0x00000000f7480000,0x00000000f7480000,0x00000000f7980000)
  to   space 5120K, 0% used [0x00000000f7980000,0x00000000f7980000,0x00000000f7e80000)
 ParOldGen       total 84992K, used 4749K [0x00000000e0000000, 0x00000000e5300000, 0x00000000f5580000)
  object space 84992K, 5% used [0x00000000e0000000,0x00000000e04a36d0,0x00000000e5300000)
 Metaspace       used 9550K, capacity 9784K, committed 9984K, reserved 1058816K
  class space    used 1344K, capacity 1449K, committed 1536K, reserved 1048576K
Event: 4.004 GC heap after
Heap after GC invocations=3 (full 1):
 PSYoungGen      total 36864K, used 832K [0x00000000f5580000, 0x00000000f7e80000, 0x0000000100000000)
  eden space 31744K, 0% used [0x00000000f5580000,0x00000000f5580000,0x00000000f7480000)
  from space 5120K, 16% used [0x00000000f7980000,0x00000000f7a50258,0x00000000f7e80000)
  to   space 5120K, 0% used [0x00000000f7480000,0x00000000f7480000,0x00000000f7980000)
 ParOldGen       total 84992K, used 4757K [0x00000000e0000000, 0x00000000e5300000, 0x00000000f5580000)
  object space 84992K, 5% used [0x00000000e0000000,0x00000000e04a56d0,0x00000000e5300000)
 Metaspace       used 9550K, capacity 9784K, committed 9984K, reserved 1058816K
  class space    used 1344K, capacity 1449K, committed 1536K, reserved 1048576K
}
Event: 4.305 GC heap before
{Heap before GC invocations=4 (full 1):
 PSYoungGen      total 36864K, used 32576K [0x00000000f5580000, 0x00000000f7e80000, 0x0000000100000000)
  eden space 31744K, 100% used [0x00000000f5580000,0x00000000f7480000,0x00000000f7480000)
  from space 5120K, 16% used [0x00000000f7980000,0x00000000f7a50258,0x00000000f7e80000)
  to   space 5120K, 0% used [0x00000000f7480000,0x00000000f7480000,0x00000000f7980000)
 ParOldGen       total 84992K, used 4757K [0x00000000e0000000, 0x00000000e5300000, 0x00000000f5580000)
  object space 84992K, 5% used [0x00000000e0000000,0x00000000e04a56d0,0x00000000e5300000)
 Metaspace       used 9637K, capacity 9912K, committed 10240K, reserved 1058816K
  class space    used 1345K, capacity 1449K, committed 1536K, reserved 1048576K
Event: 4.308 GC heap after
Heap after GC invocations=4 (full 1):
 PSYoungGen      total 36864K, used 661K [0x00000000f5580000, 0x00000000f7e80000, 0x0000000100000000)
  eden space 31744K, 0% used [0x00000000f5580000,0x00000000f5580000,0x00000000f7480000)
  from space 5120K, 12% used [0x00000000f7480000,0x00000000f7525588,0x00000000f7980000)
  to   space 5120K, 0% used [0x00000000f7980000,0x00000000f7980000,0x00000000f7e80000)
 ParOldGen       total 84992K, used 4765K [0x00000000e0000000, 0x00000000e5300000, 0x00000000f5580000)
  object space 84992K, 5% used [0x00000000e0000000,0x00000000e04a76d0,0x00000000e5300000)
 Metaspace       used 9637K, capacity 9912K, committed 10240K, reserved 1058816K
  class space    used 1345K, capacity 1449K, committed 1536K, reserved 1048576K
}
Event: 4.643 GC heap before
{Heap before GC invocations=5 (full 1):
 PSYoungGen      total 36864K, used 32405K [0x00000000f5580000, 0x00000000f7e80000, 0x0000000100000000)
  eden space 31744K, 100% used [0x00000000f5580000,0x00000000f7480000,0x00000000f7480000)
  from space 5120K, 12% used [0x00000000f7480000,0x00000000f7525588,0x00000000f7980000)
  to   space 5120K, 0% used [0x00000000f7980000,0x00000000f7980000,0x00000000f7e80000)
 ParOldGen       total 84992K, used 4765K [0x00000000e0000000, 0x00000000e5300000, 0x00000000f5580000)
  object space 84992K, 5% used [0x00000000e0000000,0x00000000e04a76d0,0x00000000e5300000)
 Metaspace       used 9655K, capacity 9912K, committed 10240K, reserved 1058816K
  class space    used 1345K, capacity 1449K, committed 1536K, reserved 1048576K
Event: 4.643 GC heap after
Heap after GC invocations=5 (full 1):
 PSYoungGen      total 36864K, used 964K [0x00000000f5580000, 0x00000000f7e80000, 0x0000000100000000)
  eden space 31744K, 0% used [0x00000000f5580000,0x00000000f5580000,0x00000000f7480000)
  from space 5120K, 18% used [0x00000000f7980000,0x00000000f7a71320,0x00000000f7e80000)
  to   space 5120K, 0% used [0x00000000f7480000,0x00000000f7480000,0x00000000f7980000)
 ParOldGen       total 84992K, used 4773K [0x00000000e0000000, 0x00000000e5300000, 0x00000000f5580000)
  object space 84992K, 5% used [0x00000000e0000000,0x00000000e04a96d0,0x00000000e5300000)
 Metaspace       used 9655K, capacity 9912K, committed 10240K, reserved 1058816K
  class space    used 1345K, capacity 1449K, committed 1536K, reserved 1048576K
}
Event: 5.421 GC heap before
{Heap before GC invocations=6 (full 1):
 PSYoungGen      total 36864K, used 32708K [0x00000000f5580000, 0x00000000f7e80000, 0x0000000100000000)
  eden space 31744K, 100% used [0x00000000f5580000,0x00000000f7480000,0x00000000f7480000)
  from space 5120K, 18% used [0x00000000f7980000,0x00000000f7a71320,0x00000000f7e80000)
  to   space 5120K, 0% used [0x00000000f7480000,0x00000000f7480000,0x00000000f7980000)
 ParOldGen       total 84992K, used 4773K [0x00000000e0000000, 0x00000000e5300000, 0x00000000f5580000)
  object space 84992K, 5% used [0x00000000e0000000,0x00000000e04a96d0,0x00000000e5300000)
 Metaspace       used 11565K, capacity 11822K, committed 12032K, reserved 1058816K
  class space    used 1627K, capacity 1748K, committed 1792K, reserved 1048576K
Event: 5.423 GC heap after
Heap after GC invocations=6 (full 1):
 PSYoungGen      total 36864K, used 2219K [0x00000000f5580000, 0x00000000f7e80000, 0x0000000100000000)
  eden space 31744K, 0% used [0x00000000f5580000,0x00000000f5580000,0x00000000f7480000)
  from space 5120K, 43% used [0x00000000f7480000,0x00000000f76aaf18,0x00000000f7980000)
  to   space 5120K, 0% used [0x00000000f7980000,0x00000000f7980000,0x00000000f7e80000)
 ParOldGen       total 84992K, used 4781K [0x00000000e0000000, 0x00000000e5300000, 0x00000000f5580000)
  object space 84992K, 5% used [0x00000000e0000000,0x00000000e04ab6d0,0x00000000e5300000)
 Metaspace       used 11565K, capacity 11822K, committed 12032K, reserved 1058816K
  class space    used 1627K, capacity 1748K, committed 1792K, reserved 1048576K
}
Event: 6.505 GC heap before
{Heap before GC invocations=7 (full 1):
 PSYoungGen      total 36864K, used 33963K [0x00000000f5580000, 0x00000000f7e80000, 0x0000000100000000)
  eden space 31744K, 100% used [0x00000000f5580000,0x00000000f7480000,0x00000000f7480000)
  from space 5120K, 43% used [0x00000000f7480000,0x00000000f76aaf18,0x00000000f7980000)
  to   space 5120K, 0% used [0x00000000f7980000,0x00000000f7980000,0x00000000f7e80000)
 ParOldGen       total 84992K, used 4781K [0x00000000e0000000, 0x00000000e5300000, 0x00000000f5580000)
  object space 84992K, 5% used [0x00000000e0000000,0x00000000e04ab6d0,0x00000000e5300000)
 Metaspace       used 11952K, capacity 12310K, committed 12544K, reserved 1060864K
  class space    used 1644K, capacity 1780K, committed 1792K, reserved 1048576K
Event: 6.507 GC heap after
Heap after GC invocations=7 (full 1):
 PSYoungGen      total 35840K, used 2461K [0x00000000f5580000, 0x00000000f7e00000, 0x0000000100000000)
  eden space 31232K, 0% used [0x00000000f5580000,0x00000000f5580000,0x00000000f7400000)
  from space 4608K, 53% used [0x00000000f7980000,0x00000000f7be76c8,0x00000000f7e00000)
  to   space 5120K, 0% used [0x00000000f7400000,0x00000000f7400000,0x00000000f7900000)
 ParOldGen       total 84992K, used 4789K [0x00000000e0000000, 0x00000000e5300000, 0x00000000f5580000)
  object space 84992K, 5% used [0x00000000e0000000,0x00000000e04ad6d0,0x00000000e5300000)
 Metaspace       used 11952K, capacity 12310K, committed 12544K, reserved 1060864K
  class space    used 1644K, capacity 1780K, committed 1792K, reserved 1048576K
}

